mode: set
github.com/kotopesp/sos-kotopes/config/config.go:45.35,85.2 14 0
github.com/kotopesp/sos-kotopes/cmd/main.go:22.13,25.16 2 0
github.com/kotopesp/sos-kotopes/cmd/main.go:25.16,27.3 1 0
github.com/kotopesp/sos-kotopes/cmd/main.go:30.2,30.14 1 0
github.com/kotopesp/sos-kotopes/docs/docs.go:2518.13,2520.2 1 0
github.com/kotopesp/sos-kotopes/internal/app/app.go:38.30,46.16 4 0
github.com/kotopesp/sos-kotopes/internal/app/app.go:46.16,48.3 1 0
github.com/kotopesp/sos-kotopes/internal/app/app.go:49.2,105.16 22 0
github.com/kotopesp/sos-kotopes/internal/app/app.go:105.16,107.3 1 0
github.com/kotopesp/sos-kotopes/internal/app/app.go:110.2,113.9 3 0
github.com/kotopesp/sos-kotopes/internal/app/app.go:114.24,115.59 1 0
github.com/kotopesp/sos-kotopes/internal/app/app.go:116.20,117.9 1 0
github.com/kotopesp/sos-kotopes/internal/app/app.go:121.2,122.16 2 0
github.com/kotopesp/sos-kotopes/internal/app/app.go:122.16,124.3 1 0
github.com/kotopesp/sos-kotopes/internal/controller/http/model/errors.go:10.71,16.3 1 0
github.com/kotopesp/sos-kotopes/internal/controller/http/model/response.go:17.36,22.2 1 0
github.com/kotopesp/sos-kotopes/internal/controller/http/model/response.go:24.39,29.2 1 0
github.com/kotopesp/sos-kotopes/internal/controller/http/model/comment/converter.go:9.48,15.2 1 0
github.com/kotopesp/sos-kotopes/internal/controller/http/model/comment/converter.go:17.47,21.2 1 0
github.com/kotopesp/sos-kotopes/internal/controller/http/model/comment/converter.go:23.47,29.2 1 0
github.com/kotopesp/sos-kotopes/internal/controller/http/model/comment/converter.go:31.45,32.17 1 0
github.com/kotopesp/sos-kotopes/internal/controller/http/model/comment/converter.go:32.17,34.3 1 0
github.com/kotopesp/sos-kotopes/internal/controller/http/model/comment/converter.go:36.2,47.3 1 0
github.com/kotopesp/sos-kotopes/internal/controller/http/model/comment/converter.go:50.55,52.28 2 0
github.com/kotopesp/sos-kotopes/internal/controller/http/model/comment/converter.go:52.28,54.3 1 0
github.com/kotopesp/sos-kotopes/internal/controller/http/model/comment/converter.go:55.2,55.27 1 0
github.com/kotopesp/sos-kotopes/internal/controller/http/model/comment/converter.go:58.102,64.2 1 0
github.com/kotopesp/sos-kotopes/internal/controller/http/model/comment/converter.go:66.92,71.2 1 0
github.com/kotopesp/sos-kotopes/internal/controller/http/model/validator/validator.go:26.42,28.2 1 0
github.com/kotopesp/sos-kotopes/internal/controller/http/model/validator/validator_impl.go:19.85,20.94 1 0
github.com/kotopesp/sos-kotopes/internal/controller/http/model/validator/validator_impl.go:20.94,22.3 1 0
github.com/kotopesp/sos-kotopes/internal/controller/http/model/validator/validator_impl.go:23.2,23.16 1 0
github.com/kotopesp/sos-kotopes/internal/controller/http/model/validator/validator_impl.go:23.16,25.3 1 0
github.com/kotopesp/sos-kotopes/internal/controller/http/model/validator/validator_impl.go:26.2,26.97 1 0
github.com/kotopesp/sos-kotopes/internal/controller/http/model/validator/validator_impl.go:26.97,28.3 1 0
github.com/kotopesp/sos-kotopes/internal/controller/http/model/validator/validator_impl.go:29.2,29.16 1 0
github.com/kotopesp/sos-kotopes/internal/controller/http/model/validator/validator_impl.go:29.16,31.3 1 0
github.com/kotopesp/sos-kotopes/internal/controller/http/model/validator/validator_impl.go:32.2,32.90 1 0
github.com/kotopesp/sos-kotopes/internal/controller/http/model/validator/validator_impl.go:32.90,34.3 1 0
github.com/kotopesp/sos-kotopes/internal/controller/http/model/validator/validator_impl.go:35.2,35.16 1 0
github.com/kotopesp/sos-kotopes/internal/controller/http/model/validator/validator_impl.go:35.16,37.3 1 0
github.com/kotopesp/sos-kotopes/internal/controller/http/model/validator/validator_impl.go:40.86,46.2 3 0
github.com/kotopesp/sos-kotopes/internal/controller/http/model/validator/validator_impl.go:48.68,53.17 3 0
github.com/kotopesp/sos-kotopes/internal/controller/http/model/validator/validator_impl.go:53.17,56.10 3 0
github.com/kotopesp/sos-kotopes/internal/controller/http/model/validator/validator_impl.go:56.10,58.4 1 0
github.com/kotopesp/sos-kotopes/internal/controller/http/model/validator/validator_impl.go:59.3,59.43 1 0
github.com/kotopesp/sos-kotopes/internal/controller/http/model/validator/validator_impl.go:59.43,68.4 6 0
github.com/kotopesp/sos-kotopes/internal/controller/http/model/validator/validator_impl.go:70.2,70.25 1 0
github.com/kotopesp/sos-kotopes/internal/controller/http/model/post/converter.go:9.82,10.14 1 0
github.com/kotopesp/sos-kotopes/internal/controller/http/model/post/converter.go:10.14,12.3 1 0
github.com/kotopesp/sos-kotopes/internal/controller/http/model/post/converter.go:14.2,34.3 3 0
github.com/kotopesp/sos-kotopes/internal/controller/http/model/post/converter.go:37.80,38.14 1 0
github.com/kotopesp/sos-kotopes/internal/controller/http/model/post/converter.go:38.14,40.3 1 0
github.com/kotopesp/sos-kotopes/internal/controller/http/model/post/converter.go:42.2,52.3 1 0
github.com/kotopesp/sos-kotopes/internal/controller/http/model/post/converter.go:56.80,59.29 2 0
github.com/kotopesp/sos-kotopes/internal/controller/http/model/post/converter.go:59.29,61.3 1 0
github.com/kotopesp/sos-kotopes/internal/controller/http/model/post/converter.go:63.2,66.3 1 0
github.com/kotopesp/sos-kotopes/internal/controller/http/model/post/converter.go:70.57,86.2 1 0
github.com/kotopesp/sos-kotopes/internal/controller/http/model/post/converter.go:89.65,94.2 1 0
github.com/kotopesp/sos-kotopes/internal/controller/http/model/post/converter.go:97.78,98.14 1 0
github.com/kotopesp/sos-kotopes/internal/controller/http/model/post/converter.go:98.14,100.3 1 0
github.com/kotopesp/sos-kotopes/internal/controller/http/model/post/converter.go:101.2,108.3 1 0
github.com/kotopesp/sos-kotopes/internal/controller/http/model/user/converter.go:5.39,14.2 1 0
github.com/kotopesp/sos-kotopes/internal/controller/http/model/user/converter.go:15.57,16.14 1 0
github.com/kotopesp/sos-kotopes/internal/controller/http/model/user/converter.go:16.14,18.3 1 0
github.com/kotopesp/sos-kotopes/internal/controller/http/model/user/converter.go:19.2,26.3 1 0
github.com/kotopesp/sos-kotopes/internal/controller/http/model/user/converter.go:29.40,34.2 1 0
github.com/kotopesp/sos-kotopes/internal/controller/http/model/user/converter.go:36.51,37.17 1 0
github.com/kotopesp/sos-kotopes/internal/controller/http/model/user/converter.go:37.17,39.3 1 0
github.com/kotopesp/sos-kotopes/internal/controller/http/model/user/converter.go:40.2,47.3 1 0
github.com/kotopesp/sos-kotopes/internal/core/animal.go:38.34,40.2 1 0
github.com/kotopesp/sos-kotopes/internal/core/auth.go:55.42,57.2 1 0
github.com/kotopesp/sos-kotopes/internal/core/comment.go:53.35,55.2 1 0
github.com/kotopesp/sos-kotopes/internal/core/post.go:77.32,79.2 1 0
github.com/kotopesp/sos-kotopes/internal/core/postfavourite.go:29.41,31.2 1 0
github.com/kotopesp/sos-kotopes/internal/core/user.go:63.32,65.2 1 0
github.com/kotopesp/sos-kotopes/internal/core/user.go:67.40,69.2 1 0
github.com/kotopesp/sos-kotopes/internal/core/userfavourite.go:30.41,32.2 1 0
github.com/kotopesp/sos-kotopes/internal/controller/http/model/role/converter.go:5.49,6.24 1 0
github.com/kotopesp/sos-kotopes/internal/controller/http/model/role/converter.go:6.24,8.3 1 0
github.com/kotopesp/sos-kotopes/internal/controller/http/model/role/converter.go:9.2,16.3 1 0
github.com/kotopesp/sos-kotopes/internal/controller/http/model/role/converter.go:19.54,20.14 1 0
github.com/kotopesp/sos-kotopes/internal/controller/http/model/role/converter.go:20.14,22.3 1 0
github.com/kotopesp/sos-kotopes/internal/controller/http/model/role/converter.go:23.2,26.3 1 0
github.com/kotopesp/sos-kotopes/internal/controller/http/model/role/converter.go:29.57,30.14 1 0
github.com/kotopesp/sos-kotopes/internal/controller/http/model/role/converter.go:30.14,32.3 1 0
github.com/kotopesp/sos-kotopes/internal/controller/http/model/role/converter.go:33.2,36.3 1 0
github.com/kotopesp/sos-kotopes/internal/core/mocks/AuthService.go:20.97,23.19 2 0
github.com/kotopesp/sos-kotopes/internal/core/mocks/AuthService.go:23.19,24.53 1 0
github.com/kotopesp/sos-kotopes/internal/core/mocks/AuthService.go:27.2,30.88 4 0
github.com/kotopesp/sos-kotopes/internal/core/mocks/AuthService.go:30.88,32.3 1 0
github.com/kotopesp/sos-kotopes/internal/core/mocks/AuthService.go:33.2,33.70 1 0
github.com/kotopesp/sos-kotopes/internal/core/mocks/AuthService.go:33.70,35.3 1 0
github.com/kotopesp/sos-kotopes/internal/core/mocks/AuthService.go:35.8,36.24 1 0
github.com/kotopesp/sos-kotopes/internal/core/mocks/AuthService.go:36.24,38.4 1 0
github.com/kotopesp/sos-kotopes/internal/core/mocks/AuthService.go:41.2,41.70 1 0
github.com/kotopesp/sos-kotopes/internal/core/mocks/AuthService.go:41.70,43.3 1 0
github.com/kotopesp/sos-kotopes/internal/core/mocks/AuthService.go:43.8,44.24 1 0
github.com/kotopesp/sos-kotopes/internal/core/mocks/AuthService.go:44.24,46.4 1 0
github.com/kotopesp/sos-kotopes/internal/core/mocks/AuthService.go:49.2,49.68 1 0
github.com/kotopesp/sos-kotopes/internal/core/mocks/AuthService.go:49.68,51.3 1 0
github.com/kotopesp/sos-kotopes/internal/core/mocks/AuthService.go:51.8,53.3 1 0
github.com/kotopesp/sos-kotopes/internal/core/mocks/AuthService.go:55.2,55.19 1 0
github.com/kotopesp/sos-kotopes/internal/core/mocks/AuthService.go:59.50,62.19 2 0
github.com/kotopesp/sos-kotopes/internal/core/mocks/AuthService.go:62.19,63.50 1 0
github.com/kotopesp/sos-kotopes/internal/core/mocks/AuthService.go:66.2,67.54 2 0
github.com/kotopesp/sos-kotopes/internal/core/mocks/AuthService.go:67.54,69.3 1 0
github.com/kotopesp/sos-kotopes/internal/core/mocks/AuthService.go:69.8,70.24 1 0
github.com/kotopesp/sos-kotopes/internal/core/mocks/AuthService.go:70.24,72.4 1 0
github.com/kotopesp/sos-kotopes/internal/core/mocks/AuthService.go:75.2,75.11 1 0
github.com/kotopesp/sos-kotopes/internal/core/mocks/AuthService.go:79.46,82.19 2 0
github.com/kotopesp/sos-kotopes/internal/core/mocks/AuthService.go:82.19,83.54 1 0
github.com/kotopesp/sos-kotopes/internal/core/mocks/AuthService.go:86.2,87.46 2 0
github.com/kotopesp/sos-kotopes/internal/core/mocks/AuthService.go:87.46,89.3 1 0
github.com/kotopesp/sos-kotopes/internal/core/mocks/AuthService.go:89.8,90.24 1 0
github.com/kotopesp/sos-kotopes/internal/core/mocks/AuthService.go:90.24,92.4 1 0
github.com/kotopesp/sos-kotopes/internal/core/mocks/AuthService.go:95.2,95.11 1 0
github.com/kotopesp/sos-kotopes/internal/core/mocks/AuthService.go:99.98,102.19 2 0
github.com/kotopesp/sos-kotopes/internal/core/mocks/AuthService.go:102.19,103.52 1 0
github.com/kotopesp/sos-kotopes/internal/core/mocks/AuthService.go:106.2,109.91 4 0
github.com/kotopesp/sos-kotopes/internal/core/mocks/AuthService.go:109.91,111.3 1 0
github.com/kotopesp/sos-kotopes/internal/core/mocks/AuthService.go:112.2,112.73 1 0
github.com/kotopesp/sos-kotopes/internal/core/mocks/AuthService.go:112.73,114.3 1 0
github.com/kotopesp/sos-kotopes/internal/core/mocks/AuthService.go:114.8,115.24 1 0
github.com/kotopesp/sos-kotopes/internal/core/mocks/AuthService.go:115.24,117.4 1 0
github.com/kotopesp/sos-kotopes/internal/core/mocks/AuthService.go:120.2,120.73 1 0
github.com/kotopesp/sos-kotopes/internal/core/mocks/AuthService.go:120.73,122.3 1 0
github.com/kotopesp/sos-kotopes/internal/core/mocks/AuthService.go:122.8,123.24 1 0
github.com/kotopesp/sos-kotopes/internal/core/mocks/AuthService.go:123.24,125.4 1 0
github.com/kotopesp/sos-kotopes/internal/core/mocks/AuthService.go:128.2,128.71 1 0
github.com/kotopesp/sos-kotopes/internal/core/mocks/AuthService.go:128.71,130.3 1 0
github.com/kotopesp/sos-kotopes/internal/core/mocks/AuthService.go:130.8,132.3 1 0
github.com/kotopesp/sos-kotopes/internal/core/mocks/AuthService.go:134.2,134.19 1 0
github.com/kotopesp/sos-kotopes/internal/core/mocks/AuthService.go:138.115,141.19 2 0
github.com/kotopesp/sos-kotopes/internal/core/mocks/AuthService.go:141.19,142.49 1 0
github.com/kotopesp/sos-kotopes/internal/core/mocks/AuthService.go:145.2,148.101 4 0
github.com/kotopesp/sos-kotopes/internal/core/mocks/AuthService.go:148.101,150.3 1 0
github.com/kotopesp/sos-kotopes/internal/core/mocks/AuthService.go:151.2,151.83 1 0
github.com/kotopesp/sos-kotopes/internal/core/mocks/AuthService.go:151.83,153.3 1 0
github.com/kotopesp/sos-kotopes/internal/core/mocks/AuthService.go:153.8,154.24 1 0
github.com/kotopesp/sos-kotopes/internal/core/mocks/AuthService.go:154.24,156.4 1 0
github.com/kotopesp/sos-kotopes/internal/core/mocks/AuthService.go:159.2,159.83 1 0
github.com/kotopesp/sos-kotopes/internal/core/mocks/AuthService.go:159.83,161.3 1 0
github.com/kotopesp/sos-kotopes/internal/core/mocks/AuthService.go:161.8,162.24 1 0
github.com/kotopesp/sos-kotopes/internal/core/mocks/AuthService.go:162.24,164.4 1 0
github.com/kotopesp/sos-kotopes/internal/core/mocks/AuthService.go:167.2,167.81 1 0
github.com/kotopesp/sos-kotopes/internal/core/mocks/AuthService.go:167.81,169.3 1 0
github.com/kotopesp/sos-kotopes/internal/core/mocks/AuthService.go:169.8,171.3 1 0
github.com/kotopesp/sos-kotopes/internal/core/mocks/AuthService.go:173.2,173.19 1 0
github.com/kotopesp/sos-kotopes/internal/core/mocks/AuthService.go:177.79,180.19 2 0
github.com/kotopesp/sos-kotopes/internal/core/mocks/AuthService.go:180.19,181.53 1 0
github.com/kotopesp/sos-kotopes/internal/core/mocks/AuthService.go:184.2,185.71 2 0
github.com/kotopesp/sos-kotopes/internal/core/mocks/AuthService.go:185.71,187.3 1 0
github.com/kotopesp/sos-kotopes/internal/core/mocks/AuthService.go:187.8,189.3 1 0
github.com/kotopesp/sos-kotopes/internal/core/mocks/AuthService.go:191.2,191.11 1 0
github.com/kotopesp/sos-kotopes/internal/core/mocks/AuthService.go:199.17,203.19 3 0
github.com/kotopesp/sos-kotopes/internal/core/mocks/AuthService.go:203.19,203.49 1 0
github.com/kotopesp/sos-kotopes/internal/core/mocks/AuthService.go:205.2,205.13 1 0
github.com/kotopesp/sos-kotopes/internal/core/mocks/CommentService.go:18.106,23.90 4 0
github.com/kotopesp/sos-kotopes/internal/core/mocks/CommentService.go:23.90,25.3 1 0
github.com/kotopesp/sos-kotopes/internal/core/mocks/CommentService.go:26.2,26.81 1 0
github.com/kotopesp/sos-kotopes/internal/core/mocks/CommentService.go:26.81,28.3 1 0
github.com/kotopesp/sos-kotopes/internal/core/mocks/CommentService.go:28.8,30.3 1 0
github.com/kotopesp/sos-kotopes/internal/core/mocks/CommentService.go:32.2,32.74 1 0
github.com/kotopesp/sos-kotopes/internal/core/mocks/CommentService.go:32.74,34.3 1 0
github.com/kotopesp/sos-kotopes/internal/core/mocks/CommentService.go:34.8,36.3 1 0
github.com/kotopesp/sos-kotopes/internal/core/mocks/CommentService.go:38.2,38.15 1 0
github.com/kotopesp/sos-kotopes/internal/core/mocks/CommentService.go:42.91,46.74 3 0
github.com/kotopesp/sos-kotopes/internal/core/mocks/CommentService.go:46.74,48.3 1 0
github.com/kotopesp/sos-kotopes/internal/core/mocks/CommentService.go:48.8,50.3 1 0
github.com/kotopesp/sos-kotopes/internal/core/mocks/CommentService.go:52.2,52.11 1 0
github.com/kotopesp/sos-kotopes/internal/core/mocks/CommentService.go:56.126,62.110 5 0
github.com/kotopesp/sos-kotopes/internal/core/mocks/CommentService.go:62.110,64.3 1 0
github.com/kotopesp/sos-kotopes/internal/core/mocks/CommentService.go:65.2,65.96 1 0
github.com/kotopesp/sos-kotopes/internal/core/mocks/CommentService.go:65.96,67.3 1 0
github.com/kotopesp/sos-kotopes/internal/core/mocks/CommentService.go:67.8,68.24 1 0
github.com/kotopesp/sos-kotopes/internal/core/mocks/CommentService.go:68.24,70.4 1 0
github.com/kotopesp/sos-kotopes/internal/core/mocks/CommentService.go:73.2,73.85 1 0
github.com/kotopesp/sos-kotopes/internal/core/mocks/CommentService.go:73.85,75.3 1 0
github.com/kotopesp/sos-kotopes/internal/core/mocks/CommentService.go:75.8,77.3 1 0
github.com/kotopesp/sos-kotopes/internal/core/mocks/CommentService.go:79.2,79.87 1 0
github.com/kotopesp/sos-kotopes/internal/core/mocks/CommentService.go:79.87,81.3 1 0
github.com/kotopesp/sos-kotopes/internal/core/mocks/CommentService.go:81.8,83.3 1 0
github.com/kotopesp/sos-kotopes/internal/core/mocks/CommentService.go:85.2,85.19 1 0
github.com/kotopesp/sos-kotopes/internal/core/mocks/CommentService.go:89.107,94.90 4 0
github.com/kotopesp/sos-kotopes/internal/core/mocks/CommentService.go:94.90,96.3 1 0
github.com/kotopesp/sos-kotopes/internal/core/mocks/CommentService.go:97.2,97.81 1 0
github.com/kotopesp/sos-kotopes/internal/core/mocks/CommentService.go:97.81,99.3 1 0
github.com/kotopesp/sos-kotopes/internal/core/mocks/CommentService.go:99.8,101.3 1 0
github.com/kotopesp/sos-kotopes/internal/core/mocks/CommentService.go:103.2,103.74 1 0
github.com/kotopesp/sos-kotopes/internal/core/mocks/CommentService.go:103.74,105.3 1 0
github.com/kotopesp/sos-kotopes/internal/core/mocks/CommentService.go:105.8,107.3 1 0
github.com/kotopesp/sos-kotopes/internal/core/mocks/CommentService.go:109.2,109.15 1 0
github.com/kotopesp/sos-kotopes/internal/core/mocks/CommentService.go:118.84,122.19 3 0
github.com/kotopesp/sos-kotopes/internal/core/mocks/CommentService.go:122.19,122.49 1 0
github.com/kotopesp/sos-kotopes/internal/core/mocks/CommentService.go:124.2,124.13 1 0
github.com/kotopesp/sos-kotopes/internal/core/mocks/PostService.go:20.101,23.19 2 0
github.com/kotopesp/sos-kotopes/internal/core/mocks/PostService.go:23.19,24.57 1 0
github.com/kotopesp/sos-kotopes/internal/core/mocks/PostService.go:27.2,28.80 2 0
github.com/kotopesp/sos-kotopes/internal/core/mocks/PostService.go:28.80,30.3 1 0
github.com/kotopesp/sos-kotopes/internal/core/mocks/PostService.go:30.8,32.3 1 0
github.com/kotopesp/sos-kotopes/internal/core/mocks/PostService.go:34.2,34.11 1 0
github.com/kotopesp/sos-kotopes/internal/core/mocks/PostService.go:38.146,41.19 2 0
github.com/kotopesp/sos-kotopes/internal/core/mocks/PostService.go:41.19,42.52 1 0
github.com/kotopesp/sos-kotopes/internal/core/mocks/PostService.go:45.2,47.121 3 0
github.com/kotopesp/sos-kotopes/internal/core/mocks/PostService.go:47.121,49.3 1 0
github.com/kotopesp/sos-kotopes/internal/core/mocks/PostService.go:50.2,50.112 1 0
github.com/kotopesp/sos-kotopes/internal/core/mocks/PostService.go:50.112,52.3 1 0
github.com/kotopesp/sos-kotopes/internal/core/mocks/PostService.go:52.8,54.3 1 0
github.com/kotopesp/sos-kotopes/internal/core/mocks/PostService.go:56.2,56.101 1 0
github.com/kotopesp/sos-kotopes/internal/core/mocks/PostService.go:56.101,58.3 1 0
github.com/kotopesp/sos-kotopes/internal/core/mocks/PostService.go:58.8,60.3 1 0
github.com/kotopesp/sos-kotopes/internal/core/mocks/PostService.go:62.2,62.15 1 0
github.com/kotopesp/sos-kotopes/internal/core/mocks/PostService.go:66.96,69.19 2 0
github.com/kotopesp/sos-kotopes/internal/core/mocks/PostService.go:69.19,70.62 1 0
github.com/kotopesp/sos-kotopes/internal/core/mocks/PostService.go:73.2,74.70 2 0
github.com/kotopesp/sos-kotopes/internal/core/mocks/PostService.go:74.70,76.3 1 0
github.com/kotopesp/sos-kotopes/internal/core/mocks/PostService.go:76.8,78.3 1 0
github.com/kotopesp/sos-kotopes/internal/core/mocks/PostService.go:80.2,80.11 1 0
github.com/kotopesp/sos-kotopes/internal/core/mocks/PostService.go:84.78,87.19 2 0
github.com/kotopesp/sos-kotopes/internal/core/mocks/PostService.go:87.19,88.52 1 0
github.com/kotopesp/sos-kotopes/internal/core/mocks/PostService.go:91.2,92.71 2 0
github.com/kotopesp/sos-kotopes/internal/core/mocks/PostService.go:92.71,94.3 1 0
github.com/kotopesp/sos-kotopes/internal/core/mocks/PostService.go:94.8,96.3 1 0
github.com/kotopesp/sos-kotopes/internal/core/mocks/PostService.go:98.2,98.11 1 0
github.com/kotopesp/sos-kotopes/internal/core/mocks/PostService.go:102.121,105.19 2 0
github.com/kotopesp/sos-kotopes/internal/core/mocks/PostService.go:105.19,106.53 1 0
github.com/kotopesp/sos-kotopes/internal/core/mocks/PostService.go:109.2,112.111 4 0
github.com/kotopesp/sos-kotopes/internal/core/mocks/PostService.go:112.111,114.3 1 0
github.com/kotopesp/sos-kotopes/internal/core/mocks/PostService.go:115.2,115.97 1 0
github.com/kotopesp/sos-kotopes/internal/core/mocks/PostService.go:115.97,117.3 1 0
github.com/kotopesp/sos-kotopes/internal/core/mocks/PostService.go:117.8,118.24 1 0
github.com/kotopesp/sos-kotopes/internal/core/mocks/PostService.go:118.24,120.4 1 0
github.com/kotopesp/sos-kotopes/internal/core/mocks/PostService.go:123.2,123.82 1 0
github.com/kotopesp/sos-kotopes/internal/core/mocks/PostService.go:123.82,125.3 1 0
github.com/kotopesp/sos-kotopes/internal/core/mocks/PostService.go:125.8,127.3 1 0
github.com/kotopesp/sos-kotopes/internal/core/mocks/PostService.go:129.2,129.84 1 0
github.com/kotopesp/sos-kotopes/internal/core/mocks/PostService.go:129.84,131.3 1 0
github.com/kotopesp/sos-kotopes/internal/core/mocks/PostService.go:131.8,133.3 1 0
github.com/kotopesp/sos-kotopes/internal/core/mocks/PostService.go:135.2,135.19 1 0
github.com/kotopesp/sos-kotopes/internal/core/mocks/PostService.go:139.108,142.19 2 0
github.com/kotopesp/sos-kotopes/internal/core/mocks/PostService.go:142.19,143.59 1 0
github.com/kotopesp/sos-kotopes/internal/core/mocks/PostService.go:146.2,149.92 4 0
github.com/kotopesp/sos-kotopes/internal/core/mocks/PostService.go:149.92,151.3 1 0
github.com/kotopesp/sos-kotopes/internal/core/mocks/PostService.go:152.2,152.78 1 0
github.com/kotopesp/sos-kotopes/internal/core/mocks/PostService.go:152.78,154.3 1 0
github.com/kotopesp/sos-kotopes/internal/core/mocks/PostService.go:154.8,155.24 1 0
github.com/kotopesp/sos-kotopes/internal/core/mocks/PostService.go:155.24,157.4 1 0
github.com/kotopesp/sos-kotopes/internal/core/mocks/PostService.go:160.2,160.63 1 0
github.com/kotopesp/sos-kotopes/internal/core/mocks/PostService.go:160.63,162.3 1 0
github.com/kotopesp/sos-kotopes/internal/core/mocks/PostService.go:162.8,164.3 1 0
github.com/kotopesp/sos-kotopes/internal/core/mocks/PostService.go:166.2,166.65 1 0
github.com/kotopesp/sos-kotopes/internal/core/mocks/PostService.go:166.65,168.3 1 0
github.com/kotopesp/sos-kotopes/internal/core/mocks/PostService.go:168.8,170.3 1 0
github.com/kotopesp/sos-kotopes/internal/core/mocks/PostService.go:172.2,172.19 1 0
github.com/kotopesp/sos-kotopes/internal/core/mocks/PostService.go:176.91,179.19 2 0
github.com/kotopesp/sos-kotopes/internal/core/mocks/PostService.go:179.19,180.53 1 0
github.com/kotopesp/sos-kotopes/internal/core/mocks/PostService.go:183.2,185.85 3 0
github.com/kotopesp/sos-kotopes/internal/core/mocks/PostService.go:185.85,187.3 1 0
github.com/kotopesp/sos-kotopes/internal/core/mocks/PostService.go:188.2,188.76 1 0
github.com/kotopesp/sos-kotopes/internal/core/mocks/PostService.go:188.76,190.3 1 0
github.com/kotopesp/sos-kotopes/internal/core/mocks/PostService.go:190.8,192.3 1 0
github.com/kotopesp/sos-kotopes/internal/core/mocks/PostService.go:194.2,194.65 1 0
github.com/kotopesp/sos-kotopes/internal/core/mocks/PostService.go:194.65,196.3 1 0
github.com/kotopesp/sos-kotopes/internal/core/mocks/PostService.go:196.8,198.3 1 0
github.com/kotopesp/sos-kotopes/internal/core/mocks/PostService.go:200.2,200.15 1 0
github.com/kotopesp/sos-kotopes/internal/core/mocks/PostService.go:204.99,207.19 2 0
github.com/kotopesp/sos-kotopes/internal/core/mocks/PostService.go:207.19,208.54 1 0
github.com/kotopesp/sos-kotopes/internal/core/mocks/PostService.go:211.2,214.92 4 0
github.com/kotopesp/sos-kotopes/internal/core/mocks/PostService.go:214.92,216.3 1 0
github.com/kotopesp/sos-kotopes/internal/core/mocks/PostService.go:217.2,217.78 1 0
github.com/kotopesp/sos-kotopes/internal/core/mocks/PostService.go:217.78,219.3 1 0
github.com/kotopesp/sos-kotopes/internal/core/mocks/PostService.go:219.8,220.24 1 0
github.com/kotopesp/sos-kotopes/internal/core/mocks/PostService.go:220.24,222.4 1 0
github.com/kotopesp/sos-kotopes/internal/core/mocks/PostService.go:225.2,225.63 1 0
github.com/kotopesp/sos-kotopes/internal/core/mocks/PostService.go:225.63,227.3 1 0
github.com/kotopesp/sos-kotopes/internal/core/mocks/PostService.go:227.8,229.3 1 0
github.com/kotopesp/sos-kotopes/internal/core/mocks/PostService.go:231.2,231.65 1 0
github.com/kotopesp/sos-kotopes/internal/core/mocks/PostService.go:231.65,233.3 1 0
github.com/kotopesp/sos-kotopes/internal/core/mocks/PostService.go:233.8,235.3 1 0
github.com/kotopesp/sos-kotopes/internal/core/mocks/PostService.go:237.2,237.19 1 0
github.com/kotopesp/sos-kotopes/internal/core/mocks/PostService.go:241.128,244.19 2 0
github.com/kotopesp/sos-kotopes/internal/core/mocks/PostService.go:244.19,245.52 1 0
github.com/kotopesp/sos-kotopes/internal/core/mocks/PostService.go:248.2,250.108 3 0
github.com/kotopesp/sos-kotopes/internal/core/mocks/PostService.go:250.108,252.3 1 0
github.com/kotopesp/sos-kotopes/internal/core/mocks/PostService.go:253.2,253.99 1 0
github.com/kotopesp/sos-kotopes/internal/core/mocks/PostService.go:253.99,255.3 1 0
github.com/kotopesp/sos-kotopes/internal/core/mocks/PostService.go:255.8,257.3 1 0
github.com/kotopesp/sos-kotopes/internal/core/mocks/PostService.go:259.2,259.88 1 0
github.com/kotopesp/sos-kotopes/internal/core/mocks/PostService.go:259.88,261.3 1 0
github.com/kotopesp/sos-kotopes/internal/core/mocks/PostService.go:261.8,263.3 1 0
github.com/kotopesp/sos-kotopes/internal/core/mocks/PostService.go:265.2,265.15 1 0
github.com/kotopesp/sos-kotopes/internal/core/mocks/PostService.go:273.17,277.19 3 0
github.com/kotopesp/sos-kotopes/internal/core/mocks/PostService.go:277.19,277.49 1 0
github.com/kotopesp/sos-kotopes/internal/core/mocks/PostService.go:279.2,279.13 1 0
github.com/kotopesp/sos-kotopes/internal/core/mocks/RefreshSessionStore.go:18.94,21.19 2 0
github.com/kotopesp/sos-kotopes/internal/core/mocks/RefreshSessionStore.go:21.19,22.64 1 0
github.com/kotopesp/sos-kotopes/internal/core/mocks/RefreshSessionStore.go:25.2,26.65 2 0
github.com/kotopesp/sos-kotopes/internal/core/mocks/RefreshSessionStore.go:26.65,28.3 1 0
github.com/kotopesp/sos-kotopes/internal/core/mocks/RefreshSessionStore.go:28.8,30.3 1 0
github.com/kotopesp/sos-kotopes/internal/core/mocks/RefreshSessionStore.go:32.2,32.11 1 0
github.com/kotopesp/sos-kotopes/internal/core/mocks/RefreshSessionStore.go:36.121,39.19 2 0
github.com/kotopesp/sos-kotopes/internal/core/mocks/RefreshSessionStore.go:39.19,40.66 1 0
github.com/kotopesp/sos-kotopes/internal/core/mocks/RefreshSessionStore.go:43.2,45.91 3 0
github.com/kotopesp/sos-kotopes/internal/core/mocks/RefreshSessionStore.go:45.91,47.3 1 0
github.com/kotopesp/sos-kotopes/internal/core/mocks/RefreshSessionStore.go:48.2,48.82 1 0
github.com/kotopesp/sos-kotopes/internal/core/mocks/RefreshSessionStore.go:48.82,50.3 1 0
github.com/kotopesp/sos-kotopes/internal/core/mocks/RefreshSessionStore.go:50.8,52.3 1 0
github.com/kotopesp/sos-kotopes/internal/core/mocks/RefreshSessionStore.go:54.2,54.68 1 0
github.com/kotopesp/sos-kotopes/internal/core/mocks/RefreshSessionStore.go:54.68,56.3 1 0
github.com/kotopesp/sos-kotopes/internal/core/mocks/RefreshSessionStore.go:56.8,58.3 1 0
github.com/kotopesp/sos-kotopes/internal/core/mocks/RefreshSessionStore.go:60.2,60.15 1 0
github.com/kotopesp/sos-kotopes/internal/core/mocks/RefreshSessionStore.go:64.154,67.19 2 0
github.com/kotopesp/sos-kotopes/internal/core/mocks/RefreshSessionStore.go:67.19,68.62 1 0
github.com/kotopesp/sos-kotopes/internal/core/mocks/RefreshSessionStore.go:71.2,72.113 2 0
github.com/kotopesp/sos-kotopes/internal/core/mocks/RefreshSessionStore.go:72.113,74.3 1 0
github.com/kotopesp/sos-kotopes/internal/core/mocks/RefreshSessionStore.go:74.8,76.3 1 0
github.com/kotopesp/sos-kotopes/internal/core/mocks/RefreshSessionStore.go:78.2,78.11 1 0
github.com/kotopesp/sos-kotopes/internal/core/mocks/RefreshSessionStore.go:86.25,90.19 3 0
github.com/kotopesp/sos-kotopes/internal/core/mocks/RefreshSessionStore.go:90.19,90.49 1 0
github.com/kotopesp/sos-kotopes/internal/core/mocks/RefreshSessionStore.go:92.2,92.13 1 0
github.com/kotopesp/sos-kotopes/internal/core/mocks/RoleService.go:18.87,21.19 2 0
github.com/kotopesp/sos-kotopes/internal/core/mocks/RoleService.go:21.19,22.56 1 0
github.com/kotopesp/sos-kotopes/internal/core/mocks/RoleService.go:25.2,26.73 2 0
github.com/kotopesp/sos-kotopes/internal/core/mocks/RoleService.go:26.73,28.3 1 0
github.com/kotopesp/sos-kotopes/internal/core/mocks/RoleService.go:28.8,30.3 1 0
github.com/kotopesp/sos-kotopes/internal/core/mocks/RoleService.go:32.2,32.11 1 0
github.com/kotopesp/sos-kotopes/internal/core/mocks/RoleService.go:36.94,39.19 2 0
github.com/kotopesp/sos-kotopes/internal/core/mocks/RoleService.go:39.19,40.54 1 0
github.com/kotopesp/sos-kotopes/internal/core/mocks/RoleService.go:43.2,45.87 3 0
github.com/kotopesp/sos-kotopes/internal/core/mocks/RoleService.go:45.87,47.3 1 0
github.com/kotopesp/sos-kotopes/internal/core/mocks/RoleService.go:48.2,48.78 1 0
github.com/kotopesp/sos-kotopes/internal/core/mocks/RoleService.go:48.78,50.3 1 0
github.com/kotopesp/sos-kotopes/internal/core/mocks/RoleService.go:50.8,51.24 1 0
github.com/kotopesp/sos-kotopes/internal/core/mocks/RoleService.go:51.24,53.4 1 0
github.com/kotopesp/sos-kotopes/internal/core/mocks/RoleService.go:56.2,56.65 1 0
github.com/kotopesp/sos-kotopes/internal/core/mocks/RoleService.go:56.65,58.3 1 0
github.com/kotopesp/sos-kotopes/internal/core/mocks/RoleService.go:58.8,60.3 1 0
github.com/kotopesp/sos-kotopes/internal/core/mocks/RoleService.go:62.2,62.15 1 0
github.com/kotopesp/sos-kotopes/internal/core/mocks/RoleService.go:66.115,69.19 2 0
github.com/kotopesp/sos-kotopes/internal/core/mocks/RoleService.go:69.19,70.56 1 0
github.com/kotopesp/sos-kotopes/internal/core/mocks/RoleService.go:73.2,75.101 3 0
github.com/kotopesp/sos-kotopes/internal/core/mocks/RoleService.go:75.101,77.3 1 0
github.com/kotopesp/sos-kotopes/internal/core/mocks/RoleService.go:78.2,78.92 1 0
github.com/kotopesp/sos-kotopes/internal/core/mocks/RoleService.go:78.92,80.3 1 0
github.com/kotopesp/sos-kotopes/internal/core/mocks/RoleService.go:80.8,82.3 1 0
github.com/kotopesp/sos-kotopes/internal/core/mocks/RoleService.go:84.2,84.81 1 0
github.com/kotopesp/sos-kotopes/internal/core/mocks/RoleService.go:84.81,86.3 1 0
github.com/kotopesp/sos-kotopes/internal/core/mocks/RoleService.go:86.8,88.3 1 0
github.com/kotopesp/sos-kotopes/internal/core/mocks/RoleService.go:90.2,90.15 1 0
github.com/kotopesp/sos-kotopes/internal/core/mocks/RoleService.go:94.116,97.19 2 0
github.com/kotopesp/sos-kotopes/internal/core/mocks/RoleService.go:97.19,98.56 1 0
github.com/kotopesp/sos-kotopes/internal/core/mocks/RoleService.go:101.2,103.102 3 0
github.com/kotopesp/sos-kotopes/internal/core/mocks/RoleService.go:103.102,105.3 1 0
github.com/kotopesp/sos-kotopes/internal/core/mocks/RoleService.go:106.2,106.93 1 0
github.com/kotopesp/sos-kotopes/internal/core/mocks/RoleService.go:106.93,108.3 1 0
github.com/kotopesp/sos-kotopes/internal/core/mocks/RoleService.go:108.8,110.3 1 0
github.com/kotopesp/sos-kotopes/internal/core/mocks/RoleService.go:112.2,112.82 1 0
github.com/kotopesp/sos-kotopes/internal/core/mocks/RoleService.go:112.82,114.3 1 0
github.com/kotopesp/sos-kotopes/internal/core/mocks/RoleService.go:114.8,116.3 1 0
github.com/kotopesp/sos-kotopes/internal/core/mocks/RoleService.go:118.2,118.15 1 0
github.com/kotopesp/sos-kotopes/internal/core/mocks/RoleService.go:126.17,130.19 3 0
github.com/kotopesp/sos-kotopes/internal/core/mocks/RoleService.go:130.19,130.49 1 0
github.com/kotopesp/sos-kotopes/internal/core/mocks/RoleService.go:132.2,132.13 1 0
github.com/kotopesp/sos-kotopes/internal/core/mocks/UserService.go:18.80,21.19 2 0
github.com/kotopesp/sos-kotopes/internal/core/mocks/UserService.go:21.19,22.49 1 0
github.com/kotopesp/sos-kotopes/internal/core/mocks/UserService.go:25.2,27.78 3 0
github.com/kotopesp/sos-kotopes/internal/core/mocks/UserService.go:27.78,29.3 1 0
github.com/kotopesp/sos-kotopes/internal/core/mocks/UserService.go:30.2,30.69 1 0
github.com/kotopesp/sos-kotopes/internal/core/mocks/UserService.go:30.69,32.3 1 0
github.com/kotopesp/sos-kotopes/internal/core/mocks/UserService.go:32.8,34.3 1 0
github.com/kotopesp/sos-kotopes/internal/core/mocks/UserService.go:36.2,36.65 1 0
github.com/kotopesp/sos-kotopes/internal/core/mocks/UserService.go:36.65,38.3 1 0
github.com/kotopesp/sos-kotopes/internal/core/mocks/UserService.go:38.8,40.3 1 0
github.com/kotopesp/sos-kotopes/internal/core/mocks/UserService.go:42.2,42.15 1 0
github.com/kotopesp/sos-kotopes/internal/core/mocks/UserService.go:46.107,49.19 2 0
github.com/kotopesp/sos-kotopes/internal/core/mocks/UserService.go:49.19,50.52 1 0
github.com/kotopesp/sos-kotopes/internal/core/mocks/UserService.go:53.2,55.95 3 0
github.com/kotopesp/sos-kotopes/internal/core/mocks/UserService.go:55.95,57.3 1 0
github.com/kotopesp/sos-kotopes/internal/core/mocks/UserService.go:58.2,58.86 1 0
github.com/kotopesp/sos-kotopes/internal/core/mocks/UserService.go:58.86,60.3 1 0
github.com/kotopesp/sos-kotopes/internal/core/mocks/UserService.go:60.8,62.3 1 0
github.com/kotopesp/sos-kotopes/internal/core/mocks/UserService.go:64.2,64.82 1 0
github.com/kotopesp/sos-kotopes/internal/core/mocks/UserService.go:64.82,66.3 1 0
github.com/kotopesp/sos-kotopes/internal/core/mocks/UserService.go:66.8,68.3 1 0
github.com/kotopesp/sos-kotopes/internal/core/mocks/UserService.go:70.2,70.15 1 0
github.com/kotopesp/sos-kotopes/internal/core/mocks/UserService.go:78.17,82.19 3 0
github.com/kotopesp/sos-kotopes/internal/core/mocks/UserService.go:82.19,82.49 1 0
github.com/kotopesp/sos-kotopes/internal/core/mocks/UserService.go:84.2,84.13 1 0
github.com/kotopesp/sos-kotopes/internal/core/mocks/UserStore.go:18.121,20.23 1 0
github.com/kotopesp/sos-kotopes/internal/core/mocks/UserStore.go:23.87,25.23 1 0
github.com/kotopesp/sos-kotopes/internal/core/mocks/UserStore.go:28.95,30.23 1 0
github.com/kotopesp/sos-kotopes/internal/core/mocks/UserStore.go:34.129,39.91 4 0
github.com/kotopesp/sos-kotopes/internal/core/mocks/UserStore.go:39.91,41.3 1 0
github.com/kotopesp/sos-kotopes/internal/core/mocks/UserStore.go:42.2,42.82 1 0
github.com/kotopesp/sos-kotopes/internal/core/mocks/UserStore.go:42.82,44.3 1 0
github.com/kotopesp/sos-kotopes/internal/core/mocks/UserStore.go:44.8,46.3 1 0
github.com/kotopesp/sos-kotopes/internal/core/mocks/UserStore.go:48.2,48.84 1 0
github.com/kotopesp/sos-kotopes/internal/core/mocks/UserStore.go:48.84,50.3 1 0
github.com/kotopesp/sos-kotopes/internal/core/mocks/UserStore.go:50.8,52.3 1 0
github.com/kotopesp/sos-kotopes/internal/core/mocks/UserStore.go:54.2,54.15 1 0
github.com/kotopesp/sos-kotopes/internal/core/mocks/UserStore.go:58.80,63.78 4 0
github.com/kotopesp/sos-kotopes/internal/core/mocks/UserStore.go:63.78,65.3 1 0
github.com/kotopesp/sos-kotopes/internal/core/mocks/UserStore.go:66.2,66.69 1 0
github.com/kotopesp/sos-kotopes/internal/core/mocks/UserStore.go:66.69,68.3 1 0
github.com/kotopesp/sos-kotopes/internal/core/mocks/UserStore.go:68.8,70.3 1 0
github.com/kotopesp/sos-kotopes/internal/core/mocks/UserStore.go:72.2,72.71 1 0
github.com/kotopesp/sos-kotopes/internal/core/mocks/UserStore.go:72.71,74.3 1 0
github.com/kotopesp/sos-kotopes/internal/core/mocks/UserStore.go:74.8,76.3 1 0
github.com/kotopesp/sos-kotopes/internal/core/mocks/UserStore.go:78.2,78.15 1 0
github.com/kotopesp/sos-kotopes/internal/core/mocks/UserStore.go:82.106,87.86 4 0
github.com/kotopesp/sos-kotopes/internal/core/mocks/UserStore.go:87.86,89.3 1 0
github.com/kotopesp/sos-kotopes/internal/core/mocks/UserStore.go:90.2,90.77 1 0
github.com/kotopesp/sos-kotopes/internal/core/mocks/UserStore.go:90.77,92.3 1 0
github.com/kotopesp/sos-kotopes/internal/core/mocks/UserStore.go:92.8,94.3 1 0
github.com/kotopesp/sos-kotopes/internal/core/mocks/UserStore.go:96.2,96.65 1 0
github.com/kotopesp/sos-kotopes/internal/core/mocks/UserStore.go:96.65,98.3 1 0
github.com/kotopesp/sos-kotopes/internal/core/mocks/UserStore.go:98.8,100.3 1 0
github.com/kotopesp/sos-kotopes/internal/core/mocks/UserStore.go:102.2,102.15 1 0
github.com/kotopesp/sos-kotopes/internal/core/mocks/UserStore.go:106.82,111.78 4 0
github.com/kotopesp/sos-kotopes/internal/core/mocks/UserStore.go:111.78,113.3 1 0
github.com/kotopesp/sos-kotopes/internal/core/mocks/UserStore.go:114.2,114.69 1 0
github.com/kotopesp/sos-kotopes/internal/core/mocks/UserStore.go:114.69,116.3 1 0
github.com/kotopesp/sos-kotopes/internal/core/mocks/UserStore.go:116.8,118.3 1 0
github.com/kotopesp/sos-kotopes/internal/core/mocks/UserStore.go:120.2,120.65 1 0
github.com/kotopesp/sos-kotopes/internal/core/mocks/UserStore.go:120.65,122.3 1 0
github.com/kotopesp/sos-kotopes/internal/core/mocks/UserStore.go:122.8,124.3 1 0
github.com/kotopesp/sos-kotopes/internal/core/mocks/UserStore.go:126.2,126.15 1 0
github.com/kotopesp/sos-kotopes/internal/core/mocks/UserStore.go:130.97,135.81 4 0
github.com/kotopesp/sos-kotopes/internal/core/mocks/UserStore.go:135.81,137.3 1 0
github.com/kotopesp/sos-kotopes/internal/core/mocks/UserStore.go:138.2,138.72 1 0
github.com/kotopesp/sos-kotopes/internal/core/mocks/UserStore.go:138.72,140.3 1 0
github.com/kotopesp/sos-kotopes/internal/core/mocks/UserStore.go:140.8,142.3 1 0
github.com/kotopesp/sos-kotopes/internal/core/mocks/UserStore.go:144.2,144.68 1 0
github.com/kotopesp/sos-kotopes/internal/core/mocks/UserStore.go:144.68,146.3 1 0
github.com/kotopesp/sos-kotopes/internal/core/mocks/UserStore.go:146.8,148.3 1 0
github.com/kotopesp/sos-kotopes/internal/core/mocks/UserStore.go:150.2,150.15 1 0
github.com/kotopesp/sos-kotopes/internal/core/mocks/UserStore.go:159.69,163.19 3 0
github.com/kotopesp/sos-kotopes/internal/core/mocks/UserStore.go:163.19,163.49 1 0
github.com/kotopesp/sos-kotopes/internal/core/mocks/UserStore.go:165.2,165.13 1 0
github.com/kotopesp/sos-kotopes/internal/service/userfavourite/user_favourite.go:12.67,16.2 1 0
github.com/kotopesp/sos-kotopes/internal/service/userfavourite/user_favourite.go:18.93,19.23 1 0
github.com/kotopesp/sos-kotopes/internal/service/userfavourite/user_favourite.go:22.137,23.23 1 0
github.com/kotopesp/sos-kotopes/internal/service/userfavourite/user_favourite.go:25.98,26.23 1 0
github.com/kotopesp/sos-kotopes/internal/store/post/post.go:17.48,19.2 1 0
github.com/kotopesp/sos-kotopes/internal/store/post/post.go:22.107,30.25 3 0
github.com/kotopesp/sos-kotopes/internal/store/post/post.go:30.25,32.3 1 0
github.com/kotopesp/sos-kotopes/internal/store/post/post.go:34.2,34.26 1 0
github.com/kotopesp/sos-kotopes/internal/store/post/post.go:34.26,36.3 1 0
github.com/kotopesp/sos-kotopes/internal/store/post/post.go:38.2,38.26 1 0
github.com/kotopesp/sos-kotopes/internal/store/post/post.go:38.26,40.3 1 0
github.com/kotopesp/sos-kotopes/internal/store/post/post.go:42.2,42.30 1 0
github.com/kotopesp/sos-kotopes/internal/store/post/post.go:42.30,44.3 1 0
github.com/kotopesp/sos-kotopes/internal/store/post/post.go:46.2,46.26 1 0
github.com/kotopesp/sos-kotopes/internal/store/post/post.go:46.26,48.3 1 0
github.com/kotopesp/sos-kotopes/internal/store/post/post.go:50.2,50.25 1 0
github.com/kotopesp/sos-kotopes/internal/store/post/post.go:50.25,52.3 1 0
github.com/kotopesp/sos-kotopes/internal/store/post/post.go:54.2,55.50 2 0
github.com/kotopesp/sos-kotopes/internal/store/post/post.go:55.50,58.3 2 0
github.com/kotopesp/sos-kotopes/internal/store/post/post.go:60.2,60.67 1 0
github.com/kotopesp/sos-kotopes/internal/store/post/post.go:60.67,63.3 2 0
github.com/kotopesp/sos-kotopes/internal/store/post/post.go:65.2,65.31 1 0
github.com/kotopesp/sos-kotopes/internal/store/post/post.go:69.101,74.16 2 0
github.com/kotopesp/sos-kotopes/internal/store/post/post.go:74.16,76.45 2 0
github.com/kotopesp/sos-kotopes/internal/store/post/post.go:76.45,78.4 1 0
github.com/kotopesp/sos-kotopes/internal/store/post/post.go:79.3,79.21 1 0
github.com/kotopesp/sos-kotopes/internal/store/post/post.go:82.2,83.26 2 0
github.com/kotopesp/sos-kotopes/internal/store/post/post.go:87.77,90.111 2 0
github.com/kotopesp/sos-kotopes/internal/store/post/post.go:90.111,91.45 1 0
github.com/kotopesp/sos-kotopes/internal/store/post/post.go:91.45,94.4 2 0
github.com/kotopesp/sos-kotopes/internal/store/post/post.go:96.3,97.26 2 0
github.com/kotopesp/sos-kotopes/internal/store/post/post.go:100.2,100.18 1 0
github.com/kotopesp/sos-kotopes/internal/store/post/post.go:104.84,110.95 4 0
github.com/kotopesp/sos-kotopes/internal/store/post/post.go:110.95,113.3 2 0
github.com/kotopesp/sos-kotopes/internal/store/post/post.go:115.2,115.25 1 0
github.com/kotopesp/sos-kotopes/internal/store/post/post.go:119.84,124.93 3 0
github.com/kotopesp/sos-kotopes/internal/store/post/post.go:124.93,125.45 1 0
github.com/kotopesp/sos-kotopes/internal/store/post/post.go:125.45,128.4 2 0
github.com/kotopesp/sos-kotopes/internal/store/post/post.go:130.3,131.26 2 0
github.com/kotopesp/sos-kotopes/internal/store/post/post.go:134.2,134.25 1 0
github.com/kotopesp/sos-kotopes/internal/store/post/post.go:138.63,145.25 3 0
github.com/kotopesp/sos-kotopes/internal/store/post/post.go:145.25,146.54 1 0
github.com/kotopesp/sos-kotopes/internal/store/post/post.go:146.54,149.4 2 0
github.com/kotopesp/sos-kotopes/internal/store/post/post.go:150.3,151.22 2 0
github.com/kotopesp/sos-kotopes/internal/store/post/post.go:154.2,154.30 1 0
github.com/kotopesp/sos-kotopes/internal/store/post/post.go:154.30,157.3 2 0
github.com/kotopesp/sos-kotopes/internal/store/post/post.go:159.2,159.12 1 0
github.com/kotopesp/sos-kotopes/internal/store/animal/animal.go:18.50,20.2 1 0
github.com/kotopesp/sos-kotopes/internal/store/animal/animal.go:23.92,28.68 3 0
github.com/kotopesp/sos-kotopes/internal/store/animal/animal.go:28.68,31.3 2 0
github.com/kotopesp/sos-kotopes/internal/store/animal/animal.go:33.2,33.20 1 0
github.com/kotopesp/sos-kotopes/internal/store/animal/animal.go:37.81,40.87 2 0
github.com/kotopesp/sos-kotopes/internal/store/animal/animal.go:40.87,41.45 1 0
github.com/kotopesp/sos-kotopes/internal/store/animal/animal.go:41.45,44.4 2 0
github.com/kotopesp/sos-kotopes/internal/store/animal/animal.go:46.3,47.28 2 0
github.com/kotopesp/sos-kotopes/internal/store/animal/animal.go:50.2,50.20 1 0
github.com/kotopesp/sos-kotopes/internal/store/animal/animal.go:54.92,60.87 3 0
github.com/kotopesp/sos-kotopes/internal/store/animal/animal.go:60.87,61.45 1 0
github.com/kotopesp/sos-kotopes/internal/store/animal/animal.go:61.45,64.4 2 0
github.com/kotopesp/sos-kotopes/internal/store/animal/animal.go:66.3,67.28 2 0
github.com/kotopesp/sos-kotopes/internal/store/animal/animal.go:70.2,70.26 1 0
github.com/kotopesp/sos-kotopes/internal/service/role/role.go:14.79,19.2 1 0
github.com/kotopesp/sos-kotopes/internal/service/role/role.go:21.129,23.16 2 0
github.com/kotopesp/sos-kotopes/internal/service/role/role.go:23.16,25.3 1 0
github.com/kotopesp/sos-kotopes/internal/service/role/role.go:27.2,30.23 4 0
github.com/kotopesp/sos-kotopes/internal/service/role/role.go:33.106,35.16 2 0
github.com/kotopesp/sos-kotopes/internal/service/role/role.go:35.16,37.3 1 0
github.com/kotopesp/sos-kotopes/internal/service/role/role.go:39.2,41.51 3 0
github.com/kotopesp/sos-kotopes/internal/service/role/role.go:41.51,43.3 1 0
github.com/kotopesp/sos-kotopes/internal/service/role/role.go:44.2,44.51 1 0
github.com/kotopesp/sos-kotopes/internal/service/role/role.go:44.51,46.3 1 0
github.com/kotopesp/sos-kotopes/internal/service/role/role.go:47.2,47.48 1 0
github.com/kotopesp/sos-kotopes/internal/service/role/role.go:47.48,49.3 1 0
github.com/kotopesp/sos-kotopes/internal/service/role/role.go:50.2,50.26 1 0
github.com/kotopesp/sos-kotopes/internal/service/role/role.go:53.136,55.16 2 0
github.com/kotopesp/sos-kotopes/internal/service/role/role.go:55.16,58.3 2 0
github.com/kotopesp/sos-kotopes/internal/service/role/role.go:60.2,63.25 4 0
github.com/kotopesp/sos-kotopes/internal/service/role/role.go:66.97,68.2 1 0
github.com/kotopesp/sos-kotopes/internal/service/role/role.go:70.81,71.17 1 0
github.com/kotopesp/sos-kotopes/internal/service/role/role.go:71.17,73.3 1 0
github.com/kotopesp/sos-kotopes/internal/service/role/role.go:74.2,82.3 1 0
github.com/kotopesp/sos-kotopes/internal/store/comment_store/comment.go:17.51,19.2 1 0
github.com/kotopesp/sos-kotopes/internal/store/comment_store/comment.go:21.90,24.56 2 0
github.com/kotopesp/sos-kotopes/internal/store/comment_store/comment.go:24.56,25.45 1 0
github.com/kotopesp/sos-kotopes/internal/store/comment_store/comment.go:25.45,27.4 1 0
github.com/kotopesp/sos-kotopes/internal/store/comment_store/comment.go:28.3,28.22 1 0
github.com/kotopesp/sos-kotopes/internal/store/comment_store/comment.go:31.2,31.21 1 0
github.com/kotopesp/sos-kotopes/internal/store/comment_store/comment.go:34.131,41.25 3 0
github.com/kotopesp/sos-kotopes/internal/store/comment_store/comment.go:41.25,43.3 1 0
github.com/kotopesp/sos-kotopes/internal/store/comment_store/comment.go:45.2,45.26 1 0
github.com/kotopesp/sos-kotopes/internal/store/comment_store/comment.go:45.26,47.3 1 0
github.com/kotopesp/sos-kotopes/internal/store/comment_store/comment.go:49.2,51.66 1 0
github.com/kotopesp/sos-kotopes/internal/store/comment_store/comment.go:51.66,53.3 1 0
github.com/kotopesp/sos-kotopes/internal/store/comment_store/comment.go:55.2,59.40 2 0
github.com/kotopesp/sos-kotopes/internal/store/comment_store/comment.go:59.40,61.3 1 0
github.com/kotopesp/sos-kotopes/internal/store/comment_store/comment.go:63.2,63.39 1 0
github.com/kotopesp/sos-kotopes/internal/store/comment_store/comment.go:66.96,67.69 1 0
github.com/kotopesp/sos-kotopes/internal/store/comment_store/comment.go:67.69,69.3 1 0
github.com/kotopesp/sos-kotopes/internal/store/comment_store/comment.go:71.2,71.86 1 0
github.com/kotopesp/sos-kotopes/internal/store/comment_store/comment.go:71.86,73.3 1 0
github.com/kotopesp/sos-kotopes/internal/store/comment_store/comment.go:75.2,75.21 1 0
github.com/kotopesp/sos-kotopes/internal/store/comment_store/comment.go:78.96,79.69 1 0
github.com/kotopesp/sos-kotopes/internal/store/comment_store/comment.go:79.69,81.3 1 0
github.com/kotopesp/sos-kotopes/internal/store/comment_store/comment.go:84.2,86.57 1 0
github.com/kotopesp/sos-kotopes/internal/store/comment_store/comment.go:86.57,88.3 1 0
github.com/kotopesp/sos-kotopes/internal/store/comment_store/comment.go:90.2,90.21 1 0
github.com/kotopesp/sos-kotopes/internal/store/comment_store/comment.go:93.80,98.69 4 0
github.com/kotopesp/sos-kotopes/internal/store/comment_store/comment.go:98.69,100.3 1 0
github.com/kotopesp/sos-kotopes/internal/store/comment_store/comment.go:102.2,102.12 1 0
github.com/kotopesp/sos-kotopes/internal/service/user/user.go:13.89,18.2 1 0
github.com/kotopesp/sos-kotopes/internal/service/user/user.go:20.84,22.2 1 0
github.com/kotopesp/sos-kotopes/internal/service/user/user.go:24.118,26.2 1 0
github.com/kotopesp/sos-kotopes/internal/service/post/helpers.go:10.94,16.2 1 0
github.com/kotopesp/sos-kotopes/internal/service/post/helpers.go:20.119,24.29 2 0
github.com/kotopesp/sos-kotopes/internal/service/post/helpers.go:24.29,26.17 2 0
github.com/kotopesp/sos-kotopes/internal/service/post/helpers.go:26.17,29.4 2 0
github.com/kotopesp/sos-kotopes/internal/service/post/helpers.go:30.3,31.17 2 0
github.com/kotopesp/sos-kotopes/internal/service/post/helpers.go:31.17,34.4 2 0
github.com/kotopesp/sos-kotopes/internal/service/post/helpers.go:36.3,36.66 1 0
github.com/kotopesp/sos-kotopes/internal/service/post/helpers.go:39.2,39.25 1 0
github.com/kotopesp/sos-kotopes/internal/service/post/helpers.go:44.99,46.16 2 0
github.com/kotopesp/sos-kotopes/internal/service/post/helpers.go:46.16,49.3 2 0
github.com/kotopesp/sos-kotopes/internal/service/post/helpers.go:51.2,52.16 2 0
github.com/kotopesp/sos-kotopes/internal/service/post/helpers.go:52.16,55.3 2 0
github.com/kotopesp/sos-kotopes/internal/service/post/helpers.go:57.2,59.25 2 0
github.com/kotopesp/sos-kotopes/internal/service/post/helpers.go:63.118,64.29 1 0
github.com/kotopesp/sos-kotopes/internal/service/post/helpers.go:64.29,66.3 1 0
github.com/kotopesp/sos-kotopes/internal/service/post/helpers.go:68.2,68.31 1 0
github.com/kotopesp/sos-kotopes/internal/service/post/helpers.go:68.31,70.3 1 0
github.com/kotopesp/sos-kotopes/internal/service/post/helpers.go:72.2,72.29 1 0
github.com/kotopesp/sos-kotopes/internal/service/post/helpers.go:72.29,74.3 1 0
github.com/kotopesp/sos-kotopes/internal/service/post/helpers.go:76.2,76.34 1 0
github.com/kotopesp/sos-kotopes/internal/service/post/helpers.go:76.34,78.3 1 0
github.com/kotopesp/sos-kotopes/internal/service/post/helpers.go:80.2,80.27 1 0
github.com/kotopesp/sos-kotopes/internal/service/post/helpers.go:80.27,82.3 1 0
github.com/kotopesp/sos-kotopes/internal/service/post/helpers.go:84.2,84.29 1 0
github.com/kotopesp/sos-kotopes/internal/service/post/helpers.go:84.29,86.3 1 0
github.com/kotopesp/sos-kotopes/internal/service/post/helpers.go:88.2,88.30 1 0
github.com/kotopesp/sos-kotopes/internal/service/post/helpers.go:88.30,90.3 1 0
github.com/kotopesp/sos-kotopes/internal/service/post/helpers.go:92.2,92.35 1 0
github.com/kotopesp/sos-kotopes/internal/service/post/helpers.go:92.35,94.3 1 0
github.com/kotopesp/sos-kotopes/internal/service/post/helpers.go:96.2,96.30 1 0
github.com/kotopesp/sos-kotopes/internal/service/post/helpers.go:96.30,98.3 1 0
github.com/kotopesp/sos-kotopes/internal/service/post/helpers.go:100.2,100.20 1 0
github.com/kotopesp/sos-kotopes/internal/service/post/post.go:21.153,28.2 1 0
github.com/kotopesp/sos-kotopes/internal/service/post/post.go:31.116,34.16 2 0
github.com/kotopesp/sos-kotopes/internal/service/post/post.go:34.16,37.3 2 0
github.com/kotopesp/sos-kotopes/internal/service/post/post.go:39.2,40.16 2 0
github.com/kotopesp/sos-kotopes/internal/service/post/post.go:40.16,43.3 2 0
github.com/kotopesp/sos-kotopes/internal/service/post/post.go:45.2,45.32 1 0
github.com/kotopesp/sos-kotopes/internal/service/post/post.go:49.117,51.16 2 0
github.com/kotopesp/sos-kotopes/internal/service/post/post.go:51.16,54.3 2 0
github.com/kotopesp/sos-kotopes/internal/service/post/post.go:55.2,56.33 2 0
github.com/kotopesp/sos-kotopes/internal/service/post/post.go:60.86,62.16 2 0
github.com/kotopesp/sos-kotopes/internal/service/post/post.go:62.16,65.3 2 0
github.com/kotopesp/sos-kotopes/internal/service/post/post.go:67.2,68.16 2 0
github.com/kotopesp/sos-kotopes/internal/service/post/post.go:68.16,71.3 2 0
github.com/kotopesp/sos-kotopes/internal/service/post/post.go:73.2,73.25 1 0
github.com/kotopesp/sos-kotopes/internal/service/post/post.go:77.141,79.16 2 0
github.com/kotopesp/sos-kotopes/internal/service/post/post.go:79.16,82.3 2 0
github.com/kotopesp/sos-kotopes/internal/service/post/post.go:84.2,87.16 3 0
github.com/kotopesp/sos-kotopes/internal/service/post/post.go:87.16,90.3 2 0
github.com/kotopesp/sos-kotopes/internal/service/post/post.go:92.2,95.16 3 0
github.com/kotopesp/sos-kotopes/internal/service/post/post.go:95.16,98.3 2 0
github.com/kotopesp/sos-kotopes/internal/service/post/post.go:100.2,101.16 2 0
github.com/kotopesp/sos-kotopes/internal/service/post/post.go:101.16,104.3 2 0
github.com/kotopesp/sos-kotopes/internal/service/post/post.go:106.2,108.31 2 0
github.com/kotopesp/sos-kotopes/internal/service/post/post.go:112.123,115.16 3 0
github.com/kotopesp/sos-kotopes/internal/service/post/post.go:115.16,118.3 2 0
github.com/kotopesp/sos-kotopes/internal/service/post/post.go:120.2,120.57 1 0
github.com/kotopesp/sos-kotopes/internal/service/post/post.go:120.57,122.3 1 0
github.com/kotopesp/sos-kotopes/internal/service/post/post.go:122.8,122.34 1 0
github.com/kotopesp/sos-kotopes/internal/service/post/post.go:122.34,124.3 1 0
github.com/kotopesp/sos-kotopes/internal/service/post/post.go:126.2,129.16 3 0
github.com/kotopesp/sos-kotopes/internal/service/post/post.go:129.16,132.3 2 0
github.com/kotopesp/sos-kotopes/internal/service/post/post.go:134.2,135.16 2 0
github.com/kotopesp/sos-kotopes/internal/service/post/post.go:135.16,138.3 2 0
github.com/kotopesp/sos-kotopes/internal/service/post/post.go:140.2,145.31 4 0
github.com/kotopesp/sos-kotopes/internal/service/post/post.go:149.73,151.16 2 0
github.com/kotopesp/sos-kotopes/internal/service/post/post.go:151.16,153.3 1 0
github.com/kotopesp/sos-kotopes/internal/service/post/post.go:155.2,155.38 1 0
github.com/kotopesp/sos-kotopes/internal/service/post/post.go:155.38,157.3 1 0
github.com/kotopesp/sos-kotopes/internal/service/post/post.go:157.8,157.29 1 0
github.com/kotopesp/sos-kotopes/internal/service/post/post.go:157.29,159.3 1 0
github.com/kotopesp/sos-kotopes/internal/service/post/post.go:161.2,162.16 2 0
github.com/kotopesp/sos-kotopes/internal/service/post/post.go:162.16,165.3 2 0
github.com/kotopesp/sos-kotopes/internal/service/post/post.go:167.2,167.12 1 0
github.com/kotopesp/sos-kotopes/internal/service/post/postfavourite.go:10.103,16.16 4 0
github.com/kotopesp/sos-kotopes/internal/service/post/postfavourite.go:16.16,19.3 2 0
github.com/kotopesp/sos-kotopes/internal/service/post/postfavourite.go:21.2,22.16 2 0
github.com/kotopesp/sos-kotopes/internal/service/post/postfavourite.go:22.16,25.3 2 0
github.com/kotopesp/sos-kotopes/internal/service/post/postfavourite.go:27.2,27.32 1 0
github.com/kotopesp/sos-kotopes/internal/service/post/postfavourite.go:30.96,33.16 2 0
github.com/kotopesp/sos-kotopes/internal/service/post/postfavourite.go:33.16,36.3 2 0
github.com/kotopesp/sos-kotopes/internal/service/post/postfavourite.go:38.2,38.12 1 0
github.com/kotopesp/sos-kotopes/internal/service/post/postfavourite.go:41.87,43.16 2 0
github.com/kotopesp/sos-kotopes/internal/service/post/postfavourite.go:43.16,46.3 2 0
github.com/kotopesp/sos-kotopes/internal/service/post/postfavourite.go:48.2,48.12 1 0
github.com/kotopesp/sos-kotopes/internal/service/comment_service/comment.go:19.23,24.2 1 0
github.com/kotopesp/sos-kotopes/internal/service/comment_service/comment.go:26.133,27.71 1 0
github.com/kotopesp/sos-kotopes/internal/service/comment_service/comment.go:27.71,29.3 1 0
github.com/kotopesp/sos-kotopes/internal/service/comment_service/comment.go:31.2,31.51 1 0
github.com/kotopesp/sos-kotopes/internal/service/comment_service/comment.go:34.107,35.72 1 0
github.com/kotopesp/sos-kotopes/internal/service/comment_service/comment.go:35.72,37.3 1 0
github.com/kotopesp/sos-kotopes/internal/service/comment_service/comment.go:39.2,39.51 1 0
github.com/kotopesp/sos-kotopes/internal/service/comment_service/comment.go:42.107,44.16 2 0
github.com/kotopesp/sos-kotopes/internal/service/comment_service/comment.go:44.16,46.3 1 0
github.com/kotopesp/sos-kotopes/internal/service/comment_service/comment.go:48.2,51.44 3 0
github.com/kotopesp/sos-kotopes/internal/service/comment_service/comment.go:51.44,53.3 1 0
github.com/kotopesp/sos-kotopes/internal/service/comment_service/comment.go:53.8,53.47 1 0
github.com/kotopesp/sos-kotopes/internal/service/comment_service/comment.go:53.47,55.3 1 0
github.com/kotopesp/sos-kotopes/internal/service/comment_service/comment.go:55.8,55.32 1 0
github.com/kotopesp/sos-kotopes/internal/service/comment_service/comment.go:55.32,57.3 1 0
github.com/kotopesp/sos-kotopes/internal/service/comment_service/comment.go:59.2,59.51 1 0
github.com/kotopesp/sos-kotopes/internal/service/comment_service/comment.go:62.82,64.16 2 0
github.com/kotopesp/sos-kotopes/internal/service/comment_service/comment.go:64.16,66.3 1 0
github.com/kotopesp/sos-kotopes/internal/service/comment_service/comment.go:68.2,68.44 1 0
github.com/kotopesp/sos-kotopes/internal/service/comment_service/comment.go:68.44,70.3 1 0
github.com/kotopesp/sos-kotopes/internal/service/comment_service/comment.go:70.8,70.47 1 0
github.com/kotopesp/sos-kotopes/internal/service/comment_service/comment.go:70.47,72.3 1 0
github.com/kotopesp/sos-kotopes/internal/service/comment_service/comment.go:72.8,72.32 1 0
github.com/kotopesp/sos-kotopes/internal/service/comment_service/comment.go:72.32,74.3 1 0
github.com/kotopesp/sos-kotopes/internal/service/comment_service/comment.go:76.2,76.51 1 0
github.com/kotopesp/sos-kotopes/internal/store/userfavourite/user_favourite.go:13.57,15.2 1 0
github.com/kotopesp/sos-kotopes/internal/store/userfavourite/user_favourite.go:17.91,18.23 1 0
github.com/kotopesp/sos-kotopes/internal/store/userfavourite/user_favourite.go:21.135,22.23 1 0
github.com/kotopesp/sos-kotopes/internal/store/userfavourite/user_favourite.go:25.96,26.23 1 0
github.com/kotopesp/sos-kotopes/internal/store/refresh_session/helpers.go:10.50,11.33 1 0
github.com/kotopesp/sos-kotopes/internal/store/refresh_session/helpers.go:11.33,14.96 1 0
github.com/kotopesp/sos-kotopes/internal/store/refresh_session/helpers.go:14.96,17.4 2 0
github.com/kotopesp/sos-kotopes/internal/store/refresh_session/helpers.go:18.3,18.13 1 0
github.com/kotopesp/sos-kotopes/internal/store/refresh_session/helpers.go:22.49,23.30 1 0
github.com/kotopesp/sos-kotopes/internal/store/refresh_session/helpers.go:23.30,23.44 1 0
github.com/kotopesp/sos-kotopes/internal/store/refresh_session/refresh_session.go:18.79,22.87 3 0
github.com/kotopesp/sos-kotopes/internal/store/refresh_session/refresh_session.go:22.87,25.3 2 0
github.com/kotopesp/sos-kotopes/internal/store/refresh_session/refresh_session.go:27.2,27.42 1 0
github.com/kotopesp/sos-kotopes/internal/store/refresh_session/refresh_session.go:27.42,29.3 1 0
github.com/kotopesp/sos-kotopes/internal/store/refresh_session/refresh_session.go:31.2,31.91 1 0
github.com/kotopesp/sos-kotopes/internal/store/refresh_session/refresh_session.go:31.91,34.3 2 0
github.com/kotopesp/sos-kotopes/internal/store/refresh_session/refresh_session.go:36.2,36.26 1 0
github.com/kotopesp/sos-kotopes/internal/store/refresh_session/refresh_session.go:43.9,47.16 3 0
github.com/kotopesp/sos-kotopes/internal/store/refresh_session/refresh_session.go:47.16,49.3 1 0
github.com/kotopesp/sos-kotopes/internal/store/refresh_session/refresh_session.go:51.2,51.45 1 0
github.com/kotopesp/sos-kotopes/internal/store/refresh_session/refresh_session.go:51.45,54.3 2 0
github.com/kotopesp/sos-kotopes/internal/store/refresh_session/refresh_session.go:56.2,56.26 1 0
github.com/kotopesp/sos-kotopes/internal/store/refresh_session/refresh_session.go:59.115,60.91 1 0
github.com/kotopesp/sos-kotopes/internal/store/refresh_session/refresh_session.go:60.91,62.3 1 0
github.com/kotopesp/sos-kotopes/internal/store/refresh_session/refresh_session.go:64.2,64.18 1 0
github.com/kotopesp/sos-kotopes/internal/store/refresh_session/refresh_session.go:67.58,69.2 1 0
github.com/kotopesp/sos-kotopes/internal/store/postfavourite/post_favourite.go:17.57,19.2 1 0
github.com/kotopesp/sos-kotopes/internal/store/postfavourite/post_favourite.go:23.109,33.50 4 0
github.com/kotopesp/sos-kotopes/internal/store/postfavourite/post_favourite.go:33.50,34.45 1 0
github.com/kotopesp/sos-kotopes/internal/store/postfavourite/post_favourite.go:34.45,37.4 2 0
github.com/kotopesp/sos-kotopes/internal/store/postfavourite/post_favourite.go:38.3,39.21 2 0
github.com/kotopesp/sos-kotopes/internal/store/postfavourite/post_favourite.go:42.2,42.67 1 0
github.com/kotopesp/sos-kotopes/internal/store/postfavourite/post_favourite.go:42.67,43.45 1 0
github.com/kotopesp/sos-kotopes/internal/store/postfavourite/post_favourite.go:43.45,46.4 2 0
github.com/kotopesp/sos-kotopes/internal/store/postfavourite/post_favourite.go:47.3,48.21 2 0
github.com/kotopesp/sos-kotopes/internal/store/postfavourite/post_favourite.go:51.2,51.31 1 0
github.com/kotopesp/sos-kotopes/internal/store/postfavourite/post_favourite.go:56.94,59.103 2 0
github.com/kotopesp/sos-kotopes/internal/store/postfavourite/post_favourite.go:59.103,60.45 1 0
github.com/kotopesp/sos-kotopes/internal/store/postfavourite/post_favourite.go:60.45,63.4 2 0
github.com/kotopesp/sos-kotopes/internal/store/postfavourite/post_favourite.go:64.3,65.13 2 0
github.com/kotopesp/sos-kotopes/internal/store/postfavourite/post_favourite.go:69.2,72.38 2 0
github.com/kotopesp/sos-kotopes/internal/store/postfavourite/post_favourite.go:72.38,74.3 1 0
github.com/kotopesp/sos-kotopes/internal/store/postfavourite/post_favourite.go:76.2,79.75 3 0
github.com/kotopesp/sos-kotopes/internal/store/postfavourite/post_favourite.go:79.75,82.3 2 0
github.com/kotopesp/sos-kotopes/internal/store/postfavourite/post_favourite.go:84.2,84.12 1 0
github.com/kotopesp/sos-kotopes/internal/store/postfavourite/post_favourite.go:88.85,89.135 1 0
github.com/kotopesp/sos-kotopes/internal/store/postfavourite/post_favourite.go:89.135,90.45 1 0
github.com/kotopesp/sos-kotopes/internal/store/postfavourite/post_favourite.go:90.45,93.4 2 0
github.com/kotopesp/sos-kotopes/internal/store/postfavourite/post_favourite.go:94.3,95.13 2 0
github.com/kotopesp/sos-kotopes/internal/store/postfavourite/post_favourite.go:98.2,98.12 1 0
github.com/kotopesp/sos-kotopes/internal/store/role/role.go:17.48,19.2 1 0
github.com/kotopesp/sos-kotopes/internal/store/role/role.go:21.120,23.21 2 0
github.com/kotopesp/sos-kotopes/internal/store/role/role.go:23.21,27.3 3 0
github.com/kotopesp/sos-kotopes/internal/store/role/role.go:29.2,29.15 1 0
github.com/kotopesp/sos-kotopes/internal/store/role/role.go:29.15,30.45 1 0
github.com/kotopesp/sos-kotopes/internal/store/role/role.go:30.45,33.4 2 0
github.com/kotopesp/sos-kotopes/internal/store/role/role.go:36.2,37.74 2 0
github.com/kotopesp/sos-kotopes/internal/store/role/role.go:37.74,39.3 1 0
github.com/kotopesp/sos-kotopes/internal/store/role/role.go:41.2,42.24 2 0
github.com/kotopesp/sos-kotopes/internal/store/role/role.go:43.19,44.24 1 0
github.com/kotopesp/sos-kotopes/internal/store/role/role.go:45.19,46.24 1 0
github.com/kotopesp/sos-kotopes/internal/store/role/role.go:47.16,48.21 1 0
github.com/kotopesp/sos-kotopes/internal/store/role/role.go:49.10,50.42 1 0
github.com/kotopesp/sos-kotopes/internal/store/role/role.go:52.2,59.64 3 0
github.com/kotopesp/sos-kotopes/internal/store/role/role.go:59.64,61.3 1 0
github.com/kotopesp/sos-kotopes/internal/store/role/role.go:62.2,64.37 2 0
github.com/kotopesp/sos-kotopes/internal/store/role/role.go:67.99,70.21 3 0
github.com/kotopesp/sos-kotopes/internal/store/role/role.go:70.21,74.3 3 0
github.com/kotopesp/sos-kotopes/internal/store/role/role.go:76.2,76.15 1 0
github.com/kotopesp/sos-kotopes/internal/store/role/role.go:76.15,77.45 1 0
github.com/kotopesp/sos-kotopes/internal/store/role/role.go:77.45,80.4 2 0
github.com/kotopesp/sos-kotopes/internal/store/role/role.go:83.2,86.34 3 0
github.com/kotopesp/sos-kotopes/internal/store/role/role.go:86.34,91.35 3 0
github.com/kotopesp/sos-kotopes/internal/store/role/role.go:91.35,93.4 1 0
github.com/kotopesp/sos-kotopes/internal/store/role/role.go:93.9,93.53 1 0
github.com/kotopesp/sos-kotopes/internal/store/role/role.go:93.53,95.4 1 0
github.com/kotopesp/sos-kotopes/internal/store/role/role.go:98.2,98.33 1 0
github.com/kotopesp/sos-kotopes/internal/store/role/role.go:101.124,104.21 2 0
github.com/kotopesp/sos-kotopes/internal/store/role/role.go:104.21,108.3 3 0
github.com/kotopesp/sos-kotopes/internal/store/role/role.go:110.2,110.15 1 0
github.com/kotopesp/sos-kotopes/internal/store/role/role.go:110.15,111.45 1 0
github.com/kotopesp/sos-kotopes/internal/store/role/role.go:111.45,114.4 2 0
github.com/kotopesp/sos-kotopes/internal/store/role/role.go:117.2,118.35 2 0
github.com/kotopesp/sos-kotopes/internal/store/role/role.go:118.35,120.3 1 0
github.com/kotopesp/sos-kotopes/internal/store/role/role.go:122.2,122.23 1 0
github.com/kotopesp/sos-kotopes/internal/store/role/role.go:122.23,124.3 1 0
github.com/kotopesp/sos-kotopes/internal/store/role/role.go:124.8,126.3 1 0
github.com/kotopesp/sos-kotopes/internal/store/role/role.go:128.2,130.18 3 0
github.com/kotopesp/sos-kotopes/internal/store/role/role.go:131.19,132.24 1 0
github.com/kotopesp/sos-kotopes/internal/store/role/role.go:133.19,135.24 1 0
github.com/kotopesp/sos-kotopes/internal/store/role/role.go:136.16,137.21 1 0
github.com/kotopesp/sos-kotopes/internal/store/role/role.go:138.10,139.42 1 0
github.com/kotopesp/sos-kotopes/internal/store/role/role.go:142.2,144.16 3 0
github.com/kotopesp/sos-kotopes/internal/store/role/role.go:144.16,146.3 1 0
github.com/kotopesp/sos-kotopes/internal/store/role/role.go:147.2,147.16 1 0
github.com/kotopesp/sos-kotopes/internal/store/role/role.go:147.16,149.3 1 0
github.com/kotopesp/sos-kotopes/internal/store/role/role.go:151.2,152.16 2 0
github.com/kotopesp/sos-kotopes/internal/store/role/role.go:152.16,154.3 1 0
github.com/kotopesp/sos-kotopes/internal/store/role/role.go:156.2,157.16 2 0
github.com/kotopesp/sos-kotopes/internal/store/role/role.go:157.16,159.3 1 0
github.com/kotopesp/sos-kotopes/internal/store/role/role.go:160.2,160.39 1 0
github.com/kotopesp/sos-kotopes/internal/store/role/role.go:163.90,166.21 2 0
github.com/kotopesp/sos-kotopes/internal/store/role/role.go:166.21,170.3 3 0
github.com/kotopesp/sos-kotopes/internal/store/role/role.go:172.2,172.15 1 0
github.com/kotopesp/sos-kotopes/internal/store/role/role.go:172.15,173.45 1 0
github.com/kotopesp/sos-kotopes/internal/store/role/role.go:173.45,176.4 2 0
github.com/kotopesp/sos-kotopes/internal/store/role/role.go:179.2,180.18 2 0
github.com/kotopesp/sos-kotopes/internal/store/role/role.go:181.19,182.72 1 0
github.com/kotopesp/sos-kotopes/internal/store/role/role.go:183.19,184.72 1 0
github.com/kotopesp/sos-kotopes/internal/store/role/role.go:185.16,186.69 1 0
github.com/kotopesp/sos-kotopes/internal/store/role/role.go:187.10,188.29 1 0
github.com/kotopesp/sos-kotopes/internal/store/role/role.go:191.2,191.16 1 0
github.com/kotopesp/sos-kotopes/internal/store/role/role.go:191.16,193.3 1 0
github.com/kotopesp/sos-kotopes/internal/store/role/role.go:195.2,195.26 1 0
github.com/kotopesp/sos-kotopes/internal/store/user/user.go:20.48,22.2 1 0
github.com/kotopesp/sos-kotopes/internal/store/user/user.go:24.82,32.16 3 0
github.com/kotopesp/sos-kotopes/internal/store/user/user.go:32.16,33.45 1 0
github.com/kotopesp/sos-kotopes/internal/store/user/user.go:33.45,36.4 2 0
github.com/kotopesp/sos-kotopes/internal/store/user/user.go:37.3,38.26 2 0
github.com/kotopesp/sos-kotopes/internal/store/user/user.go:41.2,41.18 1 0
github.com/kotopesp/sos-kotopes/internal/store/user/user.go:44.109,47.21 2 0
github.com/kotopesp/sos-kotopes/internal/store/user/user.go:47.21,52.3 4 0
github.com/kotopesp/sos-kotopes/internal/store/user/user.go:54.2,54.15 1 0
github.com/kotopesp/sos-kotopes/internal/store/user/user.go:54.15,55.45 1 0
github.com/kotopesp/sos-kotopes/internal/store/user/user.go:55.45,58.4 2 0
github.com/kotopesp/sos-kotopes/internal/store/user/user.go:61.2,62.28 2 0
github.com/kotopesp/sos-kotopes/internal/store/user/user.go:62.28,64.3 1 0
github.com/kotopesp/sos-kotopes/internal/store/user/user.go:65.2,65.29 1 0
github.com/kotopesp/sos-kotopes/internal/store/user/user.go:65.29,67.3 1 0
github.com/kotopesp/sos-kotopes/internal/store/user/user.go:68.2,68.28 1 0
github.com/kotopesp/sos-kotopes/internal/store/user/user.go:68.28,70.3 1 0
github.com/kotopesp/sos-kotopes/internal/store/user/user.go:71.2,71.31 1 0
github.com/kotopesp/sos-kotopes/internal/store/user/user.go:71.31,73.3 1 0
github.com/kotopesp/sos-kotopes/internal/store/user/user.go:74.2,74.25 1 0
github.com/kotopesp/sos-kotopes/internal/store/user/user.go:74.25,76.3 1 0
github.com/kotopesp/sos-kotopes/internal/store/user/user.go:78.2,78.32 1 0
github.com/kotopesp/sos-kotopes/internal/store/user/user.go:78.32,80.3 1 0
github.com/kotopesp/sos-kotopes/internal/store/user/user.go:82.2,82.23 1 0
github.com/kotopesp/sos-kotopes/internal/store/user/user.go:82.23,85.3 2 0
github.com/kotopesp/sos-kotopes/internal/store/user/user.go:85.8,87.3 1 0
github.com/kotopesp/sos-kotopes/internal/store/user/user.go:89.2,90.16 2 0
github.com/kotopesp/sos-kotopes/internal/store/user/user.go:90.16,91.45 1 0
github.com/kotopesp/sos-kotopes/internal/store/user/user.go:91.45,94.4 2 0
github.com/kotopesp/sos-kotopes/internal/store/user/user.go:95.3,96.26 2 0
github.com/kotopesp/sos-kotopes/internal/store/user/user.go:99.2,101.16 2 0
github.com/kotopesp/sos-kotopes/internal/store/user/user.go:101.16,102.45 1 0
github.com/kotopesp/sos-kotopes/internal/store/user/user.go:102.45,105.4 2 0
github.com/kotopesp/sos-kotopes/internal/store/user/user.go:106.3,107.26 2 0
github.com/kotopesp/sos-kotopes/internal/store/user/user.go:110.2,110.32 1 0
github.com/kotopesp/sos-kotopes/internal/store/user/user.go:113.101,116.44 3 0
github.com/kotopesp/sos-kotopes/internal/store/user/user.go:116.44,118.3 1 0
github.com/kotopesp/sos-kotopes/internal/store/user/user.go:119.2,119.18 1 0
github.com/kotopesp/sos-kotopes/internal/store/user/user.go:122.86,125.44 3 0
github.com/kotopesp/sos-kotopes/internal/store/user/user.go:125.44,127.3 1 0
github.com/kotopesp/sos-kotopes/internal/store/user/user.go:128.2,128.18 1 0
github.com/kotopesp/sos-kotopes/internal/store/user/user.go:131.86,133.16 2 0
github.com/kotopesp/sos-kotopes/internal/store/user/user.go:133.16,134.58 1 0
github.com/kotopesp/sos-kotopes/internal/store/user/user.go:134.58,136.4 1 0
github.com/kotopesp/sos-kotopes/internal/store/user/user.go:138.2,138.21 1 0
github.com/kotopesp/sos-kotopes/internal/store/user/user.go:141.110,144.44 3 0
github.com/kotopesp/sos-kotopes/internal/store/user/user.go:144.44,146.3 1 0
github.com/kotopesp/sos-kotopes/internal/store/user/user.go:147.2,147.18 1 0
github.com/kotopesp/sos-kotopes/internal/store/user/user.go:150.135,153.15 2 0
github.com/kotopesp/sos-kotopes/internal/store/user/user.go:153.15,154.45 1 0
github.com/kotopesp/sos-kotopes/internal/store/user/user.go:154.45,156.4 1 0
github.com/kotopesp/sos-kotopes/internal/store/user/user.go:159.2,160.16 2 0
github.com/kotopesp/sos-kotopes/internal/store/user/user.go:160.16,162.3 1 0
github.com/kotopesp/sos-kotopes/internal/store/user/user.go:164.2,169.16 2 0
github.com/kotopesp/sos-kotopes/internal/store/user/user.go:169.16,171.3 1 0
github.com/kotopesp/sos-kotopes/internal/store/user/user.go:173.2,173.35 1 0
github.com/kotopesp/sos-kotopes/pkg/postgres/options.go:9.35,10.27 1 0
github.com/kotopesp/sos-kotopes/pkg/postgres/options.go:10.27,12.3 1 0
github.com/kotopesp/sos-kotopes/pkg/postgres/options.go:16.40,17.27 1 0
github.com/kotopesp/sos-kotopes/pkg/postgres/options.go:17.27,19.3 1 0
github.com/kotopesp/sos-kotopes/pkg/postgres/options.go:23.48,24.27 1 0
github.com/kotopesp/sos-kotopes/pkg/postgres/options.go:24.27,26.3 1 0
github.com/kotopesp/sos-kotopes/pkg/postgres/postgres.go:29.80,37.27 2 0
github.com/kotopesp/sos-kotopes/pkg/postgres/postgres.go:37.27,39.3 1 0
github.com/kotopesp/sos-kotopes/pkg/postgres/postgres.go:41.2,44.26 3 0
github.com/kotopesp/sos-kotopes/pkg/postgres/postgres.go:44.26,51.17 2 0
github.com/kotopesp/sos-kotopes/pkg/postgres/postgres.go:51.17,53.18 2 0
github.com/kotopesp/sos-kotopes/pkg/postgres/postgres.go:53.18,55.5 1 0
github.com/kotopesp/sos-kotopes/pkg/postgres/postgres.go:56.4,60.9 4 0
github.com/kotopesp/sos-kotopes/pkg/postgres/postgres.go:63.3,69.20 3 0
github.com/kotopesp/sos-kotopes/pkg/postgres/postgres.go:72.2,72.16 1 0
github.com/kotopesp/sos-kotopes/pkg/postgres/postgres.go:72.16,75.3 2 0
github.com/kotopesp/sos-kotopes/pkg/postgres/postgres.go:77.2,77.16 1 0
github.com/kotopesp/sos-kotopes/pkg/postgres/postgres.go:80.47,82.16 2 0
github.com/kotopesp/sos-kotopes/pkg/postgres/postgres.go:82.16,85.3 2 0
github.com/kotopesp/sos-kotopes/pkg/postgres/postgres.go:87.2,87.38 1 0
github.com/kotopesp/sos-kotopes/pkg/postgres/postgres.go:87.38,89.3 1 0
github.com/kotopesp/sos-kotopes/pkg/logger/logger.go:38.24,41.42 2 0
github.com/kotopesp/sos-kotopes/pkg/logger/logger.go:42.18,43.25 1 0
github.com/kotopesp/sos-kotopes/pkg/logger/logger.go:44.17,45.24 1 0
github.com/kotopesp/sos-kotopes/pkg/logger/logger.go:46.17,47.24 1 0
github.com/kotopesp/sos-kotopes/pkg/logger/logger.go:48.18,49.25 1 0
github.com/kotopesp/sos-kotopes/pkg/logger/logger.go:50.10,51.24 1 0
github.com/kotopesp/sos-kotopes/pkg/logger/logger.go:54.2,63.25 4 0
github.com/kotopesp/sos-kotopes/pkg/logger/logger.go:66.83,68.2 1 0
github.com/kotopesp/sos-kotopes/pkg/logger/logger.go:70.82,72.2 1 0
github.com/kotopesp/sos-kotopes/pkg/logger/logger.go:74.82,76.2 1 0
github.com/kotopesp/sos-kotopes/pkg/logger/logger.go:78.83,80.2 1 0
github.com/kotopesp/sos-kotopes/pkg/logger/logger.go:82.83,86.2 2 0
github.com/kotopesp/sos-kotopes/pkg/logger/logger.go:88.64,90.24 2 0
github.com/kotopesp/sos-kotopes/pkg/logger/logger.go:90.24,92.3 1 0
github.com/kotopesp/sos-kotopes/pkg/logger/logger.go:94.2,98.16 2 0
github.com/kotopesp/sos-kotopes/pkg/logger/logger.go:101.75,104.15 2 0
github.com/kotopesp/sos-kotopes/pkg/logger/logger.go:105.25,106.24 1 0
github.com/kotopesp/sos-kotopes/pkg/logger/logger.go:107.24,108.24 1 0
github.com/kotopesp/sos-kotopes/pkg/logger/logger.go:109.23,110.23 1 0
github.com/kotopesp/sos-kotopes/pkg/logger/logger.go:111.23,112.23 1 0
github.com/kotopesp/sos-kotopes/pkg/logger/logger.go:115.2,116.12 2 0
github.com/kotopesp/sos-kotopes/pkg/logger/logger.go:119.118,128.16 4 0
github.com/kotopesp/sos-kotopes/pkg/logger/logger.go:128.16,130.3 1 0
github.com/kotopesp/sos-kotopes/pkg/logger/logger.go:132.2,132.15 1 0
github.com/kotopesp/sos-kotopes/pkg/logger/logger.go:138.19,139.16 1 0
github.com/kotopesp/sos-kotopes/pkg/logger/logger.go:139.16,141.3 1 0
github.com/kotopesp/sos-kotopes/pkg/logger/logger.go:142.2,142.12 1 0
github.com/kotopesp/sos-kotopes/docs/docs.go:2518.13,2520.2 1 1
github.com/kotopesp/sos-kotopes/internal/controller/http/auth.go:22.56,24.2 1 0
github.com/kotopesp/sos-kotopes/internal/controller/http/auth.go:26.54,34.2 1 0
github.com/kotopesp/sos-kotopes/internal/controller/http/auth.go:51.51,54.56 3 0
github.com/kotopesp/sos-kotopes/internal/controller/http/auth.go:54.56,56.3 1 0
github.com/kotopesp/sos-kotopes/internal/controller/http/auth.go:57.2,63.16 3 0
github.com/kotopesp/sos-kotopes/internal/controller/http/auth.go:63.16,64.49 1 0
github.com/kotopesp/sos-kotopes/internal/controller/http/auth.go:64.49,67.4 2 0
github.com/kotopesp/sos-kotopes/internal/controller/http/auth.go:69.3,70.92 2 0
github.com/kotopesp/sos-kotopes/internal/controller/http/auth.go:73.2,75.71 2 0
github.com/kotopesp/sos-kotopes/internal/controller/http/auth.go:79.66,81.16 2 0
github.com/kotopesp/sos-kotopes/internal/controller/http/auth.go:81.16,83.3 1 0
github.com/kotopesp/sos-kotopes/internal/controller/http/auth.go:85.2,88.16 3 0
github.com/kotopesp/sos-kotopes/internal/controller/http/auth.go:88.16,90.3 1 0
github.com/kotopesp/sos-kotopes/internal/controller/http/auth.go:92.2,92.25 1 0
github.com/kotopesp/sos-kotopes/internal/controller/http/auth.go:114.47,117.56 3 0
github.com/kotopesp/sos-kotopes/internal/controller/http/auth.go:117.56,119.3 1 0
github.com/kotopesp/sos-kotopes/internal/controller/http/auth.go:121.2,122.16 2 0
github.com/kotopesp/sos-kotopes/internal/controller/http/auth.go:122.16,124.3 1 0
github.com/kotopesp/sos-kotopes/internal/controller/http/auth.go:124.8,126.17 2 0
github.com/kotopesp/sos-kotopes/internal/controller/http/auth.go:126.17,129.4 2 0
github.com/kotopesp/sos-kotopes/internal/controller/http/auth.go:130.3,130.26 1 0
github.com/kotopesp/sos-kotopes/internal/controller/http/auth.go:133.2,136.16 3 0
github.com/kotopesp/sos-kotopes/internal/controller/http/auth.go:136.16,138.3 1 0
github.com/kotopesp/sos-kotopes/internal/controller/http/auth.go:140.2,140.47 1 0
github.com/kotopesp/sos-kotopes/internal/controller/http/auth.go:140.47,145.3 2 0
github.com/kotopesp/sos-kotopes/internal/controller/http/auth.go:147.2,149.91 2 0
github.com/kotopesp/sos-kotopes/internal/controller/http/auth.go:153.53,155.9 2 0
github.com/kotopesp/sos-kotopes/internal/controller/http/auth.go:155.9,157.3 1 0
github.com/kotopesp/sos-kotopes/internal/controller/http/auth.go:158.2,159.9 2 0
github.com/kotopesp/sos-kotopes/internal/controller/http/auth.go:159.9,161.3 1 0
github.com/kotopesp/sos-kotopes/internal/controller/http/auth.go:162.2,162.20 1 0
github.com/kotopesp/sos-kotopes/internal/controller/http/auth.go:177.48,182.16 2 0
github.com/kotopesp/sos-kotopes/internal/controller/http/auth.go:182.16,183.43 1 0
github.com/kotopesp/sos-kotopes/internal/controller/http/auth.go:183.43,186.4 2 0
github.com/kotopesp/sos-kotopes/internal/controller/http/auth.go:187.3,188.92 2 0
github.com/kotopesp/sos-kotopes/internal/controller/http/auth.go:190.2,192.71 2 0
github.com/kotopesp/sos-kotopes/internal/controller/http/auth.go:196.49,200.16 3 0
github.com/kotopesp/sos-kotopes/internal/controller/http/auth.go:200.16,202.3 1 0
github.com/kotopesp/sos-kotopes/internal/controller/http/auth.go:204.2,206.20 2 0
github.com/kotopesp/sos-kotopes/internal/controller/http/auth.go:210.48,214.16 3 0
github.com/kotopesp/sos-kotopes/internal/controller/http/auth.go:214.16,217.3 2 0
github.com/kotopesp/sos-kotopes/internal/controller/http/auth.go:219.2,229.26 3 0
github.com/kotopesp/sos-kotopes/internal/controller/http/auth.go:233.65,241.2 1 0
github.com/kotopesp/sos-kotopes/internal/controller/http/auth.go:244.49,246.16 2 0
github.com/kotopesp/sos-kotopes/internal/controller/http/auth.go:246.16,249.3 2 0
github.com/kotopesp/sos-kotopes/internal/controller/http/auth.go:251.2,251.52 1 0
github.com/kotopesp/sos-kotopes/internal/controller/http/auth.go:251.52,254.3 2 0
github.com/kotopesp/sos-kotopes/internal/controller/http/auth.go:256.2,260.16 2 0
github.com/kotopesp/sos-kotopes/internal/controller/http/auth.go:260.16,263.3 2 0
github.com/kotopesp/sos-kotopes/internal/controller/http/auth.go:265.2,267.71 2 0
github.com/kotopesp/sos-kotopes/internal/controller/http/comment.go:29.52,32.56 3 0
github.com/kotopesp/sos-kotopes/internal/controller/http/comment.go:32.56,34.3 1 0
github.com/kotopesp/sos-kotopes/internal/controller/http/comment.go:36.2,38.56 3 0
github.com/kotopesp/sos-kotopes/internal/controller/http/comment.go:38.56,40.3 1 0
github.com/kotopesp/sos-kotopes/internal/controller/http/comment.go:42.2,46.16 2 0
github.com/kotopesp/sos-kotopes/internal/controller/http/comment.go:46.16,47.43 1 0
github.com/kotopesp/sos-kotopes/internal/controller/http/comment.go:47.43,50.4 2 0
github.com/kotopesp/sos-kotopes/internal/controller/http/comment.go:52.3,53.92 2 0
github.com/kotopesp/sos-kotopes/internal/controller/http/comment.go:56.2,63.4 3 0
github.com/kotopesp/sos-kotopes/internal/controller/http/comment.go:82.54,85.56 3 0
github.com/kotopesp/sos-kotopes/internal/controller/http/comment.go:85.56,87.3 1 0
github.com/kotopesp/sos-kotopes/internal/controller/http/comment.go:89.2,91.56 3 0
github.com/kotopesp/sos-kotopes/internal/controller/http/comment.go:91.56,93.3 1 0
github.com/kotopesp/sos-kotopes/internal/controller/http/comment.go:95.2,99.16 4 0
github.com/kotopesp/sos-kotopes/internal/controller/http/comment.go:99.16,102.3 2 0
github.com/kotopesp/sos-kotopes/internal/controller/http/comment.go:103.2,106.16 3 0
github.com/kotopesp/sos-kotopes/internal/controller/http/comment.go:106.16,107.43 1 0
github.com/kotopesp/sos-kotopes/internal/controller/http/comment.go:107.43,110.4 2 0
github.com/kotopesp/sos-kotopes/internal/controller/http/comment.go:112.3,113.92 2 0
github.com/kotopesp/sos-kotopes/internal/controller/http/comment.go:116.2,118.3 1 0
github.com/kotopesp/sos-kotopes/internal/controller/http/comment.go:121.41,128.2 1 0
github.com/kotopesp/sos-kotopes/internal/controller/http/comment.go:148.54,151.56 3 0
github.com/kotopesp/sos-kotopes/internal/controller/http/comment.go:151.56,153.3 1 0
github.com/kotopesp/sos-kotopes/internal/controller/http/comment.go:155.2,157.56 3 0
github.com/kotopesp/sos-kotopes/internal/controller/http/comment.go:157.56,159.3 1 0
github.com/kotopesp/sos-kotopes/internal/controller/http/comment.go:161.2,166.16 5 0
github.com/kotopesp/sos-kotopes/internal/controller/http/comment.go:166.16,169.3 2 0
github.com/kotopesp/sos-kotopes/internal/controller/http/comment.go:170.2,173.9 3 0
github.com/kotopesp/sos-kotopes/internal/controller/http/comment.go:174.55,176.82 2 0
github.com/kotopesp/sos-kotopes/internal/controller/http/comment.go:177.31,179.81 2 0
github.com/kotopesp/sos-kotopes/internal/controller/http/comment.go:180.18,182.92 2 0
github.com/kotopesp/sos-kotopes/internal/controller/http/comment.go:185.2,187.3 1 0
github.com/kotopesp/sos-kotopes/internal/controller/http/comment.go:206.54,209.56 3 0
github.com/kotopesp/sos-kotopes/internal/controller/http/comment.go:209.56,211.3 1 0
[...]
github.com/kotopesp/sos-kotopes/internal/core/mocks/RoleService.go:48.2,48.78 1 0
github.com/kotopesp/sos-kotopes/internal/core/mocks/RoleService.go:48.78,50.3 1 0
github.com/kotopesp/sos-kotopes/internal/core/mocks/RoleService.go:50.8,51.24 1 0
github.com/kotopesp/sos-kotopes/internal/core/mocks/RoleService.go:51.24,53.4 1 0
github.com/kotopesp/sos-kotopes/internal/core/mocks/RoleService.go:56.2,56.65 1 0
github.com/kotopesp/sos-kotopes/internal/core/mocks/RoleService.go:56.65,58.3 1 0
github.com/kotopesp/sos-kotopes/internal/core/mocks/RoleService.go:58.8,60.3 1 0
github.com/kotopesp/sos-kotopes/internal/core/mocks/RoleService.go:62.2,62.15 1 0
github.com/kotopesp/sos-kotopes/internal/core/mocks/RoleService.go:66.115,69.19 2 0
github.com/kotopesp/sos-kotopes/internal/core/mocks/RoleService.go:69.19,70.56 1 0
github.com/kotopesp/sos-kotopes/internal/core/mocks/RoleService.go:73.2,75.101 3 0
github.com/kotopesp/sos-kotopes/internal/core/mocks/RoleService.go:75.101,77.3 1 0
github.com/kotopesp/sos-kotopes/internal/core/mocks/RoleService.go:78.2,78.92 1 0
github.com/kotopesp/sos-kotopes/internal/core/mocks/RoleService.go:78.92,80.3 1 0
github.com/kotopesp/sos-kotopes/internal/core/mocks/RoleService.go:80.8,82.3 1 0
github.com/kotopesp/sos-kotopes/internal/core/mocks/RoleService.go:84.2,84.81 1 0
github.com/kotopesp/sos-kotopes/internal/core/mocks/RoleService.go:84.81,86.3 1 0
github.com/kotopesp/sos-kotopes/internal/core/mocks/RoleService.go:86.8,88.3 1 0
github.com/kotopesp/sos-kotopes/internal/core/mocks/RoleService.go:90.2,90.15 1 0
github.com/kotopesp/sos-kotopes/internal/core/mocks/RoleService.go:94.116,97.19 2 0
github.com/kotopesp/sos-kotopes/internal/core/mocks/RoleService.go:97.19,98.56 1 0
github.com/kotopesp/sos-kotopes/internal/core/mocks/RoleService.go:101.2,103.102 3 0
github.com/kotopesp/sos-kotopes/internal/core/mocks/RoleService.go:103.102,105.3 1 0
github.com/kotopesp/sos-kotopes/internal/core/mocks/RoleService.go:106.2,106.93 1 0
github.com/kotopesp/sos-kotopes/internal/core/mocks/RoleService.go:106.93,108.3 1 0
github.com/kotopesp/sos-kotopes/internal/core/mocks/RoleService.go:108.8,110.3 1 0
github.com/kotopesp/sos-kotopes/internal/core/mocks/RoleService.go:112.2,112.82 1 0
github.com/kotopesp/sos-kotopes/internal/core/mocks/RoleService.go:112.82,114.3 1 0
github.com/kotopesp/sos-kotopes/internal/core/mocks/RoleService.go:114.8,116.3 1 0
github.com/kotopesp/sos-kotopes/internal/core/mocks/RoleService.go:118.2,118.15 1 0
github.com/kotopesp/sos-kotopes/internal/core/mocks/RoleService.go:126.17,130.19 3 0
github.com/kotopesp/sos-kotopes/internal/core/mocks/RoleService.go:130.19,130.49 1 0
github.com/kotopesp/sos-kotopes/internal/core/mocks/RoleService.go:132.2,132.13 1 0
github.com/kotopesp/sos-kotopes/internal/core/mocks/UserService.go:18.80,21.19 2 0
github.com/kotopesp/sos-kotopes/internal/core/mocks/UserService.go:21.19,22.49 1 0
github.com/kotopesp/sos-kotopes/internal/core/mocks/UserService.go:25.2,27.78 3 0
github.com/kotopesp/sos-kotopes/internal/core/mocks/UserService.go:27.78,29.3 1 0
github.com/kotopesp/sos-kotopes/internal/core/mocks/UserService.go:30.2,30.69 1 0
github.com/kotopesp/sos-kotopes/internal/core/mocks/UserService.go:30.69,32.3 1 0
github.com/kotopesp/sos-kotopes/internal/core/mocks/UserService.go:32.8,34.3 1 0
github.com/kotopesp/sos-kotopes/internal/core/mocks/UserService.go:36.2,36.65 1 0
github.com/kotopesp/sos-kotopes/internal/core/mocks/UserService.go:36.65,38.3 1 0
github.com/kotopesp/sos-kotopes/internal/core/mocks/UserService.go:38.8,40.3 1 0
github.com/kotopesp/sos-kotopes/internal/core/mocks/UserService.go:42.2,42.15 1 0
github.com/kotopesp/sos-kotopes/internal/core/mocks/UserService.go:46.107,49.19 2 0
github.com/kotopesp/sos-kotopes/internal/core/mocks/UserService.go:49.19,50.52 1 0
github.com/kotopesp/sos-kotopes/internal/core/mocks/UserService.go:53.2,55.95 3 0
github.com/kotopesp/sos-kotopes/internal/core/mocks/UserService.go:55.95,57.3 1 0
github.com/kotopesp/sos-kotopes/internal/core/mocks/UserService.go:58.2,58.86 1 0
github.com/kotopesp/sos-kotopes/internal/core/mocks/UserService.go:58.86,60.3 1 0
github.com/kotopesp/sos-kotopes/internal/core/mocks/UserService.go:60.8,62.3 1 0
github.com/kotopesp/sos-kotopes/internal/core/mocks/UserService.go:64.2,64.82 1 0
github.com/kotopesp/sos-kotopes/internal/core/mocks/UserService.go:64.82,66.3 1 0
github.com/kotopesp/sos-kotopes/internal/core/mocks/UserService.go:66.8,68.3 1 0
github.com/kotopesp/sos-kotopes/internal/core/mocks/UserService.go:70.2,70.15 1 0
github.com/kotopesp/sos-kotopes/internal/core/mocks/UserService.go:78.17,82.19 3 0
github.com/kotopesp/sos-kotopes/internal/core/mocks/UserService.go:82.19,82.49 1 0
github.com/kotopesp/sos-kotopes/internal/core/mocks/UserService.go:84.2,84.13 1 0
github.com/kotopesp/sos-kotopes/internal/core/mocks/UserStore.go:18.121,20.23 1 0
github.com/kotopesp/sos-kotopes/internal/core/mocks/UserStore.go:23.87,25.23 1 0
github.com/kotopesp/sos-kotopes/internal/core/mocks/UserStore.go:28.95,30.23 1 0
github.com/kotopesp/sos-kotopes/internal/core/mocks/UserStore.go:34.129,39.91 4 0
github.com/kotopesp/sos-kotopes/internal/core/mocks/UserStore.go:39.91,41.3 1 0
github.com/kotopesp/sos-kotopes/internal/core/mocks/UserStore.go:42.2,42.82 1 0
github.com/kotopesp/sos-kotopes/internal/core/mocks/UserStore.go:42.82,44.3 1 0
github.com/kotopesp/sos-kotopes/internal/core/mocks/UserStore.go:44.8,46.3 1 0
github.com/kotopesp/sos-kotopes/internal/core/mocks/UserStore.go:48.2,48.84 1 0
github.com/kotopesp/sos-kotopes/internal/core/mocks/UserStore.go:48.84,50.3 1 0
github.com/kotopesp/sos-kotopes/internal/core/mocks/UserStore.go:50.8,52.3 1 0
github.com/kotopesp/sos-kotopes/internal/core/mocks/UserStore.go:54.2,54.15 1 0
github.com/kotopesp/sos-kotopes/internal/core/mocks/UserStore.go:58.80,63.78 4 1
github.com/kotopesp/sos-kotopes/internal/core/mocks/UserStore.go:63.78,65.3 1 0
github.com/kotopesp/sos-kotopes/internal/core/mocks/UserStore.go:66.2,66.69 1 1
github.com/kotopesp/sos-kotopes/internal/core/mocks/UserStore.go:66.69,68.3 1 0
github.com/kotopesp/sos-kotopes/internal/core/mocks/UserStore.go:68.8,70.3 1 1
github.com/kotopesp/sos-kotopes/internal/core/mocks/UserStore.go:72.2,72.71 1 1
github.com/kotopesp/sos-kotopes/internal/core/mocks/UserStore.go:72.71,74.3 1 0
github.com/kotopesp/sos-kotopes/internal/core/mocks/UserStore.go:74.8,76.3 1 1
github.com/kotopesp/sos-kotopes/internal/core/mocks/UserStore.go:78.2,78.15 1 1
github.com/kotopesp/sos-kotopes/internal/core/mocks/UserStore.go:82.106,87.86 4 0
github.com/kotopesp/sos-kotopes/internal/core/mocks/UserStore.go:87.86,89.3 1 0
github.com/kotopesp/sos-kotopes/internal/core/mocks/UserStore.go:90.2,90.77 1 0
github.com/kotopesp/sos-kotopes/internal/core/mocks/UserStore.go:90.77,92.3 1 0
github.com/kotopesp/sos-kotopes/internal/core/mocks/UserStore.go:92.8,94.3 1 0
github.com/kotopesp/sos-kotopes/internal/core/mocks/UserStore.go:96.2,96.65 1 0
github.com/kotopesp/sos-kotopes/internal/core/mocks/UserStore.go:96.65,98.3 1 0
github.com/kotopesp/sos-kotopes/internal/core/mocks/UserStore.go:98.8,100.3 1 0
github.com/kotopesp/sos-kotopes/internal/core/mocks/UserStore.go:102.2,102.15 1 0
github.com/kotopesp/sos-kotopes/internal/core/mocks/UserStore.go:106.82,111.78 4 1
github.com/kotopesp/sos-kotopes/internal/core/mocks/UserStore.go:111.78,113.3 1 0
github.com/kotopesp/sos-kotopes/internal/core/mocks/UserStore.go:114.2,114.69 1 1
github.com/kotopesp/sos-kotopes/internal/core/mocks/UserStore.go:114.69,116.3 1 0
github.com/kotopesp/sos-kotopes/internal/core/mocks/UserStore.go:116.8,118.3 1 1
github.com/kotopesp/sos-kotopes/internal/core/mocks/UserStore.go:120.2,120.65 1 1
github.com/kotopesp/sos-kotopes/internal/core/mocks/UserStore.go:120.65,122.3 1 0
github.com/kotopesp/sos-kotopes/internal/core/mocks/UserStore.go:122.8,124.3 1 1
github.com/kotopesp/sos-kotopes/internal/core/mocks/UserStore.go:126.2,126.15 1 1
github.com/kotopesp/sos-kotopes/internal/core/mocks/UserStore.go:130.97,135.81 4 1
github.com/kotopesp/sos-kotopes/internal/core/mocks/UserStore.go:135.81,137.3 1 0
github.com/kotopesp/sos-kotopes/internal/core/mocks/UserStore.go:138.2,138.72 1 1
github.com/kotopesp/sos-kotopes/internal/core/mocks/UserStore.go:138.72,140.3 1 0
github.com/kotopesp/sos-kotopes/internal/core/mocks/UserStore.go:140.8,142.3 1 1
github.com/kotopesp/sos-kotopes/internal/core/mocks/UserStore.go:144.2,144.68 1 1
github.com/kotopesp/sos-kotopes/internal/core/mocks/UserStore.go:144.68,146.3 1 0
github.com/kotopesp/sos-kotopes/internal/core/mocks/UserStore.go:146.8,148.3 1 1
github.com/kotopesp/sos-kotopes/internal/core/mocks/UserStore.go:150.2,150.15 1 1
github.com/kotopesp/sos-kotopes/internal/core/mocks/UserStore.go:159.69,163.19 3 1
github.com/kotopesp/sos-kotopes/internal/core/mocks/UserStore.go:163.19,163.49 1 1
github.com/kotopesp/sos-kotopes/internal/core/mocks/UserStore.go:165.2,165.13 1 1
github.com/kotopesp/sos-kotopes/internal/service/auth/auth.go:33.20,39.2 1 1
github.com/kotopesp/sos-kotopes/internal/service/auth/auth.go:42.41,44.2 1 0
github.com/kotopesp/sos-kotopes/internal/service/auth/auth.go:46.56,48.2 1 1
github.com/kotopesp/sos-kotopes/internal/service/auth/auth.go:50.99,54.2 3 1
github.com/kotopesp/sos-kotopes/internal/service/auth/auth.go:57.114,59.16 2 1
github.com/kotopesp/sos-kotopes/internal/service/auth/auth.go:59.16,60.41 1 1
github.com/kotopesp/sos-kotopes/internal/service/auth/auth.go:60.41,62.4 1 1
github.com/kotopesp/sos-kotopes/internal/service/auth/auth.go:63.3,63.23 1 1
github.com/kotopesp/sos-kotopes/internal/service/auth/auth.go:66.2,67.16 2 1
github.com/kotopesp/sos-kotopes/internal/service/auth/auth.go:67.16,68.58 1 1
github.com/kotopesp/sos-kotopes/internal/service/auth/auth.go:68.58,70.4 1 1
github.com/kotopesp/sos-kotopes/internal/service/auth/auth.go:71.3,71.23 1 0
github.com/kotopesp/sos-kotopes/internal/service/auth/auth.go:74.2,75.16 2 1
github.com/kotopesp/sos-kotopes/internal/service/auth/auth.go:75.16,77.3 1 0
github.com/kotopesp/sos-kotopes/internal/service/auth/auth.go:79.2,83.16 4 1
github.com/kotopesp/sos-kotopes/internal/service/auth/auth.go:83.16,85.3 1 1
github.com/kotopesp/sos-kotopes/internal/service/auth/auth.go:87.2,92.16 2 1
github.com/kotopesp/sos-kotopes/internal/service/auth/auth.go:92.16,94.3 1 1
github.com/kotopesp/sos-kotopes/internal/service/auth/auth.go:96.2,96.46 1 1
github.com/kotopesp/sos-kotopes/internal/service/auth/auth.go:100.74,102.16 2 1
github.com/kotopesp/sos-kotopes/internal/service/auth/auth.go:102.16,104.3 1 0
github.com/kotopesp/sos-kotopes/internal/service/auth/auth.go:106.2,108.58 2 1
github.com/kotopesp/sos-kotopes/internal/service/auth/auth.go:108.58,110.3 1 1
github.com/kotopesp/sos-kotopes/internal/service/auth/auth.go:112.2,112.12 1 1
github.com/kotopesp/sos-kotopes/internal/service/auth/auth.go:116.113,118.16 2 0
github.com/kotopesp/sos-kotopes/internal/service/auth/auth.go:118.16,120.3 1 0
github.com/kotopesp/sos-kotopes/internal/service/auth/auth.go:122.2,123.16 2 0
github.com/kotopesp/sos-kotopes/internal/service/auth/auth.go:123.16,125.3 1 0
github.com/kotopesp/sos-kotopes/internal/service/auth/auth.go:127.2,127.39 1 0
github.com/kotopesp/sos-kotopes/internal/service/auth/auth.go:131.115,136.16 3 0
github.com/kotopesp/sos-kotopes/internal/service/auth/auth.go:136.16,137.41 1 0
github.com/kotopesp/sos-kotopes/internal/service/auth/auth.go:137.41,142.18 2 0
github.com/kotopesp/sos-kotopes/internal/service/auth/auth.go:142.18,144.5 1 0
github.com/kotopesp/sos-kotopes/internal/service/auth/auth.go:145.9,147.4 1 0
github.com/kotopesp/sos-kotopes/internal/service/auth/auth.go:148.8,150.3 1 0
github.com/kotopesp/sos-kotopes/internal/service/auth/auth.go:152.2,154.16 2 0
github.com/kotopesp/sos-kotopes/internal/service/auth/auth.go:154.16,156.3 1 0
github.com/kotopesp/sos-kotopes/internal/service/auth/auth.go:158.2,161.4 1 0
github.com/kotopesp/sos-kotopes/internal/service/auth/auth.go:165.130,167.16 2 0
github.com/kotopesp/sos-kotopes/internal/service/auth/auth.go:167.16,169.3 1 0
github.com/kotopesp/sos-kotopes/internal/service/auth/auth.go:171.2,173.16 3 0
github.com/kotopesp/sos-kotopes/internal/service/auth/auth.go:173.16,175.3 1 0
github.com/kotopesp/sos-kotopes/internal/service/auth/auth.go:176.2,176.20 1 0
github.com/kotopesp/sos-kotopes/internal/service/auth/auth.go:183.50,185.16 2 1
github.com/kotopesp/sos-kotopes/internal/service/auth/auth.go:185.16,187.3 1 1
github.com/kotopesp/sos-kotopes/internal/service/auth/auth.go:189.2,190.16 2 1
github.com/kotopesp/sos-kotopes/internal/service/auth/auth.go:190.16,192.3 1 1
github.com/kotopesp/sos-kotopes/internal/service/auth/auth.go:194.2,195.16 2 1
github.com/kotopesp/sos-kotopes/internal/service/auth/auth.go:195.16,197.3 1 0
github.com/kotopesp/sos-kotopes/internal/service/auth/auth.go:199.2,199.44 1 1
github.com/kotopesp/sos-kotopes/internal/service/auth/auth.go:199.44,201.3 1 1
github.com/kotopesp/sos-kotopes/internal/service/auth/auth.go:203.2,210.16 3 1
github.com/kotopesp/sos-kotopes/internal/service/auth/auth.go:210.16,212.3 1 1
github.com/kotopesp/sos-kotopes/internal/service/auth/auth.go:214.2,214.55 1 1
github.com/kotopesp/sos-kotopes/internal/service/auth/auth_vk.go:16.45,25.2 2 0
github.com/kotopesp/sos-kotopes/internal/service/auth/auth_vk.go:28.65,30.16 2 0
github.com/kotopesp/sos-kotopes/internal/service/auth/auth_vk.go:30.16,32.3 1 0
github.com/kotopesp/sos-kotopes/internal/service/auth/auth_vk.go:34.2,48.16 7 0
github.com/kotopesp/sos-kotopes/internal/service/auth/auth_vk.go:48.16,50.3 1 0
github.com/kotopesp/sos-kotopes/internal/service/auth/auth_vk.go:52.2,55.16 3 0
github.com/kotopesp/sos-kotopes/internal/service/auth/auth_vk.go:55.16,57.3 1 0
github.com/kotopesp/sos-kotopes/internal/service/auth/auth_vk.go:59.2,66.16 3 0
github.com/kotopesp/sos-kotopes/internal/service/auth/auth_vk.go:66.16,68.3 1 0
github.com/kotopesp/sos-kotopes/internal/service/auth/auth_vk.go:68.8,68.38 1 0
github.com/kotopesp/sos-kotopes/internal/service/auth/auth_vk.go:68.38,70.3 1 0
github.com/kotopesp/sos-kotopes/internal/service/auth/auth_vk.go:72.2,72.41 1 0
github.com/kotopesp/sos-kotopes/internal/service/auth/token_generators.go:15.81,27.16 5 1
github.com/kotopesp/sos-kotopes/internal/service/auth/token_generators.go:27.16,29.3 1 0
github.com/kotopesp/sos-kotopes/internal/service/auth/token_generators.go:31.2,31.17 1 1
github.com/kotopesp/sos-kotopes/internal/service/auth/token_generators.go:35.49,37.2 1 1
github.com/kotopesp/sos-kotopes/internal/store/refresh_session/helpers.go:10.50,11.33 1 1
github.com/kotopesp/sos-kotopes/internal/store/refresh_session/helpers.go:11.33,14.96 1 0
github.com/kotopesp/sos-kotopes/internal/store/refresh_session/helpers.go:14.96,17.4 2 0
github.com/kotopesp/sos-kotopes/internal/store/refresh_session/helpers.go:18.3,18.13 1 0
github.com/kotopesp/sos-kotopes/internal/store/refresh_session/helpers.go:22.49,23.30 1 1
github.com/kotopesp/sos-kotopes/internal/store/refresh_session/helpers.go:23.30,23.44 1 0
github.com/kotopesp/sos-kotopes/internal/store/refresh_session/refresh_session.go:18.79,22.87 3 0
github.com/kotopesp/sos-kotopes/internal/store/refresh_session/refresh_session.go:22.87,25.3 2 0
github.com/kotopesp/sos-kotopes/internal/store/refresh_session/refresh_session.go:27.2,27.42 1 0
github.com/kotopesp/sos-kotopes/internal/store/refresh_session/refresh_session.go:27.42,29.3 1 0
github.com/kotopesp/sos-kotopes/internal/store/refresh_session/refresh_session.go:31.2,31.91 1 0
github.com/kotopesp/sos-kotopes/internal/store/refresh_session/refresh_session.go:31.91,34.3 2 0
github.com/kotopesp/sos-kotopes/internal/store/refresh_session/refresh_session.go:36.2,36.26 1 0
github.com/kotopesp/sos-kotopes/internal/store/refresh_session/refresh_session.go:43.9,47.16 3 0
github.com/kotopesp/sos-kotopes/internal/store/refresh_session/refresh_session.go:47.16,49.3 1 0
github.com/kotopesp/sos-kotopes/internal/store/refresh_session/refresh_session.go:51.2,51.45 1 0
github.com/kotopesp/sos-kotopes/internal/store/refresh_session/refresh_session.go:51.45,54.3 2 0
github.com/kotopesp/sos-kotopes/internal/store/refresh_session/refresh_session.go:56.2,56.26 1 0
github.com/kotopesp/sos-kotopes/internal/store/refresh_session/refresh_session.go:59.115,60.91 1 0
github.com/kotopesp/sos-kotopes/internal/store/refresh_session/refresh_session.go:60.91,62.3 1 0
github.com/kotopesp/sos-kotopes/internal/store/refresh_session/refresh_session.go:64.2,64.18 1 0
github.com/kotopesp/sos-kotopes/internal/store/refresh_session/refresh_session.go:67.58,69.2 1 0
github.com/kotopesp/sos-kotopes/pkg/logger/logger.go:38.24,41.42 2 1
github.com/kotopesp/sos-kotopes/pkg/logger/logger.go:42.18,43.25 1 0
github.com/kotopesp/sos-kotopes/pkg/logger/logger.go:44.17,45.24 1 0
github.com/kotopesp/sos-kotopes/pkg/logger/logger.go:46.17,47.24 1 0
github.com/kotopesp/sos-kotopes/pkg/logger/logger.go:48.18,49.25 1 0
github.com/kotopesp/sos-kotopes/pkg/logger/logger.go:50.10,51.24 1 1
github.com/kotopesp/sos-kotopes/pkg/logger/logger.go:54.2,63.25 4 1
github.com/kotopesp/sos-kotopes/pkg/logger/logger.go:66.83,68.2 1 1
github.com/kotopesp/sos-kotopes/pkg/logger/logger.go:70.82,72.2 1 0
github.com/kotopesp/sos-kotopes/pkg/logger/logger.go:74.82,76.2 1 0
github.com/kotopesp/sos-kotopes/pkg/logger/logger.go:78.83,80.2 1 0
github.com/kotopesp/sos-kotopes/pkg/logger/logger.go:82.83,86.2 2 0
github.com/kotopesp/sos-kotopes/pkg/logger/logger.go:88.64,90.24 2 1
github.com/kotopesp/sos-kotopes/pkg/logger/logger.go:90.24,92.3 1 1
github.com/kotopesp/sos-kotopes/pkg/logger/logger.go:94.2,98.16 2 1
github.com/kotopesp/sos-kotopes/pkg/logger/logger.go:101.75,104.15 2 0
github.com/kotopesp/sos-kotopes/pkg/logger/logger.go:105.25,106.24 1 0
github.com/kotopesp/sos-kotopes/pkg/logger/logger.go:107.24,108.24 1 0
github.com/kotopesp/sos-kotopes/pkg/logger/logger.go:109.23,110.23 1 0
github.com/kotopesp/sos-kotopes/pkg/logger/logger.go:111.23,112.23 1 0
github.com/kotopesp/sos-kotopes/pkg/logger/logger.go:115.2,116.12 2 0
github.com/kotopesp/sos-kotopes/pkg/logger/logger.go:119.118,128.16 4 0
github.com/kotopesp/sos-kotopes/pkg/logger/logger.go:128.16,130.3 1 0
github.com/kotopesp/sos-kotopes/pkg/logger/logger.go:132.2,132.15 1 0
github.com/kotopesp/sos-kotopes/pkg/logger/logger.go:138.19,139.16 1 1
github.com/kotopesp/sos-kotopes/pkg/logger/logger.go:139.16,141.3 1 1
github.com/kotopesp/sos-kotopes/pkg/logger/logger.go:142.2,142.12 1 1
github.com/kotopesp/sos-kotopes/pkg/postgres/options.go:9.35,10.27 1 0
github.com/kotopesp/sos-kotopes/pkg/postgres/options.go:10.27,12.3 1 0
github.com/kotopesp/sos-kotopes/pkg/postgres/options.go:16.40,17.27 1 0
github.com/kotopesp/sos-kotopes/pkg/postgres/options.go:17.27,19.3 1 0
github.com/kotopesp/sos-kotopes/pkg/postgres/options.go:23.48,24.27 1 0
github.com/kotopesp/sos-kotopes/pkg/postgres/options.go:24.27,26.3 1 0
github.com/kotopesp/sos-kotopes/pkg/postgres/postgres.go:29.80,37.27 2 0
github.com/kotopesp/sos-kotopes/pkg/postgres/postgres.go:37.27,39.3 1 0
github.com/kotopesp/sos-kotopes/pkg/postgres/postgres.go:41.2,44.26 3 0
github.com/kotopesp/sos-kotopes/pkg/postgres/postgres.go:44.26,51.17 2 0
github.com/kotopesp/sos-kotopes/pkg/postgres/postgres.go:51.17,53.18 2 0
github.com/kotopesp/sos-kotopes/pkg/postgres/postgres.go:53.18,55.5 1 0
github.com/kotopesp/sos-kotopes/pkg/postgres/postgres.go:56.4,60.9 4 0
github.com/kotopesp/sos-kotopes/pkg/postgres/postgres.go:63.3,69.20 3 0
github.com/kotopesp/sos-kotopes/pkg/postgres/postgres.go:72.2,72.16 1 0
github.com/kotopesp/sos-kotopes/pkg/postgres/postgres.go:72.16,75.3 2 0
github.com/kotopesp/sos-kotopes/pkg/postgres/postgres.go:77.2,77.16 1 0
github.com/kotopesp/sos-kotopes/pkg/postgres/postgres.go:80.47,82.16 2 0
github.com/kotopesp/sos-kotopes/pkg/postgres/postgres.go:82.16,85.3 2 0
github.com/kotopesp/sos-kotopes/pkg/postgres/postgres.go:87.2,87.38 1 0
github.com/kotopesp/sos-kotopes/pkg/postgres/postgres.go:87.38,89.3 1 0
