mode: set
github.com/kotopesp/sos-kotopes/cmd/main.go:10.13,13.16 2 0
github.com/kotopesp/sos-kotopes/cmd/main.go:13.16,15.3 1 0
github.com/kotopesp/sos-kotopes/cmd/main.go:18.2,18.14 1 0
github.com/kotopesp/sos-kotopes/config/config.go:45.35,85.2 14 0
github.com/kotopesp/sos-kotopes/internal/app/app.go:31.30,39.16 4 0
github.com/kotopesp/sos-kotopes/internal/app/app.go:39.16,41.3 1 0
github.com/kotopesp/sos-kotopes/internal/app/app.go:42.2,91.16 17 0
github.com/kotopesp/sos-kotopes/internal/app/app.go:91.16,93.3 1 0
github.com/kotopesp/sos-kotopes/internal/app/app.go:96.2,99.9 3 0
github.com/kotopesp/sos-kotopes/internal/app/app.go:100.24,101.59 1 0
github.com/kotopesp/sos-kotopes/internal/app/app.go:102.20,103.9 1 0
github.com/kotopesp/sos-kotopes/internal/app/app.go:107.2,108.16 2 0
github.com/kotopesp/sos-kotopes/internal/app/app.go:108.16,110.3 1 0
github.com/kotopesp/sos-kotopes/internal/controller/http/model/comment/converter.go:9.48,15.2 1 0
github.com/kotopesp/sos-kotopes/internal/controller/http/model/comment/converter.go:17.47,21.2 1 0
github.com/kotopesp/sos-kotopes/internal/controller/http/model/comment/converter.go:23.45,24.17 1 0
github.com/kotopesp/sos-kotopes/internal/controller/http/model/comment/converter.go:24.17,26.3 1 0
github.com/kotopesp/sos-kotopes/internal/controller/http/model/comment/converter.go:28.2,39.3 1 0
github.com/kotopesp/sos-kotopes/internal/controller/http/model/comment/converter.go:42.55,44.28 2 0
github.com/kotopesp/sos-kotopes/internal/controller/http/model/comment/converter.go:44.28,46.3 1 0
github.com/kotopesp/sos-kotopes/internal/controller/http/model/comment/converter.go:47.2,47.27 1 0
github.com/kotopesp/sos-kotopes/internal/controller/http/model/comment/converter.go:50.102,56.2 1 0
github.com/kotopesp/sos-kotopes/internal/controller/http/model/comment/converter.go:58.92,63.2 1 0
github.com/kotopesp/sos-kotopes/internal/controller/http/model/errors.go:9.71,15.3 1 0
github.com/kotopesp/sos-kotopes/internal/controller/http/model/response.go:17.36,22.2 1 0
github.com/kotopesp/sos-kotopes/internal/controller/http/model/response.go:24.39,29.2 1 0
github.com/kotopesp/sos-kotopes/internal/core/mocks/AuthService.go:20.97,26.88 5 0
github.com/kotopesp/sos-kotopes/internal/core/mocks/AuthService.go:26.88,28.3 1 0
github.com/kotopesp/sos-kotopes/internal/core/mocks/AuthService.go:29.2,29.70 1 0
github.com/kotopesp/sos-kotopes/internal/core/mocks/AuthService.go:29.70,31.3 1 0
github.com/kotopesp/sos-kotopes/internal/core/mocks/AuthService.go:31.8,32.24 1 0
github.com/kotopesp/sos-kotopes/internal/core/mocks/AuthService.go:32.24,34.4 1 0
github.com/kotopesp/sos-kotopes/internal/core/mocks/AuthService.go:37.2,37.70 1 0
github.com/kotopesp/sos-kotopes/internal/core/mocks/AuthService.go:37.70,39.3 1 0
github.com/kotopesp/sos-kotopes/internal/core/mocks/AuthService.go:39.8,40.24 1 0
github.com/kotopesp/sos-kotopes/internal/core/mocks/AuthService.go:40.24,42.4 1 0
github.com/kotopesp/sos-kotopes/internal/core/mocks/AuthService.go:45.2,45.68 1 0
github.com/kotopesp/sos-kotopes/internal/core/mocks/AuthService.go:45.68,47.3 1 0
github.com/kotopesp/sos-kotopes/internal/core/mocks/AuthService.go:47.8,49.3 1 0
github.com/kotopesp/sos-kotopes/internal/core/mocks/AuthService.go:51.2,51.19 1 0
github.com/kotopesp/sos-kotopes/internal/core/mocks/AuthService.go:55.50,59.54 3 0
github.com/kotopesp/sos-kotopes/internal/core/mocks/AuthService.go:59.54,61.3 1 0
github.com/kotopesp/sos-kotopes/internal/core/mocks/AuthService.go:61.8,62.24 1 0
github.com/kotopesp/sos-kotopes/internal/core/mocks/AuthService.go:62.24,64.4 1 0
github.com/kotopesp/sos-kotopes/internal/core/mocks/AuthService.go:67.2,67.11 1 0
github.com/kotopesp/sos-kotopes/internal/core/mocks/AuthService.go:71.46,75.46 3 0
github.com/kotopesp/sos-kotopes/internal/core/mocks/AuthService.go:75.46,77.3 1 0
github.com/kotopesp/sos-kotopes/internal/core/mocks/AuthService.go:77.8,78.24 1 0
github.com/kotopesp/sos-kotopes/internal/core/mocks/AuthService.go:78.24,80.4 1 0
github.com/kotopesp/sos-kotopes/internal/core/mocks/AuthService.go:83.2,83.11 1 0
github.com/kotopesp/sos-kotopes/internal/core/mocks/AuthService.go:87.98,93.91 5 0
github.com/kotopesp/sos-kotopes/internal/core/mocks/AuthService.go:93.91,95.3 1 0
github.com/kotopesp/sos-kotopes/internal/core/mocks/AuthService.go:96.2,96.73 1 0
github.com/kotopesp/sos-kotopes/internal/core/mocks/AuthService.go:96.73,98.3 1 0
github.com/kotopesp/sos-kotopes/internal/core/mocks/AuthService.go:98.8,99.24 1 0
github.com/kotopesp/sos-kotopes/internal/core/mocks/AuthService.go:99.24,101.4 1 0
github.com/kotopesp/sos-kotopes/internal/core/mocks/AuthService.go:104.2,104.73 1 0
github.com/kotopesp/sos-kotopes/internal/core/mocks/AuthService.go:104.73,106.3 1 0
github.com/kotopesp/sos-kotopes/internal/core/mocks/AuthService.go:106.8,107.24 1 0
github.com/kotopesp/sos-kotopes/internal/core/mocks/AuthService.go:107.24,109.4 1 0
github.com/kotopesp/sos-kotopes/internal/core/mocks/AuthService.go:112.2,112.71 1 0
github.com/kotopesp/sos-kotopes/internal/core/mocks/AuthService.go:112.71,114.3 1 0
github.com/kotopesp/sos-kotopes/internal/core/mocks/AuthService.go:114.8,116.3 1 0
github.com/kotopesp/sos-kotopes/internal/core/mocks/AuthService.go:118.2,118.19 1 0
github.com/kotopesp/sos-kotopes/internal/core/mocks/AuthService.go:122.78,127.76 4 0
github.com/kotopesp/sos-kotopes/internal/core/mocks/AuthService.go:127.76,129.3 1 0
github.com/kotopesp/sos-kotopes/internal/core/mocks/AuthService.go:130.2,130.67 1 0
github.com/kotopesp/sos-kotopes/internal/core/mocks/AuthService.go:130.67,132.3 1 0
github.com/kotopesp/sos-kotopes/internal/core/mocks/AuthService.go:132.8,133.24 1 0
github.com/kotopesp/sos-kotopes/internal/core/mocks/AuthService.go:133.24,135.4 1 0
github.com/kotopesp/sos-kotopes/internal/core/mocks/AuthService.go:138.2,138.65 1 0
github.com/kotopesp/sos-kotopes/internal/core/mocks/AuthService.go:138.65,140.3 1 0
github.com/kotopesp/sos-kotopes/internal/core/mocks/AuthService.go:140.8,142.3 1 0
github.com/kotopesp/sos-kotopes/internal/core/mocks/AuthService.go:144.2,144.15 1 0
github.com/kotopesp/sos-kotopes/internal/core/mocks/AuthService.go:148.79,152.71 3 0
github.com/kotopesp/sos-kotopes/internal/core/mocks/AuthService.go:152.71,154.3 1 0
github.com/kotopesp/sos-kotopes/internal/core/mocks/AuthService.go:154.8,156.3 1 0
github.com/kotopesp/sos-kotopes/internal/core/mocks/AuthService.go:158.2,158.11 1 0
github.com/kotopesp/sos-kotopes/internal/core/mocks/AuthService.go:167.75,171.19 3 0
github.com/kotopesp/sos-kotopes/internal/core/mocks/AuthService.go:171.19,171.49 1 0
github.com/kotopesp/sos-kotopes/internal/core/mocks/AuthService.go:173.2,173.13 1 0
github.com/kotopesp/sos-kotopes/internal/core/mocks/CommentService.go:18.106,23.90 4 0
github.com/kotopesp/sos-kotopes/internal/core/mocks/CommentService.go:23.90,25.3 1 0
github.com/kotopesp/sos-kotopes/internal/core/mocks/CommentService.go:26.2,26.81 1 0
github.com/kotopesp/sos-kotopes/internal/core/mocks/CommentService.go:26.81,28.3 1 0
github.com/kotopesp/sos-kotopes/internal/core/mocks/CommentService.go:28.8,30.3 1 0
github.com/kotopesp/sos-kotopes/internal/core/mocks/CommentService.go:32.2,32.74 1 0
github.com/kotopesp/sos-kotopes/internal/core/mocks/CommentService.go:32.74,34.3 1 0
github.com/kotopesp/sos-kotopes/internal/core/mocks/CommentService.go:34.8,36.3 1 0
github.com/kotopesp/sos-kotopes/internal/core/mocks/CommentService.go:38.2,38.15 1 0
github.com/kotopesp/sos-kotopes/internal/core/mocks/CommentService.go:42.91,46.74 3 0
github.com/kotopesp/sos-kotopes/internal/core/mocks/CommentService.go:46.74,48.3 1 0
github.com/kotopesp/sos-kotopes/internal/core/mocks/CommentService.go:48.8,50.3 1 0
github.com/kotopesp/sos-kotopes/internal/core/mocks/CommentService.go:52.2,52.11 1 0
github.com/kotopesp/sos-kotopes/internal/core/mocks/CommentService.go:56.126,62.110 5 0
github.com/kotopesp/sos-kotopes/internal/core/mocks/CommentService.go:62.110,64.3 1 0
github.com/kotopesp/sos-kotopes/internal/core/mocks/CommentService.go:65.2,65.96 1 0
github.com/kotopesp/sos-kotopes/internal/core/mocks/CommentService.go:65.96,67.3 1 0
github.com/kotopesp/sos-kotopes/internal/core/mocks/CommentService.go:67.8,68.24 1 0
github.com/kotopesp/sos-kotopes/internal/core/mocks/CommentService.go:68.24,70.4 1 0
github.com/kotopesp/sos-kotopes/internal/core/mocks/CommentService.go:73.2,73.85 1 0
github.com/kotopesp/sos-kotopes/internal/core/mocks/CommentService.go:73.85,75.3 1 0
github.com/kotopesp/sos-kotopes/internal/core/mocks/CommentService.go:75.8,77.3 1 0
github.com/kotopesp/sos-kotopes/internal/core/mocks/CommentService.go:79.2,79.87 1 0
github.com/kotopesp/sos-kotopes/internal/core/mocks/CommentService.go:79.87,81.3 1 0
github.com/kotopesp/sos-kotopes/internal/core/mocks/CommentService.go:81.8,83.3 1 0
github.com/kotopesp/sos-kotopes/internal/core/mocks/CommentService.go:85.2,85.19 1 0
github.com/kotopesp/sos-kotopes/internal/core/mocks/CommentService.go:89.107,94.90 4 0
github.com/kotopesp/sos-kotopes/internal/core/mocks/CommentService.go:94.90,96.3 1 0
github.com/kotopesp/sos-kotopes/internal/core/mocks/CommentService.go:97.2,97.81 1 0
github.com/kotopesp/sos-kotopes/internal/core/mocks/CommentService.go:97.81,99.3 1 0
github.com/kotopesp/sos-kotopes/internal/core/mocks/CommentService.go:99.8,101.3 1 0
github.com/kotopesp/sos-kotopes/internal/core/mocks/CommentService.go:103.2,103.74 1 0
github.com/kotopesp/sos-kotopes/internal/core/mocks/CommentService.go:103.74,105.3 1 0
github.com/kotopesp/sos-kotopes/internal/core/mocks/CommentService.go:105.8,107.3 1 0
github.com/kotopesp/sos-kotopes/internal/core/mocks/CommentService.go:109.2,109.15 1 0
github.com/kotopesp/sos-kotopes/internal/core/mocks/CommentService.go:118.84,122.19 3 0
github.com/kotopesp/sos-kotopes/internal/core/mocks/CommentService.go:122.19,122.49 1 0
github.com/kotopesp/sos-kotopes/internal/core/mocks/CommentService.go:124.2,124.13 1 0
github.com/kotopesp/sos-kotopes/internal/core/mocks/PostService.go:20.101,23.19 2 0
github.com/kotopesp/sos-kotopes/internal/core/mocks/PostService.go:23.19,24.57 1 0
github.com/kotopesp/sos-kotopes/internal/core/mocks/PostService.go:27.2,28.80 2 0
github.com/kotopesp/sos-kotopes/internal/core/mocks/PostService.go:28.80,30.3 1 0
github.com/kotopesp/sos-kotopes/internal/core/mocks/PostService.go:30.8,32.3 1 0
github.com/kotopesp/sos-kotopes/internal/core/mocks/PostService.go:34.2,34.11 1 0
github.com/kotopesp/sos-kotopes/internal/core/mocks/PostService.go:38.146,41.19 2 0
github.com/kotopesp/sos-kotopes/internal/core/mocks/PostService.go:41.19,42.52 1 0
github.com/kotopesp/sos-kotopes/internal/core/mocks/PostService.go:45.2,47.121 3 0
github.com/kotopesp/sos-kotopes/internal/core/mocks/PostService.go:47.121,49.3 1 0
github.com/kotopesp/sos-kotopes/internal/core/mocks/PostService.go:50.2,50.112 1 0
github.com/kotopesp/sos-kotopes/internal/core/mocks/PostService.go:50.112,52.3 1 0
github.com/kotopesp/sos-kotopes/internal/core/mocks/PostService.go:52.8,54.3 1 0
github.com/kotopesp/sos-kotopes/internal/core/mocks/PostService.go:56.2,56.101 1 0
github.com/kotopesp/sos-kotopes/internal/core/mocks/PostService.go:56.101,58.3 1 0
github.com/kotopesp/sos-kotopes/internal/core/mocks/PostService.go:58.8,60.3 1 0
github.com/kotopesp/sos-kotopes/internal/core/mocks/PostService.go:62.2,62.15 1 0
github.com/kotopesp/sos-kotopes/internal/core/mocks/PostService.go:66.96,69.19 2 0
github.com/kotopesp/sos-kotopes/internal/core/mocks/PostService.go:69.19,70.62 1 0
github.com/kotopesp/sos-kotopes/internal/core/mocks/PostService.go:73.2,74.70 2 0
github.com/kotopesp/sos-kotopes/internal/core/mocks/PostService.go:74.70,76.3 1 0
github.com/kotopesp/sos-kotopes/internal/core/mocks/PostService.go:76.8,78.3 1 0
github.com/kotopesp/sos-kotopes/internal/core/mocks/PostService.go:80.2,80.11 1 0
github.com/kotopesp/sos-kotopes/internal/core/mocks/PostService.go:84.78,87.19 2 0
github.com/kotopesp/sos-kotopes/internal/core/mocks/PostService.go:87.19,88.52 1 0
github.com/kotopesp/sos-kotopes/internal/core/mocks/PostService.go:91.2,92.71 2 0
github.com/kotopesp/sos-kotopes/internal/core/mocks/PostService.go:92.71,94.3 1 0
github.com/kotopesp/sos-kotopes/internal/core/mocks/PostService.go:94.8,96.3 1 0
github.com/kotopesp/sos-kotopes/internal/core/mocks/PostService.go:98.2,98.11 1 0
github.com/kotopesp/sos-kotopes/internal/core/mocks/PostService.go:102.121,105.19 2 0
github.com/kotopesp/sos-kotopes/internal/core/mocks/PostService.go:105.19,106.53 1 0
github.com/kotopesp/sos-kotopes/internal/core/mocks/PostService.go:109.2,112.111 4 0
github.com/kotopesp/sos-kotopes/internal/core/mocks/PostService.go:112.111,114.3 1 0
github.com/kotopesp/sos-kotopes/internal/core/mocks/PostService.go:115.2,115.97 1 0
github.com/kotopesp/sos-kotopes/internal/core/mocks/PostService.go:115.97,117.3 1 0
github.com/kotopesp/sos-kotopes/internal/core/mocks/PostService.go:117.8,118.24 1 0
github.com/kotopesp/sos-kotopes/internal/core/mocks/PostService.go:118.24,120.4 1 0
github.com/kotopesp/sos-kotopes/internal/core/mocks/PostService.go:123.2,123.82 1 0
github.com/kotopesp/sos-kotopes/internal/core/mocks/PostService.go:123.82,125.3 1 0
github.com/kotopesp/sos-kotopes/internal/core/mocks/PostService.go:125.8,127.3 1 0
github.com/kotopesp/sos-kotopes/internal/core/mocks/PostService.go:129.2,129.84 1 0
github.com/kotopesp/sos-kotopes/internal/core/mocks/PostService.go:129.84,131.3 1 0
github.com/kotopesp/sos-kotopes/internal/core/mocks/PostService.go:131.8,133.3 1 0
github.com/kotopesp/sos-kotopes/internal/core/mocks/PostService.go:135.2,135.19 1 0
github.com/kotopesp/sos-kotopes/internal/core/mocks/PostService.go:139.108,142.19 2 0
github.com/kotopesp/sos-kotopes/internal/core/mocks/PostService.go:142.19,143.59 1 0
github.com/kotopesp/sos-kotopes/internal/core/mocks/PostService.go:146.2,149.92 4 0
github.com/kotopesp/sos-kotopes/internal/core/mocks/PostService.go:149.92,151.3 1 0
github.com/kotopesp/sos-kotopes/internal/core/mocks/PostService.go:152.2,152.78 1 0
github.com/kotopesp/sos-kotopes/internal/core/mocks/PostService.go:152.78,154.3 1 0
github.com/kotopesp/sos-kotopes/internal/core/mocks/PostService.go:154.8,155.24 1 0
github.com/kotopesp/sos-kotopes/internal/core/mocks/PostService.go:155.24,157.4 1 0
github.com/kotopesp/sos-kotopes/internal/core/mocks/PostService.go:160.2,160.63 1 0
github.com/kotopesp/sos-kotopes/internal/core/mocks/PostService.go:160.63,162.3 1 0
github.com/kotopesp/sos-kotopes/internal/core/mocks/PostService.go:162.8,164.3 1 0
github.com/kotopesp/sos-kotopes/internal/core/mocks/PostService.go:166.2,166.65 1 0
github.com/kotopesp/sos-kotopes/internal/core/mocks/PostService.go:166.65,168.3 1 0
github.com/kotopesp/sos-kotopes/internal/core/mocks/PostService.go:168.8,170.3 1 0
github.com/kotopesp/sos-kotopes/internal/core/mocks/PostService.go:172.2,172.19 1 0
github.com/kotopesp/sos-kotopes/internal/core/mocks/PostService.go:176.91,179.19 2 0
github.com/kotopesp/sos-kotopes/internal/core/mocks/PostService.go:179.19,180.53 1 0
github.com/kotopesp/sos-kotopes/internal/core/mocks/PostService.go:183.2,185.85 3 0
github.com/kotopesp/sos-kotopes/internal/core/mocks/PostService.go:185.85,187.3 1 0
github.com/kotopesp/sos-kotopes/internal/core/mocks/PostService.go:188.2,188.76 1 0
github.com/kotopesp/sos-kotopes/internal/core/mocks/PostService.go:188.76,190.3 1 0
github.com/kotopesp/sos-kotopes/internal/core/mocks/PostService.go:190.8,192.3 1 0
github.com/kotopesp/sos-kotopes/internal/core/mocks/PostService.go:194.2,194.65 1 0
github.com/kotopesp/sos-kotopes/internal/core/mocks/PostService.go:194.65,196.3 1 0
github.com/kotopesp/sos-kotopes/internal/core/mocks/PostService.go:196.8,198.3 1 0
github.com/kotopesp/sos-kotopes/internal/core/mocks/PostService.go:200.2,200.15 1 0
github.com/kotopesp/sos-kotopes/internal/core/mocks/PostService.go:204.128,207.19 2 0
github.com/kotopesp/sos-kotopes/internal/core/mocks/PostService.go:207.19,208.52 1 0
github.com/kotopesp/sos-kotopes/internal/core/mocks/PostService.go:211.2,213.108 3 0
github.com/kotopesp/sos-kotopes/internal/core/mocks/PostService.go:213.108,215.3 1 0
github.com/kotopesp/sos-kotopes/internal/core/mocks/PostService.go:216.2,216.99 1 0
github.com/kotopesp/sos-kotopes/internal/core/mocks/PostService.go:216.99,218.3 1 0
github.com/kotopesp/sos-kotopes/internal/core/mocks/PostService.go:218.8,220.3 1 0
github.com/kotopesp/sos-kotopes/internal/core/mocks/PostService.go:222.2,222.88 1 0
github.com/kotopesp/sos-kotopes/internal/core/mocks/PostService.go:222.88,224.3 1 0
github.com/kotopesp/sos-kotopes/internal/core/mocks/PostService.go:224.8,226.3 1 0
github.com/kotopesp/sos-kotopes/internal/core/mocks/PostService.go:228.2,228.15 1 0
github.com/kotopesp/sos-kotopes/internal/core/mocks/PostService.go:236.17,240.19 3 0
github.com/kotopesp/sos-kotopes/internal/core/mocks/PostService.go:240.19,240.49 1 0
github.com/kotopesp/sos-kotopes/internal/core/mocks/PostService.go:242.2,242.13 1 0
github.com/kotopesp/sos-kotopes/internal/core/mocks/UserStore.go:18.129,23.91 4 0
github.com/kotopesp/sos-kotopes/internal/core/mocks/UserStore.go:23.91,25.3 1 0
github.com/kotopesp/sos-kotopes/internal/core/mocks/UserStore.go:26.2,26.82 1 0
github.com/kotopesp/sos-kotopes/internal/core/mocks/UserStore.go:26.82,28.3 1 0
github.com/kotopesp/sos-kotopes/internal/core/mocks/UserStore.go:28.8,30.3 1 0
github.com/kotopesp/sos-kotopes/internal/core/mocks/UserStore.go:32.2,32.84 1 0
github.com/kotopesp/sos-kotopes/internal/core/mocks/UserStore.go:32.84,34.3 1 0
github.com/kotopesp/sos-kotopes/internal/core/mocks/UserStore.go:34.8,36.3 1 0
github.com/kotopesp/sos-kotopes/internal/core/mocks/UserStore.go:38.2,38.15 1 0
github.com/kotopesp/sos-kotopes/internal/core/mocks/UserStore.go:42.80,47.78 4 0
github.com/kotopesp/sos-kotopes/internal/core/mocks/UserStore.go:47.78,49.3 1 0
github.com/kotopesp/sos-kotopes/internal/core/mocks/UserStore.go:50.2,50.69 1 0
github.com/kotopesp/sos-kotopes/internal/core/mocks/UserStore.go:50.69,52.3 1 0
github.com/kotopesp/sos-kotopes/internal/core/mocks/UserStore.go:52.8,54.3 1 0
github.com/kotopesp/sos-kotopes/internal/core/mocks/UserStore.go:56.2,56.71 1 0
github.com/kotopesp/sos-kotopes/internal/core/mocks/UserStore.go:56.71,58.3 1 0
github.com/kotopesp/sos-kotopes/internal/core/mocks/UserStore.go:58.8,60.3 1 0
github.com/kotopesp/sos-kotopes/internal/core/mocks/UserStore.go:62.2,62.15 1 0
github.com/kotopesp/sos-kotopes/internal/core/mocks/UserStore.go:66.106,71.86 4 0
github.com/kotopesp/sos-kotopes/internal/core/mocks/UserStore.go:71.86,73.3 1 0
github.com/kotopesp/sos-kotopes/internal/core/mocks/UserStore.go:74.2,74.77 1 0
github.com/kotopesp/sos-kotopes/internal/core/mocks/UserStore.go:74.77,76.3 1 0
github.com/kotopesp/sos-kotopes/internal/core/mocks/UserStore.go:76.8,78.3 1 0
github.com/kotopesp/sos-kotopes/internal/core/mocks/UserStore.go:80.2,80.65 1 0
github.com/kotopesp/sos-kotopes/internal/core/mocks/UserStore.go:80.65,82.3 1 0
github.com/kotopesp/sos-kotopes/internal/core/mocks/UserStore.go:82.8,84.3 1 0
github.com/kotopesp/sos-kotopes/internal/core/mocks/UserStore.go:86.2,86.15 1 0
github.com/kotopesp/sos-kotopes/internal/core/mocks/UserStore.go:90.82,95.78 4 0
github.com/kotopesp/sos-kotopes/internal/core/mocks/UserStore.go:95.78,97.3 1 0
github.com/kotopesp/sos-kotopes/internal/core/mocks/UserStore.go:98.2,98.69 1 0
github.com/kotopesp/sos-kotopes/internal/core/mocks/UserStore.go:98.69,100.3 1 0
github.com/kotopesp/sos-kotopes/internal/core/mocks/UserStore.go:100.8,102.3 1 0
github.com/kotopesp/sos-kotopes/internal/core/mocks/UserStore.go:104.2,104.65 1 0
github.com/kotopesp/sos-kotopes/internal/core/mocks/UserStore.go:104.65,106.3 1 0
github.com/kotopesp/sos-kotopes/internal/core/mocks/UserStore.go:106.8,108.3 1 0
github.com/kotopesp/sos-kotopes/internal/core/mocks/UserStore.go:110.2,110.15 1 0
github.com/kotopesp/sos-kotopes/internal/core/mocks/UserStore.go:114.97,119.81 4 0
github.com/kotopesp/sos-kotopes/internal/core/mocks/UserStore.go:119.81,121.3 1 0
github.com/kotopesp/sos-kotopes/internal/core/mocks/UserStore.go:122.2,122.72 1 0
github.com/kotopesp/sos-kotopes/internal/core/mocks/UserStore.go:122.72,124.3 1 0
github.com/kotopesp/sos-kotopes/internal/core/mocks/UserStore.go:124.8,126.3 1 0
github.com/kotopesp/sos-kotopes/internal/core/mocks/UserStore.go:128.2,128.68 1 0
github.com/kotopesp/sos-kotopes/internal/core/mocks/UserStore.go:128.68,130.3 1 0
github.com/kotopesp/sos-kotopes/internal/core/mocks/UserStore.go:130.8,132.3 1 0
github.com/kotopesp/sos-kotopes/internal/core/mocks/UserStore.go:134.2,134.15 1 0
github.com/kotopesp/sos-kotopes/internal/core/mocks/UserStore.go:143.69,147.19 3 0
github.com/kotopesp/sos-kotopes/internal/core/mocks/UserStore.go:147.19,147.49 1 0
github.com/kotopesp/sos-kotopes/internal/core/mocks/UserStore.go:149.2,149.13 1 0
github.com/kotopesp/sos-kotopes/internal/core/animal.go:38.34,40.2 1 0
github.com/kotopesp/sos-kotopes/internal/core/comment.go:53.35,55.2 1 0
github.com/kotopesp/sos-kotopes/internal/core/post.go:75.32,77.2 1 0
github.com/kotopesp/sos-kotopes/internal/core/postfavourite.go:28.41,30.2 1 0
github.com/kotopesp/sos-kotopes/internal/core/user.go:49.32,51.2 1 0
github.com/kotopesp/sos-kotopes/internal/core/user.go:53.40,55.2 1 0
github.com/kotopesp/sos-kotopes/internal/controller/http/model/post/converter.go:9.82,10.16 1 0
github.com/kotopesp/sos-kotopes/internal/controller/http/model/post/converter.go:10.16,12.3 1 0
github.com/kotopesp/sos-kotopes/internal/controller/http/model/post/converter.go:14.2,34.3 3 0
github.com/kotopesp/sos-kotopes/internal/controller/http/model/post/converter.go:37.80,38.16 1 0
github.com/kotopesp/sos-kotopes/internal/controller/http/model/post/converter.go:38.16,40.3 1 0
github.com/kotopesp/sos-kotopes/internal/controller/http/model/post/converter.go:42.2,52.3 1 0
github.com/kotopesp/sos-kotopes/internal/controller/http/model/post/converter.go:56.80,59.29 2 0
github.com/kotopesp/sos-kotopes/internal/controller/http/model/post/converter.go:59.29,61.3 1 0
github.com/kotopesp/sos-kotopes/internal/controller/http/model/post/converter.go:63.2,66.3 1 0
github.com/kotopesp/sos-kotopes/internal/controller/http/model/post/converter.go:70.57,86.2 1 0
github.com/kotopesp/sos-kotopes/internal/controller/http/model/post/converter.go:89.65,94.2 1 0
github.com/kotopesp/sos-kotopes/internal/controller/http/model/post/converter.go:97.77,98.14 1 0
github.com/kotopesp/sos-kotopes/internal/controller/http/model/post/converter.go:98.14,100.3 1 0
github.com/kotopesp/sos-kotopes/internal/controller/http/model/post/converter.go:101.2,108.3 1 0
github.com/kotopesp/sos-kotopes/internal/controller/http/model/validator/validator.go:26.42,28.2 1 0
github.com/kotopesp/sos-kotopes/internal/controller/http/model/validator/validator_impl.go:19.85,20.94 1 0
github.com/kotopesp/sos-kotopes/internal/controller/http/model/validator/validator_impl.go:20.94,22.3 1 0
github.com/kotopesp/sos-kotopes/internal/controller/http/model/validator/validator_impl.go:23.2,23.16 1 0
github.com/kotopesp/sos-kotopes/internal/controller/http/model/validator/validator_impl.go:23.16,25.3 1 0
github.com/kotopesp/sos-kotopes/internal/controller/http/model/validator/validator_impl.go:26.2,26.97 1 0
github.com/kotopesp/sos-kotopes/internal/controller/http/model/validator/validator_impl.go:26.97,28.3 1 0
github.com/kotopesp/sos-kotopes/internal/controller/http/model/validator/validator_impl.go:29.2,29.16 1 0
github.com/kotopesp/sos-kotopes/internal/controller/http/model/validator/validator_impl.go:29.16,31.3 1 0
github.com/kotopesp/sos-kotopes/internal/controller/http/model/validator/validator_impl.go:32.2,32.90 1 0
github.com/kotopesp/sos-kotopes/internal/controller/http/model/validator/validator_impl.go:32.90,34.3 1 0
github.com/kotopesp/sos-kotopes/internal/controller/http/model/validator/validator_impl.go:35.2,35.16 1 0
github.com/kotopesp/sos-kotopes/internal/controller/http/model/validator/validator_impl.go:35.16,37.3 1 0
github.com/kotopesp/sos-kotopes/internal/controller/http/model/validator/validator_impl.go:40.86,46.2 3 0
github.com/kotopesp/sos-kotopes/internal/controller/http/model/validator/validator_impl.go:48.68,53.17 3 0
github.com/kotopesp/sos-kotopes/internal/controller/http/model/validator/validator_impl.go:53.17,56.10 3 0
github.com/kotopesp/sos-kotopes/internal/controller/http/model/validator/validator_impl.go:56.10,58.4 1 0
github.com/kotopesp/sos-kotopes/internal/controller/http/model/validator/validator_impl.go:59.3,59.43 1 0
github.com/kotopesp/sos-kotopes/internal/controller/http/model/validator/validator_impl.go:59.43,68.4 6 0
github.com/kotopesp/sos-kotopes/internal/controller/http/model/validator/validator_impl.go:70.2,70.25 1 0
github.com/kotopesp/sos-kotopes/internal/controller/http/model/user/converter.go:5.39,14.2 1 0
github.com/kotopesp/sos-kotopes/pkg/postgres/options.go:9.35,10.27 1 0
github.com/kotopesp/sos-kotopes/pkg/postgres/options.go:10.27,12.3 1 0
github.com/kotopesp/sos-kotopes/pkg/postgres/options.go:16.40,17.27 1 0
github.com/kotopesp/sos-kotopes/pkg/postgres/options.go:17.27,19.3 1 0
github.com/kotopesp/sos-kotopes/pkg/postgres/options.go:23.48,24.27 1 0
github.com/kotopesp/sos-kotopes/pkg/postgres/options.go:24.27,26.3 1 0
github.com/kotopesp/sos-kotopes/pkg/postgres/postgres.go:29.80,37.27 2 0
github.com/kotopesp/sos-kotopes/pkg/postgres/postgres.go:37.27,39.3 1 0
github.com/kotopesp/sos-kotopes/pkg/postgres/postgres.go:41.2,44.26 3 0
github.com/kotopesp/sos-kotopes/pkg/postgres/postgres.go:44.26,51.17 2 0
github.com/kotopesp/sos-kotopes/pkg/postgres/postgres.go:51.17,53.18 2 0
github.com/kotopesp/sos-kotopes/pkg/postgres/postgres.go:53.18,55.5 1 0
github.com/kotopesp/sos-kotopes/pkg/postgres/postgres.go:56.4,60.9 4 0
github.com/kotopesp/sos-kotopes/pkg/postgres/postgres.go:63.3,69.20 3 0
github.com/kotopesp/sos-kotopes/pkg/postgres/postgres.go:72.2,72.16 1 0
github.com/kotopesp/sos-kotopes/pkg/postgres/postgres.go:72.16,75.3 2 0
github.com/kotopesp/sos-kotopes/pkg/postgres/postgres.go:77.2,77.16 1 0
github.com/kotopesp/sos-kotopes/pkg/postgres/postgres.go:80.47,82.16 2 0
github.com/kotopesp/sos-kotopes/pkg/postgres/postgres.go:82.16,85.3 2 0
github.com/kotopesp/sos-kotopes/pkg/postgres/postgres.go:87.2,87.38 1 0
github.com/kotopesp/sos-kotopes/pkg/postgres/postgres.go:87.38,89.3 1 0
github.com/kotopesp/sos-kotopes/pkg/logger/logger.go:38.24,41.42 2 0
github.com/kotopesp/sos-kotopes/pkg/logger/logger.go:42.18,43.25 1 0
github.com/kotopesp/sos-kotopes/pkg/logger/logger.go:44.17,45.24 1 0
github.com/kotopesp/sos-kotopes/pkg/logger/logger.go:46.17,47.24 1 0
github.com/kotopesp/sos-kotopes/pkg/logger/logger.go:48.18,49.25 1 0
github.com/kotopesp/sos-kotopes/pkg/logger/logger.go:50.10,51.24 1 0
github.com/kotopesp/sos-kotopes/pkg/logger/logger.go:54.2,63.25 4 0
github.com/kotopesp/sos-kotopes/pkg/logger/logger.go:66.83,68.2 1 0
github.com/kotopesp/sos-kotopes/pkg/logger/logger.go:70.82,72.2 1 0
github.com/kotopesp/sos-kotopes/pkg/logger/logger.go:74.82,76.2 1 0
github.com/kotopesp/sos-kotopes/pkg/logger/logger.go:78.83,80.2 1 0
github.com/kotopesp/sos-kotopes/pkg/logger/logger.go:82.83,86.2 2 0
github.com/kotopesp/sos-kotopes/pkg/logger/logger.go:88.64,90.24 2 0
github.com/kotopesp/sos-kotopes/pkg/logger/logger.go:90.24,92.3 1 0
github.com/kotopesp/sos-kotopes/pkg/logger/logger.go:94.2,98.16 2 0
github.com/kotopesp/sos-kotopes/pkg/logger/logger.go:101.75,104.15 2 0
github.com/kotopesp/sos-kotopes/pkg/logger/logger.go:105.25,106.24 1 0
github.com/kotopesp/sos-kotopes/pkg/logger/logger.go:107.24,108.24 1 0
github.com/kotopesp/sos-kotopes/pkg/logger/logger.go:109.23,110.23 1 0
github.com/kotopesp/sos-kotopes/pkg/logger/logger.go:111.23,112.23 1 0
github.com/kotopesp/sos-kotopes/pkg/logger/logger.go:115.2,116.12 2 0
github.com/kotopesp/sos-kotopes/pkg/logger/logger.go:119.118,128.16 4 0
github.com/kotopesp/sos-kotopes/pkg/logger/logger.go:128.16,130.3 1 0
github.com/kotopesp/sos-kotopes/pkg/logger/logger.go:132.2,132.15 1 0
github.com/kotopesp/sos-kotopes/pkg/logger/logger.go:138.19,139.16 1 0
github.com/kotopesp/sos-kotopes/pkg/logger/logger.go:139.16,141.3 1 0
github.com/kotopesp/sos-kotopes/pkg/logger/logger.go:142.2,142.12 1 0
github.com/kotopesp/sos-kotopes/internal/store/post/post.go:18.48,20.2 1 0
github.com/kotopesp/sos-kotopes/internal/store/post/post.go:23.107,31.25 3 0
github.com/kotopesp/sos-kotopes/internal/store/post/post.go:31.25,33.3 1 0
github.com/kotopesp/sos-kotopes/internal/store/post/post.go:35.2,35.26 1 0
github.com/kotopesp/sos-kotopes/internal/store/post/post.go:35.26,37.3 1 0
github.com/kotopesp/sos-kotopes/internal/store/post/post.go:39.2,39.26 1 0
github.com/kotopesp/sos-kotopes/internal/store/post/post.go:39.26,41.3 1 0
github.com/kotopesp/sos-kotopes/internal/store/post/post.go:43.2,43.30 1 0
github.com/kotopesp/sos-kotopes/internal/store/post/post.go:43.30,45.3 1 0
github.com/kotopesp/sos-kotopes/internal/store/post/post.go:47.2,47.26 1 0
github.com/kotopesp/sos-kotopes/internal/store/post/post.go:47.26,49.3 1 0
github.com/kotopesp/sos-kotopes/internal/store/post/post.go:51.2,51.25 1 0
github.com/kotopesp/sos-kotopes/internal/store/post/post.go:51.25,53.3 1 0
github.com/kotopesp/sos-kotopes/internal/store/post/post.go:55.5,56.53 2 0
github.com/kotopesp/sos-kotopes/internal/store/post/post.go:56.53,59.6 2 0
github.com/kotopesp/sos-kotopes/internal/store/post/post.go:61.5,61.70 1 0
github.com/kotopesp/sos-kotopes/internal/store/post/post.go:61.70,64.6 2 0
github.com/kotopesp/sos-kotopes/internal/store/post/post.go:66.5,66.34 1 0
github.com/kotopesp/sos-kotopes/internal/store/post/post.go:70.77,73.111 2 0
github.com/kotopesp/sos-kotopes/internal/store/post/post.go:73.111,74.45 1 0
github.com/kotopesp/sos-kotopes/internal/store/post/post.go:74.45,77.4 2 0
github.com/kotopesp/sos-kotopes/internal/store/post/post.go:79.3,80.26 2 0
github.com/kotopesp/sos-kotopes/internal/store/post/post.go:83.2,83.18 1 0
github.com/kotopesp/sos-kotopes/internal/store/post/post.go:87.84,93.95 4 0
github.com/kotopesp/sos-kotopes/internal/store/post/post.go:93.95,96.3 2 0
github.com/kotopesp/sos-kotopes/internal/store/post/post.go:98.2,98.25 1 0
github.com/kotopesp/sos-kotopes/internal/store/post/post.go:102.84,107.93 3 0
github.com/kotopesp/sos-kotopes/internal/store/post/post.go:107.93,108.45 1 0
github.com/kotopesp/sos-kotopes/internal/store/post/post.go:108.45,111.4 2 0
github.com/kotopesp/sos-kotopes/internal/store/post/post.go:113.3,114.26 2 0
github.com/kotopesp/sos-kotopes/internal/store/post/post.go:117.2,117.25 1 0
github.com/kotopesp/sos-kotopes/internal/store/post/post.go:121.63,128.25 3 0
github.com/kotopesp/sos-kotopes/internal/store/post/post.go:128.25,129.54 1 0
github.com/kotopesp/sos-kotopes/internal/store/post/post.go:129.54,132.4 2 0
github.com/kotopesp/sos-kotopes/internal/store/post/post.go:133.3,134.28 2 0
github.com/kotopesp/sos-kotopes/internal/store/post/post.go:137.5,137.33 1 0
github.com/kotopesp/sos-kotopes/internal/store/post/post.go:137.33,140.6 2 0
github.com/kotopesp/sos-kotopes/internal/store/post/post.go:142.5,142.15 1 0
github.com/kotopesp/sos-kotopes/internal/service/comment_service/comment.go:19.23,24.2 1 0
github.com/kotopesp/sos-kotopes/internal/service/comment_service/comment.go:26.133,27.71 1 0
github.com/kotopesp/sos-kotopes/internal/service/comment_service/comment.go:27.71,29.3 1 0
github.com/kotopesp/sos-kotopes/internal/service/comment_service/comment.go:31.2,31.51 1 0
github.com/kotopesp/sos-kotopes/internal/service/comment_service/comment.go:34.107,35.72 1 0
github.com/kotopesp/sos-kotopes/internal/service/comment_service/comment.go:35.72,37.3 1 0
github.com/kotopesp/sos-kotopes/internal/service/comment_service/comment.go:39.2,39.51 1 0
github.com/kotopesp/sos-kotopes/internal/service/comment_service/comment.go:42.107,44.16 2 0
github.com/kotopesp/sos-kotopes/internal/service/comment_service/comment.go:44.16,46.3 1 0
github.com/kotopesp/sos-kotopes/internal/service/comment_service/comment.go:48.2,51.44 3 0
github.com/kotopesp/sos-kotopes/internal/service/comment_service/comment.go:51.44,53.3 1 0
github.com/kotopesp/sos-kotopes/internal/service/comment_service/comment.go:53.8,53.47 1 0
github.com/kotopesp/sos-kotopes/internal/service/comment_service/comment.go:53.47,55.3 1 0
github.com/kotopesp/sos-kotopes/internal/service/comment_service/comment.go:55.8,55.32 1 0
github.com/kotopesp/sos-kotopes/internal/service/comment_service/comment.go:55.32,57.3 1 0
github.com/kotopesp/sos-kotopes/internal/service/comment_service/comment.go:59.2,59.51 1 0
github.com/kotopesp/sos-kotopes/internal/service/comment_service/comment.go:62.82,64.16 2 0
github.com/kotopesp/sos-kotopes/internal/service/comment_service/comment.go:64.16,66.3 1 0
github.com/kotopesp/sos-kotopes/internal/service/comment_service/comment.go:68.2,68.44 1 0
github.com/kotopesp/sos-kotopes/internal/service/comment_service/comment.go:68.44,70.3 1 0
github.com/kotopesp/sos-kotopes/internal/service/comment_service/comment.go:70.8,70.47 1 0
github.com/kotopesp/sos-kotopes/internal/service/comment_service/comment.go:70.47,72.3 1 0
github.com/kotopesp/sos-kotopes/internal/service/comment_service/comment.go:72.8,72.32 1 0
github.com/kotopesp/sos-kotopes/internal/service/comment_service/comment.go:72.32,74.3 1 0
github.com/kotopesp/sos-kotopes/internal/service/comment_service/comment.go:76.2,76.51 1 0
github.com/kotopesp/sos-kotopes/internal/store/postfavourite/post_favourite.go:17.57,19.2 1 0
github.com/kotopesp/sos-kotopes/internal/store/postfavourite/post_favourite.go:23.109,33.53 4 0
github.com/kotopesp/sos-kotopes/internal/store/postfavourite/post_favourite.go:33.53,34.51 1 0
github.com/kotopesp/sos-kotopes/internal/store/postfavourite/post_favourite.go:34.51,37.4 2 0
github.com/kotopesp/sos-kotopes/internal/store/postfavourite/post_favourite.go:38.3,39.21 2 0
github.com/kotopesp/sos-kotopes/internal/store/postfavourite/post_favourite.go:42.5,42.70 1 0
github.com/kotopesp/sos-kotopes/internal/store/postfavourite/post_favourite.go:42.70,43.51 1 0
github.com/kotopesp/sos-kotopes/internal/store/postfavourite/post_favourite.go:43.51,46.4 2 0
github.com/kotopesp/sos-kotopes/internal/store/postfavourite/post_favourite.go:47.3,48.21 2 0
github.com/kotopesp/sos-kotopes/internal/store/postfavourite/post_favourite.go:51.5,51.34 1 0
github.com/kotopesp/sos-kotopes/internal/store/postfavourite/post_favourite.go:56.94,59.106 2 0
github.com/kotopesp/sos-kotopes/internal/store/postfavourite/post_favourite.go:59.106,60.51 1 0
github.com/kotopesp/sos-kotopes/internal/store/postfavourite/post_favourite.go:60.51,63.10 2 0
github.com/kotopesp/sos-kotopes/internal/store/postfavourite/post_favourite.go:64.9,65.19 2 0
github.com/kotopesp/sos-kotopes/internal/store/postfavourite/post_favourite.go:69.5,72.44 2 0
github.com/kotopesp/sos-kotopes/internal/store/postfavourite/post_favourite.go:72.44,74.6 1 0
github.com/kotopesp/sos-kotopes/internal/store/postfavourite/post_favourite.go:76.5,79.78 3 0
github.com/kotopesp/sos-kotopes/internal/store/postfavourite/post_favourite.go:79.78,82.6 2 0
github.com/kotopesp/sos-kotopes/internal/store/postfavourite/post_favourite.go:84.5,84.15 1 0
github.com/kotopesp/sos-kotopes/internal/store/postfavourite/post_favourite.go:88.85,89.135 1 0
github.com/kotopesp/sos-kotopes/internal/store/postfavourite/post_favourite.go:89.135,90.45 1 0
github.com/kotopesp/sos-kotopes/internal/store/postfavourite/post_favourite.go:90.45,93.4 2 0
github.com/kotopesp/sos-kotopes/internal/store/postfavourite/post_favourite.go:94.3,95.13 2 0
github.com/kotopesp/sos-kotopes/internal/store/postfavourite/post_favourite.go:98.2,98.12 1 0
github.com/kotopesp/sos-kotopes/internal/store/animal/animal.go:18.50,20.2 1 0
github.com/kotopesp/sos-kotopes/internal/store/animal/animal.go:23.92,28.68 3 0
github.com/kotopesp/sos-kotopes/internal/store/animal/animal.go:28.68,31.6 2 0
github.com/kotopesp/sos-kotopes/internal/store/animal/animal.go:33.5,33.23 1 0
github.com/kotopesp/sos-kotopes/internal/store/animal/animal.go:37.81,40.87 2 0
github.com/kotopesp/sos-kotopes/internal/store/animal/animal.go:40.87,41.45 1 0
github.com/kotopesp/sos-kotopes/internal/store/animal/animal.go:41.45,44.4 2 0
github.com/kotopesp/sos-kotopes/internal/store/animal/animal.go:46.3,47.28 2 0
github.com/kotopesp/sos-kotopes/internal/store/animal/animal.go:50.2,50.20 1 0
github.com/kotopesp/sos-kotopes/internal/store/animal/animal.go:54.92,60.87 3 0
github.com/kotopesp/sos-kotopes/internal/store/animal/animal.go:60.87,61.45 1 0
github.com/kotopesp/sos-kotopes/internal/store/animal/animal.go:61.45,64.4 2 0
github.com/kotopesp/sos-kotopes/internal/store/animal/animal.go:66.3,67.28 2 0
github.com/kotopesp/sos-kotopes/internal/store/animal/animal.go:70.2,70.26 1 0
github.com/kotopesp/sos-kotopes/internal/store/comment_store/comment.go:17.51,19.2 1 0
github.com/kotopesp/sos-kotopes/internal/store/comment_store/comment.go:21.90,24.56 2 0
github.com/kotopesp/sos-kotopes/internal/store/comment_store/comment.go:24.56,25.45 1 0
github.com/kotopesp/sos-kotopes/internal/store/comment_store/comment.go:25.45,27.4 1 0
github.com/kotopesp/sos-kotopes/internal/store/comment_store/comment.go:28.3,28.22 1 0
github.com/kotopesp/sos-kotopes/internal/store/comment_store/comment.go:31.2,31.21 1 0
github.com/kotopesp/sos-kotopes/internal/store/comment_store/comment.go:34.131,41.25 3 0
github.com/kotopesp/sos-kotopes/internal/store/comment_store/comment.go:41.25,43.3 1 0
github.com/kotopesp/sos-kotopes/internal/store/comment_store/comment.go:45.2,45.26 1 0
github.com/kotopesp/sos-kotopes/internal/store/comment_store/comment.go:45.26,47.3 1 0
github.com/kotopesp/sos-kotopes/internal/store/comment_store/comment.go:49.2,51.66 1 0
github.com/kotopesp/sos-kotopes/internal/store/comment_store/comment.go:51.66,53.3 1 0
github.com/kotopesp/sos-kotopes/internal/store/comment_store/comment.go:55.2,59.40 2 0
github.com/kotopesp/sos-kotopes/internal/store/comment_store/comment.go:59.40,61.3 1 0
github.com/kotopesp/sos-kotopes/internal/store/comment_store/comment.go:63.2,63.39 1 0
github.com/kotopesp/sos-kotopes/internal/store/comment_store/comment.go:66.96,67.69 1 0
github.com/kotopesp/sos-kotopes/internal/store/comment_store/comment.go:67.69,69.3 1 0
github.com/kotopesp/sos-kotopes/internal/store/comment_store/comment.go:71.2,71.86 1 0
github.com/kotopesp/sos-kotopes/internal/store/comment_store/comment.go:71.86,73.3 1 0
github.com/kotopesp/sos-kotopes/internal/store/comment_store/comment.go:75.2,75.21 1 0
github.com/kotopesp/sos-kotopes/internal/store/comment_store/comment.go:78.96,79.69 1 0
github.com/kotopesp/sos-kotopes/internal/store/comment_store/comment.go:79.69,81.3 1 0
github.com/kotopesp/sos-kotopes/internal/store/comment_store/comment.go:84.2,86.57 1 0
github.com/kotopesp/sos-kotopes/internal/store/comment_store/comment.go:86.57,88.3 1 0
github.com/kotopesp/sos-kotopes/internal/store/comment_store/comment.go:90.2,90.21 1 0
github.com/kotopesp/sos-kotopes/internal/store/comment_store/comment.go:93.80,98.69 4 0
github.com/kotopesp/sos-kotopes/internal/store/comment_store/comment.go:98.69,100.3 1 0
github.com/kotopesp/sos-kotopes/internal/store/comment_store/comment.go:102.2,102.12 1 0
github.com/kotopesp/sos-kotopes/internal/service/post/helpers.go:10.94,16.2 1 0
github.com/kotopesp/sos-kotopes/internal/service/post/helpers.go:20.123,24.29 2 0
github.com/kotopesp/sos-kotopes/internal/service/post/helpers.go:24.29,26.17 2 0
github.com/kotopesp/sos-kotopes/internal/service/post/helpers.go:26.17,29.4 2 0
github.com/kotopesp/sos-kotopes/internal/service/post/helpers.go:30.3,31.17 2 0
github.com/kotopesp/sos-kotopes/internal/service/post/helpers.go:31.17,34.4 2 0
github.com/kotopesp/sos-kotopes/internal/service/post/helpers.go:36.3,36.66 1 0
github.com/kotopesp/sos-kotopes/internal/service/post/helpers.go:39.2,39.25 1 0
github.com/kotopesp/sos-kotopes/internal/service/post/helpers.go:44.103,46.16 2 0
github.com/kotopesp/sos-kotopes/internal/service/post/helpers.go:46.16,49.3 2 0
github.com/kotopesp/sos-kotopes/internal/service/post/helpers.go:51.2,52.16 2 0
github.com/kotopesp/sos-kotopes/internal/service/post/helpers.go:52.16,55.3 2 0
github.com/kotopesp/sos-kotopes/internal/service/post/helpers.go:57.2,59.25 2 0
github.com/kotopesp/sos-kotopes/internal/service/post/helpers.go:63.118,64.29 1 0
github.com/kotopesp/sos-kotopes/internal/service/post/helpers.go:64.29,66.3 1 0
github.com/kotopesp/sos-kotopes/internal/service/post/helpers.go:68.2,68.31 1 0
github.com/kotopesp/sos-kotopes/internal/service/post/helpers.go:68.31,70.3 1 0
github.com/kotopesp/sos-kotopes/internal/service/post/helpers.go:72.2,72.29 1 0
github.com/kotopesp/sos-kotopes/internal/service/post/helpers.go:72.29,74.3 1 0
github.com/kotopesp/sos-kotopes/internal/service/post/helpers.go:76.2,76.34 1 0
github.com/kotopesp/sos-kotopes/internal/service/post/helpers.go:76.34,78.3 1 0
github.com/kotopesp/sos-kotopes/internal/service/post/helpers.go:80.2,80.27 1 0
github.com/kotopesp/sos-kotopes/internal/service/post/helpers.go:80.27,82.3 1 0
github.com/kotopesp/sos-kotopes/internal/service/post/helpers.go:84.2,84.29 1 0
github.com/kotopesp/sos-kotopes/internal/service/post/helpers.go:84.29,86.3 1 0
github.com/kotopesp/sos-kotopes/internal/service/post/helpers.go:88.2,88.30 1 0
github.com/kotopesp/sos-kotopes/internal/service/post/helpers.go:88.30,90.3 1 0
github.com/kotopesp/sos-kotopes/internal/service/post/helpers.go:92.2,92.35 1 0
github.com/kotopesp/sos-kotopes/internal/service/post/helpers.go:92.35,94.3 1 0
github.com/kotopesp/sos-kotopes/internal/service/post/helpers.go:96.2,96.30 1 0
github.com/kotopesp/sos-kotopes/internal/service/post/helpers.go:96.30,98.3 1 0
github.com/kotopesp/sos-kotopes/internal/service/post/helpers.go:100.2,100.20 1 0
github.com/kotopesp/sos-kotopes/internal/service/post/post.go:23.153,30.2 1 0
github.com/kotopesp/sos-kotopes/internal/service/post/post.go:33.120,36.16 2 0
github.com/kotopesp/sos-kotopes/internal/service/post/post.go:36.16,39.3 2 0
github.com/kotopesp/sos-kotopes/internal/service/post/post.go:41.2,42.16 2 0
github.com/kotopesp/sos-kotopes/internal/service/post/post.go:42.16,45.3 2 0
github.com/kotopesp/sos-kotopes/internal/service/post/post.go:47.2,47.32 1 0
github.com/kotopesp/sos-kotopes/internal/service/post/post.go:51.90,53.16 2 0
github.com/kotopesp/sos-kotopes/internal/service/post/post.go:53.16,56.3 2 0
github.com/kotopesp/sos-kotopes/internal/service/post/post.go:58.2,59.16 2 0
github.com/kotopesp/sos-kotopes/internal/service/post/post.go:59.16,62.3 2 0
github.com/kotopesp/sos-kotopes/internal/service/post/post.go:64.2,64.25 1 0
github.com/kotopesp/sos-kotopes/internal/service/post/post.go:68.145,70.16 2 0
github.com/kotopesp/sos-kotopes/internal/service/post/post.go:70.16,73.3 2 0
github.com/kotopesp/sos-kotopes/internal/service/post/post.go:75.2,78.16 3 0
github.com/kotopesp/sos-kotopes/internal/service/post/post.go:78.16,81.3 2 0
github.com/kotopesp/sos-kotopes/internal/service/post/post.go:83.2,86.16 3 0
github.com/kotopesp/sos-kotopes/internal/service/post/post.go:86.16,89.3 2 0
github.com/kotopesp/sos-kotopes/internal/service/post/post.go:91.2,92.16 2 0
github.com/kotopesp/sos-kotopes/internal/service/post/post.go:92.16,95.3 2 0
github.com/kotopesp/sos-kotopes/internal/service/post/post.go:97.2,99.31 2 0
github.com/kotopesp/sos-kotopes/internal/service/post/post.go:103.127,106.16 3 0
github.com/kotopesp/sos-kotopes/internal/service/post/post.go:106.16,109.3 2 0
github.com/kotopesp/sos-kotopes/internal/service/post/post.go:111.2,111.57 1 0
github.com/kotopesp/sos-kotopes/internal/service/post/post.go:111.57,113.3 1 0
github.com/kotopesp/sos-kotopes/internal/service/post/post.go:113.8,113.34 1 0
github.com/kotopesp/sos-kotopes/internal/service/post/post.go:113.34,115.3 1 0
github.com/kotopesp/sos-kotopes/internal/service/post/post.go:117.2,120.16 3 0
github.com/kotopesp/sos-kotopes/internal/service/post/post.go:120.16,123.3 2 0
github.com/kotopesp/sos-kotopes/internal/service/post/post.go:125.2,126.16 2 0
github.com/kotopesp/sos-kotopes/internal/service/post/post.go:126.16,129.3 2 0
github.com/kotopesp/sos-kotopes/internal/service/post/post.go:131.2,136.31 4 0
github.com/kotopesp/sos-kotopes/internal/service/post/post.go:140.77,142.16 2 0
github.com/kotopesp/sos-kotopes/internal/service/post/post.go:142.16,144.3 1 0
github.com/kotopesp/sos-kotopes/internal/service/post/post.go:146.2,146.38 1 0
github.com/kotopesp/sos-kotopes/internal/service/post/post.go:146.38,148.3 1 0
github.com/kotopesp/sos-kotopes/internal/service/post/post.go:148.8,148.29 1 0
github.com/kotopesp/sos-kotopes/internal/service/post/post.go:148.29,150.3 1 0
github.com/kotopesp/sos-kotopes/internal/service/post/post.go:152.2,153.16 2 0
github.com/kotopesp/sos-kotopes/internal/service/post/post.go:153.16,156.3 2 0
github.com/kotopesp/sos-kotopes/internal/service/post/post.go:158.2,158.12 1 0
github.com/kotopesp/sos-kotopes/internal/service/post/postfavourite.go:9.107,15.16 4 0
github.com/kotopesp/sos-kotopes/internal/service/post/postfavourite.go:15.16,18.3 2 0
github.com/kotopesp/sos-kotopes/internal/service/post/postfavourite.go:20.2,21.16 2 0
github.com/kotopesp/sos-kotopes/internal/service/post/postfavourite.go:21.16,24.3 2 0
github.com/kotopesp/sos-kotopes/internal/service/post/postfavourite.go:26.2,26.32 1 0
github.com/kotopesp/sos-kotopes/internal/service/post/postfavourite.go:29.100,32.16 2 0
github.com/kotopesp/sos-kotopes/internal/service/post/postfavourite.go:32.16,35.3 2 0
github.com/kotopesp/sos-kotopes/internal/service/post/postfavourite.go:37.2,37.12 1 0
github.com/kotopesp/sos-kotopes/internal/service/post/postfavourite.go:40.91,42.16 2 0
github.com/kotopesp/sos-kotopes/internal/service/post/postfavourite.go:42.16,45.3 2 0
github.com/kotopesp/sos-kotopes/internal/service/post/postfavourite.go:47.2,47.12 1 0
github.com/kotopesp/sos-kotopes/internal/controller/http/auth.go:21.56,23.2 1 1
github.com/kotopesp/sos-kotopes/internal/controller/http/auth.go:25.54,33.2 1 1
github.com/kotopesp/sos-kotopes/internal/controller/http/auth.go:35.57,44.2 1 1
github.com/kotopesp/sos-kotopes/internal/controller/http/auth.go:47.51,50.56 3 1
github.com/kotopesp/sos-kotopes/internal/controller/http/auth.go:50.56,52.3 1 1
github.com/kotopesp/sos-kotopes/internal/controller/http/auth.go:54.2,57.16 3 1
github.com/kotopesp/sos-kotopes/internal/controller/http/auth.go:57.16,58.49 1 1
github.com/kotopesp/sos-kotopes/internal/controller/http/auth.go:58.49,61.4 2 1
github.com/kotopesp/sos-kotopes/internal/controller/http/auth.go:63.3,64.92 2 0
github.com/kotopesp/sos-kotopes/internal/controller/http/auth.go:67.2,70.5 2 1
github.com/kotopesp/sos-kotopes/internal/controller/http/auth.go:74.66,76.16 2 0
github.com/kotopesp/sos-kotopes/internal/controller/http/auth.go:76.16,78.3 1 0
github.com/kotopesp/sos-kotopes/internal/controller/http/auth.go:80.2,83.16 3 0
github.com/kotopesp/sos-kotopes/internal/controller/http/auth.go:83.16,85.3 1 0
github.com/kotopesp/sos-kotopes/internal/controller/http/auth.go:87.2,87.25 1 0
github.com/kotopesp/sos-kotopes/internal/controller/http/auth.go:91.47,94.56 3 1
github.com/kotopesp/sos-kotopes/internal/controller/http/auth.go:94.56,96.3 1 1
github.com/kotopesp/sos-kotopes/internal/controller/http/auth.go:98.2,99.16 2 1
github.com/kotopesp/sos-kotopes/internal/controller/http/auth.go:99.16,101.3 1 1
github.com/kotopesp/sos-kotopes/internal/controller/http/auth.go:101.8,103.17 2 0
github.com/kotopesp/sos-kotopes/internal/controller/http/auth.go:103.17,106.4 2 0
github.com/kotopesp/sos-kotopes/internal/controller/http/auth.go:107.3,107.29 1 0
github.com/kotopesp/sos-kotopes/internal/controller/http/auth.go:110.2,113.16 3 1
github.com/kotopesp/sos-kotopes/internal/controller/http/auth.go:113.16,115.3 1 1
github.com/kotopesp/sos-kotopes/internal/controller/http/auth.go:117.2,117.47 1 1
github.com/kotopesp/sos-kotopes/internal/controller/http/auth.go:117.47,122.3 2 1
github.com/kotopesp/sos-kotopes/internal/controller/http/auth.go:124.2,126.91 2 1
github.com/kotopesp/sos-kotopes/internal/controller/http/auth.go:130.53,132.9 2 1
github.com/kotopesp/sos-kotopes/internal/controller/http/auth.go:132.9,134.3 1 0
github.com/kotopesp/sos-kotopes/internal/controller/http/auth.go:136.2,137.9 2 1
github.com/kotopesp/sos-kotopes/internal/controller/http/auth.go:137.9,139.3 1 0
github.com/kotopesp/sos-kotopes/internal/controller/http/auth.go:141.2,141.20 1 1
github.com/kotopesp/sos-kotopes/internal/controller/http/auth.go:145.48,147.16 2 1
github.com/kotopesp/sos-kotopes/internal/controller/http/auth.go:147.16,150.3 2 1
github.com/kotopesp/sos-kotopes/internal/controller/http/auth.go:152.2,153.16 2 1
github.com/kotopesp/sos-kotopes/internal/controller/http/auth.go:153.16,156.3 2 1
github.com/kotopesp/sos-kotopes/internal/controller/http/auth.go:158.2,160.5 1 1
github.com/kotopesp/sos-kotopes/internal/controller/http/auth.go:164.49,168.16 3 0
github.com/kotopesp/sos-kotopes/internal/controller/http/auth.go:168.16,170.3 1 0
github.com/kotopesp/sos-kotopes/internal/controller/http/auth.go:172.2,174.20 2 0
github.com/kotopesp/sos-kotopes/internal/controller/http/auth.go:178.48,182.16 3 0
github.com/kotopesp/sos-kotopes/internal/controller/http/auth.go:182.16,185.3 2 0
github.com/kotopesp/sos-kotopes/internal/controller/http/auth.go:187.2,197.26 3 0
github.com/kotopesp/sos-kotopes/internal/controller/http/auth.go:201.65,209.2 1 1
github.com/kotopesp/sos-kotopes/internal/controller/http/auth.go:212.49,214.16 2 0
github.com/kotopesp/sos-kotopes/internal/controller/http/auth.go:214.16,217.3 2 0
github.com/kotopesp/sos-kotopes/internal/controller/http/auth.go:219.2,219.52 1 0
github.com/kotopesp/sos-kotopes/internal/controller/http/auth.go:219.52,222.3 2 0
github.com/kotopesp/sos-kotopes/internal/controller/http/auth.go:224.2,225.16 2 0
github.com/kotopesp/sos-kotopes/internal/controller/http/auth.go:225.16,228.3 2 0
github.com/kotopesp/sos-kotopes/internal/controller/http/auth.go:230.2,234.5 2 0
github.com/kotopesp/sos-kotopes/internal/controller/http/comment.go:13.52,16.56 3 0
github.com/kotopesp/sos-kotopes/internal/controller/http/comment.go:16.56,18.3 1 0
github.com/kotopesp/sos-kotopes/internal/controller/http/comment.go:20.2,22.56 3 0
github.com/kotopesp/sos-kotopes/internal/controller/http/comment.go:22.56,24.3 1 0
github.com/kotopesp/sos-kotopes/internal/controller/http/comment.go:26.2,30.16 2 0
github.com/kotopesp/sos-kotopes/internal/controller/http/comment.go:30.16,31.43 1 0
github.com/kotopesp/sos-kotopes/internal/controller/http/comment.go:31.43,34.4 2 0
github.com/kotopesp/sos-kotopes/internal/controller/http/comment.go:36.3,37.92 2 0
github.com/kotopesp/sos-kotopes/internal/controller/http/comment.go:40.2,47.4 3 0
github.com/kotopesp/sos-kotopes/internal/controller/http/comment.go:50.54,53.56 3 0
github.com/kotopesp/sos-kotopes/internal/controller/http/comment.go:53.56,55.3 1 0
github.com/kotopesp/sos-kotopes/internal/controller/http/comment.go:57.2,59.56 3 0
github.com/kotopesp/sos-kotopes/internal/controller/http/comment.go:59.56,61.3 1 0
github.com/kotopesp/sos-kotopes/internal/controller/http/comment.go:63.2,67.16 4 0
github.com/kotopesp/sos-kotopes/internal/controller/http/comment.go:67.16,70.3 2 0
github.com/kotopesp/sos-kotopes/internal/controller/http/comment.go:71.2,74.16 3 0
github.com/kotopesp/sos-kotopes/internal/controller/http/comment.go:74.16,75.43 1 0
github.com/kotopesp/sos-kotopes/internal/controller/http/comment.go:75.43,78.4 2 0
github.com/kotopesp/sos-kotopes/internal/controller/http/comment.go:80.3,81.92 2 0
github.com/kotopesp/sos-kotopes/internal/controller/http/comment.go:84.2,86.3 1 0
github.com/kotopesp/sos-kotopes/internal/controller/http/comment.go:89.54,92.56 3 0
github.com/kotopesp/sos-kotopes/internal/controller/http/comment.go:92.56,94.3 1 0
github.com/kotopesp/sos-kotopes/internal/controller/http/comment.go:96.2,98.56 3 0
github.com/kotopesp/sos-kotopes/internal/controller/http/comment.go:98.56,100.3 1 0
github.com/kotopesp/sos-kotopes/internal/controller/http/comment.go:102.2,107.16 5 0
github.com/kotopesp/sos-kotopes/internal/controller/http/comment.go:107.16,110.3 2 0
github.com/kotopesp/sos-kotopes/internal/controller/http/comment.go:111.2,114.9 3 0
github.com/kotopesp/sos-kotopes/internal/controller/http/comment.go:115.55,117.82 2 0
github.com/kotopesp/sos-kotopes/internal/controller/http/comment.go:120.44,122.81 2 0
github.com/kotopesp/sos-kotopes/internal/controller/http/comment.go:123.18,125.92 2 0
github.com/kotopesp/sos-kotopes/internal/controller/http/comment.go:128.2,130.3 1 0
github.com/kotopesp/sos-kotopes/internal/controller/http/comment.go:133.54,136.56 3 0
github.com/kotopesp/sos-kotopes/internal/controller/http/comment.go:136.56,138.3 1 0
github.com/kotopesp/sos-kotopes/internal/controller/http/comment.go:140.2,144.16 5 0
github.com/kotopesp/sos-kotopes/internal/controller/http/comment.go:144.16,147.3 2 0
github.com/kotopesp/sos-kotopes/internal/controller/http/comment.go:148.2,151.53 3 0
github.com/kotopesp/sos-kotopes/internal/controller/http/comment.go:151.53,154.3 2 0
github.com/kotopesp/sos-kotopes/internal/controller/http/comment.go:154.8,157.45 1 0
github.com/kotopesp/sos-kotopes/internal/controller/http/comment.go:157.45,160.3 2 0
github.com/kotopesp/sos-kotopes/internal/controller/http/comment.go:162.2,162.46 1 0
github.com/kotopesp/sos-kotopes/internal/controller/http/helpers.go:17.57,23.9 4 1
github.com/kotopesp/sos-kotopes/internal/controller/http/helpers.go:23.9,25.3 1 1
github.com/kotopesp/sos-kotopes/internal/controller/http/helpers.go:26.2,26.26 1 1
github.com/kotopesp/sos-kotopes/internal/controller/http/helpers.go:29.72,32.9 3 0
github.com/kotopesp/sos-kotopes/internal/controller/http/helpers.go:32.9,34.3 1 0
github.com/kotopesp/sos-kotopes/internal/controller/http/helpers.go:35.2,35.22 1 0
github.com/kotopesp/sos-kotopes/internal/controller/http/helpers.go:38.150,39.45 1 1
github.com/kotopesp/sos-kotopes/internal/controller/http/helpers.go:39.45,40.51 1 0
github.com/kotopesp/sos-kotopes/internal/controller/http/helpers.go:40.51,43.4 2 0
github.com/kotopesp/sos-kotopes/internal/controller/http/helpers.go:45.3,46.88 2 0
github.com/kotopesp/sos-kotopes/internal/controller/http/helpers.go:49.2,49.43 1 1
github.com/kotopesp/sos-kotopes/internal/controller/http/helpers.go:52.151,53.46 1 0
github.com/kotopesp/sos-kotopes/internal/controller/http/helpers.go:53.46,56.3 2 0
github.com/kotopesp/sos-kotopes/internal/controller/http/helpers.go:58.2,58.43 1 0
github.com/kotopesp/sos-kotopes/internal/controller/http/helpers.go:61.152,62.47 1 0
github.com/kotopesp/sos-kotopes/internal/controller/http/helpers.go:62.47,65.3 2 0
github.com/kotopesp/sos-kotopes/internal/controller/http/helpers.go:67.2,67.43 1 0
github.com/kotopesp/sos-kotopes/internal/controller/http/helpers.go:71.138,73.19 2 1
github.com/kotopesp/sos-kotopes/internal/controller/http/helpers.go:73.19,78.3 2 1
github.com/kotopesp/sos-kotopes/internal/controller/http/helpers.go:79.2,79.17 1 1
github.com/kotopesp/sos-kotopes/internal/controller/http/helpers.go:83.63,96.2 2 0
github.com/kotopesp/sos-kotopes/internal/controller/http/helpers.go:98.66,100.16 2 0
github.com/kotopesp/sos-kotopes/internal/controller/http/helpers.go:100.16,102.3 1 0
github.com/kotopesp/sos-kotopes/internal/controller/http/helpers.go:104.2,107.16 3 0
github.com/kotopesp/sos-kotopes/internal/controller/http/helpers.go:107.16,109.3 1 0
github.com/kotopesp/sos-kotopes/internal/controller/http/helpers.go:111.2,111.25 1 0
github.com/kotopesp/sos-kotopes/internal/controller/http/monitoring.go:5.45,7.2 1 0
github.com/kotopesp/sos-kotopes/internal/controller/http/post.go:15.49,19.56 3 0
github.com/kotopesp/sos-kotopes/internal/controller/http/post.go:19.56,22.3 2 0
github.com/kotopesp/sos-kotopes/internal/controller/http/post.go:24.2,27.16 3 0
github.com/kotopesp/sos-kotopes/internal/controller/http/post.go:27.16,30.3 2 0
github.com/kotopesp/sos-kotopes/internal/controller/http/post.go:32.2,36.68 3 0
github.com/kotopesp/sos-kotopes/internal/controller/http/post.go:40.52,44.56 3 0
github.com/kotopesp/sos-kotopes/internal/controller/http/post.go:44.56,46.3 1 0
github.com/kotopesp/sos-kotopes/internal/controller/http/post.go:48.2,49.16 2 0
github.com/kotopesp/sos-kotopes/internal/controller/http/post.go:49.16,50.43 1 0
github.com/kotopesp/sos-kotopes/internal/controller/http/post.go:50.43,53.4 2 0
github.com/kotopesp/sos-kotopes/internal/controller/http/post.go:54.3,55.92 2 0
github.com/kotopesp/sos-kotopes/internal/controller/http/post.go:58.2,60.72 2 0
github.com/kotopesp/sos-kotopes/internal/controller/http/post.go:64.51,68.56 3 0
github.com/kotopesp/sos-kotopes/internal/controller/http/post.go:68.56,70.3 1 0
github.com/kotopesp/sos-kotopes/internal/controller/http/post.go:72.2,73.16 2 0
github.com/kotopesp/sos-kotopes/internal/controller/http/post.go:73.16,76.3 2 0
github.com/kotopesp/sos-kotopes/internal/controller/http/post.go:78.2,79.16 2 0
github.com/kotopesp/sos-kotopes/internal/controller/http/post.go:79.16,82.3 2 0
github.com/kotopesp/sos-kotopes/internal/controller/http/post.go:84.2,87.16 3 0
github.com/kotopesp/sos-kotopes/internal/controller/http/post.go:87.16,88.41 1 0
github.com/kotopesp/sos-kotopes/internal/controller/http/post.go:88.41,91.4 2 0
github.com/kotopesp/sos-kotopes/internal/controller/http/post.go:92.3,93.92 2 0
github.com/kotopesp/sos-kotopes/internal/controller/http/post.go:96.2,98.77 2 0
github.com/kotopesp/sos-kotopes/internal/controller/http/post.go:102.51,106.56 3 0
github.com/kotopesp/sos-kotopes/internal/controller/http/post.go:106.56,108.3 1 0
github.com/kotopesp/sos-kotopes/internal/controller/http/post.go:109.2,114.56 4 0
github.com/kotopesp/sos-kotopes/internal/controller/http/post.go:114.56,116.3 1 0
github.com/kotopesp/sos-kotopes/internal/controller/http/post.go:118.2,123.16 4 0
github.com/kotopesp/sos-kotopes/internal/controller/http/post.go:123.16,126.3 2 0
github.com/kotopesp/sos-kotopes/internal/controller/http/post.go:127.2,130.16 3 0
github.com/kotopesp/sos-kotopes/internal/controller/http/post.go:130.16,131.14 1 0
github.com/kotopesp/sos-kotopes/internal/controller/http/post.go:132.29,134.99 2 0
github.com/kotopesp/sos-kotopes/internal/controller/http/post.go:135.37,137.108 2 0
github.com/kotopesp/sos-kotopes/internal/controller/http/post.go:139.3,140.92 2 0
github.com/kotopesp/sos-kotopes/internal/controller/http/post.go:143.2,145.72 2 0
github.com/kotopesp/sos-kotopes/internal/controller/http/post.go:149.51,153.56 3 0
github.com/kotopesp/sos-kotopes/internal/controller/http/post.go:153.56,155.3 1 0
github.com/kotopesp/sos-kotopes/internal/controller/http/post.go:157.2,160.16 4 0
github.com/kotopesp/sos-kotopes/internal/controller/http/post.go:160.16,163.3 2 0
github.com/kotopesp/sos-kotopes/internal/controller/http/post.go:164.2,167.16 3 0
github.com/kotopesp/sos-kotopes/internal/controller/http/post.go:167.16,168.43 1 0
github.com/kotopesp/sos-kotopes/internal/controller/http/post.go:168.43,171.4 2 0
github.com/kotopesp/sos-kotopes/internal/controller/http/post.go:172.3,172.51 1 0
github.com/kotopesp/sos-kotopes/internal/controller/http/post.go:172.51,175.4 2 0
github.com/kotopesp/sos-kotopes/internal/controller/http/post.go:176.3,177.92 2 0
github.com/kotopesp/sos-kotopes/internal/controller/http/post.go:180.2,180.46 1 0
github.com/kotopesp/sos-kotopes/internal/controller/http/post_favorite.go:14.66,18.56 3 0
github.com/kotopesp/sos-kotopes/internal/controller/http/post_favorite.go:18.56,21.3 2 0
github.com/kotopesp/sos-kotopes/internal/controller/http/post_favorite.go:23.5,24.16 2 0
github.com/kotopesp/sos-kotopes/internal/controller/http/post_favorite.go:24.16,27.3 2 0
github.com/kotopesp/sos-kotopes/internal/controller/http/post_favorite.go:29.5,30.19 2 0
github.com/kotopesp/sos-kotopes/internal/controller/http/post_favorite.go:30.19,31.43 1 0
github.com/kotopesp/sos-kotopes/internal/controller/http/post_favorite.go:31.43,34.4 2 0
github.com/kotopesp/sos-kotopes/internal/controller/http/post_favorite.go:35.9,36.98 2 0
github.com/kotopesp/sos-kotopes/internal/controller/http/post_favorite.go:39.2,43.71 3 0
github.com/kotopesp/sos-kotopes/internal/controller/http/post_favorite.go:47.57,51.56 3 0
github.com/kotopesp/sos-kotopes/internal/controller/http/post_favorite.go:51.56,53.3 1 0
github.com/kotopesp/sos-kotopes/internal/controller/http/post_favorite.go:55.5,56.16 2 0
github.com/kotopesp/sos-kotopes/internal/controller/http/post_favorite.go:56.16,59.3 2 0
github.com/kotopesp/sos-kotopes/internal/controller/http/post_favorite.go:61.5,64.19 3 0
github.com/kotopesp/sos-kotopes/internal/controller/http/post_favorite.go:64.19,65.14 1 0
github.com/kotopesp/sos-kotopes/internal/controller/http/post_favorite.go:66.30,68.100 2 0
github.com/kotopesp/sos-kotopes/internal/controller/http/post_favorite.go:69.41,71.111 2 0
github.com/kotopesp/sos-kotopes/internal/controller/http/post_favorite.go:73.9,74.98 2 0
github.com/kotopesp/sos-kotopes/internal/controller/http/post_favorite.go:77.5,77.42 1 0
github.com/kotopesp/sos-kotopes/internal/controller/http/post_favorite.go:81.64,85.56 3 0
github.com/kotopesp/sos-kotopes/internal/controller/http/post_favorite.go:85.56,87.3 1 0
github.com/kotopesp/sos-kotopes/internal/controller/http/post_favorite.go:89.2,90.16 2 0
github.com/kotopesp/sos-kotopes/internal/controller/http/post_favorite.go:90.16,93.3 2 0
github.com/kotopesp/sos-kotopes/internal/controller/http/post_favorite.go:95.2,96.16 2 0
github.com/kotopesp/sos-kotopes/internal/controller/http/post_favorite.go:96.16,97.43 1 0
github.com/kotopesp/sos-kotopes/internal/controller/http/post_favorite.go:97.43,100.4 2 0
github.com/kotopesp/sos-kotopes/internal/controller/http/post_favorite.go:101.3,102.92 2 0
github.com/kotopesp/sos-kotopes/internal/controller/http/post_favorite.go:105.2,105.46 1 0
github.com/kotopesp/sos-kotopes/internal/controller/http/protected.go:9.50,12.16 2 0
github.com/kotopesp/sos-kotopes/internal/controller/http/protected.go:12.16,14.3 1 0
github.com/kotopesp/sos-kotopes/internal/controller/http/protected.go:17.2,18.16 2 0
github.com/kotopesp/sos-kotopes/internal/controller/http/protected.go:18.16,20.3 1 0
github.com/kotopesp/sos-kotopes/internal/controller/http/protected.go:22.2,26.5 1 0
github.com/kotopesp/sos-kotopes/internal/controller/http/router.go:24.3,38.2 4 1
github.com/kotopesp/sos-kotopes/internal/controller/http/router.go:40.31,56.2 8 1
github.com/kotopesp/sos-kotopes/internal/controller/http/router.go:59.43,61.2 1 1
github.com/kotopesp/sos-kotopes/internal/controller/http/router.go:64.45,64.46 0 1
github.com/kotopesp/sos-kotopes/internal/controller/http/model/errors.go:9.71,15.3 1 1
github.com/kotopesp/sos-kotopes/internal/controller/http/model/response.go:17.36,22.2 1 1
github.com/kotopesp/sos-kotopes/internal/controller/http/model/response.go:24.39,29.2 1 1
github.com/kotopesp/sos-kotopes/internal/controller/http/model/comment/converter.go:9.48,15.2 1 0
github.com/kotopesp/sos-kotopes/internal/controller/http/model/comment/converter.go:17.47,21.2 1 0
github.com/kotopesp/sos-kotopes/internal/controller/http/model/comment/converter.go:23.45,24.17 1 0
github.com/kotopesp/sos-kotopes/internal/controller/http/model/comment/converter.go:24.17,26.3 1 0
github.com/kotopesp/sos-kotopes/internal/controller/http/model/comment/converter.go:28.2,39.3 1 0
github.com/kotopesp/sos-kotopes/internal/controller/http/model/comment/converter.go:42.55,44.28 2 0
github.com/kotopesp/sos-kotopes/internal/controller/http/model/comment/converter.go:44.28,46.3 1 0
github.com/kotopesp/sos-kotopes/internal/controller/http/model/comment/converter.go:47.2,47.27 1 0
github.com/kotopesp/sos-kotopes/internal/controller/http/model/comment/converter.go:50.102,56.2 1 0
github.com/kotopesp/sos-kotopes/internal/controller/http/model/comment/converter.go:58.92,63.2 1 0
github.com/kotopesp/sos-kotopes/internal/controller/http/model/post/converter.go:9.82,10.16 1 0
github.com/kotopesp/sos-kotopes/internal/controller/http/model/post/converter.go:10.16,12.3 1 0
github.com/kotopesp/sos-kotopes/internal/controller/http/model/post/converter.go:14.2,34.3 3 0
github.com/kotopesp/sos-kotopes/internal/controller/http/model/post/converter.go:37.80,38.16 1 0
github.com/kotopesp/sos-kotopes/internal/controller/http/model/post/converter.go:38.16,40.3 1 0
github.com/kotopesp/sos-kotopes/internal/controller/http/model/post/converter.go:42.2,52.3 1 0
github.com/kotopesp/sos-kotopes/internal/controller/http/model/post/converter.go:56.80,59.29 2 0
github.com/kotopesp/sos-kotopes/internal/controller/http/model/post/converter.go:59.29,61.3 1 0
github.com/kotopesp/sos-kotopes/internal/controller/http/model/post/converter.go:63.2,66.3 1 0
github.com/kotopesp/sos-kotopes/internal/controller/http/model/post/converter.go:70.57,86.2 1 0
github.com/kotopesp/sos-kotopes/internal/controller/http/model/post/converter.go:89.65,94.2 1 0
github.com/kotopesp/sos-kotopes/internal/controller/http/model/post/converter.go:97.77,98.14 1 0
github.com/kotopesp/sos-kotopes/internal/controller/http/model/post/converter.go:98.14,100.3 1 0
github.com/kotopesp/sos-kotopes/internal/controller/http/model/post/converter.go:101.2,108.3 1 0
github.com/kotopesp/sos-kotopes/internal/controller/http/model/user/converter.go:5.39,14.2 1 1
github.com/kotopesp/sos-kotopes/internal/controller/http/model/validator/validator.go:26.42,28.2 1 0
github.com/kotopesp/sos-kotopes/internal/controller/http/model/validator/validator_impl.go:19.85,20.94 1 1
github.com/kotopesp/sos-kotopes/internal/controller/http/model/validator/validator_impl.go:20.94,22.3 1 1
github.com/kotopesp/sos-kotopes/internal/controller/http/model/validator/validator_impl.go:23.2,23.16 1 1
github.com/kotopesp/sos-kotopes/internal/controller/http/model/validator/validator_impl.go:23.16,25.3 1 0
github.com/kotopesp/sos-kotopes/internal/controller/http/model/validator/validator_impl.go:26.2,26.97 1 1
github.com/kotopesp/sos-kotopes/internal/controller/http/model/validator/validator_impl.go:26.97,28.3 1 1
github.com/kotopesp/sos-kotopes/internal/controller/http/model/validator/validator_impl.go:29.2,29.16 1 1
github.com/kotopesp/sos-kotopes/internal/controller/http/model/validator/validator_impl.go:29.16,31.3 1 0
github.com/kotopesp/sos-kotopes/internal/controller/http/model/validator/validator_impl.go:32.2,32.90 1 1
github.com/kotopesp/sos-kotopes/internal/controller/http/model/validator/validator_impl.go:32.90,34.3 1 1
github.com/kotopesp/sos-kotopes/internal/controller/http/model/validator/validator_impl.go:35.2,35.16 1 1
github.com/kotopesp/sos-kotopes/internal/controller/http/model/validator/validator_impl.go:35.16,37.3 1 0
github.com/kotopesp/sos-kotopes/internal/controller/http/model/validator/validator_impl.go:40.86,46.2 3 1
github.com/kotopesp/sos-kotopes/internal/controller/http/model/validator/validator_impl.go:48.68,53.17 3 1
github.com/kotopesp/sos-kotopes/internal/controller/http/model/validator/validator_impl.go:53.17,56.10 3 1
github.com/kotopesp/sos-kotopes/internal/controller/http/model/validator/validator_impl.go:56.10,58.4 1 0
github.com/kotopesp/sos-kotopes/internal/controller/http/model/validator/validator_impl.go:59.3,59.43 1 1
github.com/kotopesp/sos-kotopes/internal/controller/http/model/validator/validator_impl.go:59.43,68.4 6 1
github.com/kotopesp/sos-kotopes/internal/controller/http/model/validator/validator_impl.go:70.2,70.25 1 1
github.com/kotopesp/sos-kotopes/internal/core/animal.go:38.34,40.2 1 0
github.com/kotopesp/sos-kotopes/internal/core/comment.go:53.35,55.2 1 0
github.com/kotopesp/sos-kotopes/internal/core/post.go:75.32,77.2 1 0
github.com/kotopesp/sos-kotopes/internal/core/postfavourite.go:28.41,30.2 1 0
github.com/kotopesp/sos-kotopes/internal/core/user.go:49.32,51.2 1 0
github.com/kotopesp/sos-kotopes/internal/core/user.go:53.40,55.2 1 0
github.com/kotopesp/sos-kotopes/internal/core/mocks/AuthService.go:20.97,26.88 5 0
github.com/kotopesp/sos-kotopes/internal/core/mocks/AuthService.go:26.88,28.3 1 0
github.com/kotopesp/sos-kotopes/internal/core/mocks/AuthService.go:29.2,29.70 1 0
github.com/kotopesp/sos-kotopes/internal/core/mocks/AuthService.go:29.70,31.3 1 0
github.com/kotopesp/sos-kotopes/internal/core/mocks/AuthService.go:31.8,32.24 1 0
github.com/kotopesp/sos-kotopes/internal/core/mocks/AuthService.go:32.24,34.4 1 0
github.com/kotopesp/sos-kotopes/internal/core/mocks/AuthService.go:37.2,37.70 1 0
github.com/kotopesp/sos-kotopes/internal/core/mocks/AuthService.go:37.70,39.3 1 0
github.com/kotopesp/sos-kotopes/internal/core/mocks/AuthService.go:39.8,40.24 1 0
github.com/kotopesp/sos-kotopes/internal/core/mocks/AuthService.go:40.24,42.4 1 0
github.com/kotopesp/sos-kotopes/internal/core/mocks/AuthService.go:45.2,45.68 1 0
github.com/kotopesp/sos-kotopes/internal/core/mocks/AuthService.go:45.68,47.3 1 0
github.com/kotopesp/sos-kotopes/internal/core/mocks/AuthService.go:47.8,49.3 1 0
github.com/kotopesp/sos-kotopes/internal/core/mocks/AuthService.go:51.2,51.19 1 0
github.com/kotopesp/sos-kotopes/internal/core/mocks/AuthService.go:55.50,59.54 3 0
github.com/kotopesp/sos-kotopes/internal/core/mocks/AuthService.go:59.54,61.3 1 0
github.com/kotopesp/sos-kotopes/internal/core/mocks/AuthService.go:61.8,62.24 1 0
github.com/kotopesp/sos-kotopes/internal/core/mocks/AuthService.go:62.24,64.4 1 0
github.com/kotopesp/sos-kotopes/internal/core/mocks/AuthService.go:67.2,67.11 1 0
github.com/kotopesp/sos-kotopes/internal/core/mocks/AuthService.go:71.46,75.46 3 1
github.com/kotopesp/sos-kotopes/internal/core/mocks/AuthService.go:75.46,77.3 1 0
github.com/kotopesp/sos-kotopes/internal/core/mocks/AuthService.go:77.8,78.24 1 1
github.com/kotopesp/sos-kotopes/internal/core/mocks/AuthService.go:78.24,80.4 1 1
github.com/kotopesp/sos-kotopes/internal/core/mocks/AuthService.go:83.2,83.11 1 1
github.com/kotopesp/sos-kotopes/internal/core/mocks/AuthService.go:87.98,93.91 5 1
github.com/kotopesp/sos-kotopes/internal/core/mocks/AuthService.go:93.91,95.3 1 0
github.com/kotopesp/sos-kotopes/internal/core/mocks/AuthService.go:96.2,96.73 1 1
github.com/kotopesp/sos-kotopes/internal/core/mocks/AuthService.go:96.73,98.3 1 0
github.com/kotopesp/sos-kotopes/internal/core/mocks/AuthService.go:98.8,99.24 1 1
github.com/kotopesp/sos-kotopes/internal/core/mocks/AuthService.go:99.24,101.4 1 1
github.com/kotopesp/sos-kotopes/internal/core/mocks/AuthService.go:104.2,104.73 1 1
github.com/kotopesp/sos-kotopes/internal/core/mocks/AuthService.go:104.73,106.3 1 0
github.com/kotopesp/sos-kotopes/internal/core/mocks/AuthService.go:106.8,107.24 1 1
github.com/kotopesp/sos-kotopes/internal/core/mocks/AuthService.go:107.24,109.4 1 1
github.com/kotopesp/sos-kotopes/internal/core/mocks/AuthService.go:112.2,112.71 1 1
github.com/kotopesp/sos-kotopes/internal/core/mocks/AuthService.go:112.71,114.3 1 0
github.com/kotopesp/sos-kotopes/internal/core/mocks/AuthService.go:114.8,116.3 1 1
github.com/kotopesp/sos-kotopes/internal/core/mocks/AuthService.go:118.2,118.19 1 1
github.com/kotopesp/sos-kotopes/internal/core/mocks/AuthService.go:122.78,127.76 4 1
github.com/kotopesp/sos-kotopes/internal/core/mocks/AuthService.go:127.76,129.3 1 0
github.com/kotopesp/sos-kotopes/internal/core/mocks/AuthService.go:130.2,130.67 1 1
github.com/kotopesp/sos-kotopes/internal/core/mocks/AuthService.go:130.67,132.3 1 0
github.com/kotopesp/sos-kotopes/internal/core/mocks/AuthService.go:132.8,133.24 1 1
github.com/kotopesp/sos-kotopes/internal/core/mocks/AuthService.go:133.24,135.4 1 1
github.com/kotopesp/sos-kotopes/internal/core/mocks/AuthService.go:138.2,138.65 1 1
github.com/kotopesp/sos-kotopes/internal/core/mocks/AuthService.go:138.65,140.3 1 0
github.com/kotopesp/sos-kotopes/internal/core/mocks/AuthService.go:140.8,142.3 1 1
github.com/kotopesp/sos-kotopes/internal/core/mocks/AuthService.go:144.2,144.15 1 1
github.com/kotopesp/sos-kotopes/internal/core/mocks/AuthService.go:148.79,152.71 3 1
github.com/kotopesp/sos-kotopes/internal/core/mocks/AuthService.go:152.71,154.3 1 0
github.com/kotopesp/sos-kotopes/internal/core/mocks/AuthService.go:154.8,156.3 1 1
github.com/kotopesp/sos-kotopes/internal/core/mocks/AuthService.go:158.2,158.11 1 1
github.com/kotopesp/sos-kotopes/internal/core/mocks/AuthService.go:167.75,171.19 3 1
github.com/kotopesp/sos-kotopes/internal/core/mocks/AuthService.go:171.19,171.49 1 1
github.com/kotopesp/sos-kotopes/internal/core/mocks/AuthService.go:173.2,173.13 1 1
github.com/kotopesp/sos-kotopes/internal/core/mocks/CommentService.go:18.106,23.90 4 0
github.com/kotopesp/sos-kotopes/internal/core/mocks/CommentService.go:23.90,25.3 1 0
github.com/kotopesp/sos-kotopes/internal/core/mocks/CommentService.go:26.2,26.81 1 0
github.com/kotopesp/sos-kotopes/internal/core/mocks/CommentService.go:26.81,28.3 1 0
github.com/kotopesp/sos-kotopes/internal/core/mocks/CommentService.go:28.8,30.3 1 0
github.com/kotopesp/sos-kotopes/internal/core/mocks/CommentService.go:32.2,32.74 1 0
github.com/kotopesp/sos-kotopes/internal/core/mocks/CommentService.go:32.74,34.3 1 0
github.com/kotopesp/sos-kotopes/internal/core/mocks/CommentService.go:34.8,36.3 1 0
github.com/kotopesp/sos-kotopes/internal/core/mocks/CommentService.go:38.2,38.15 1 0
github.com/kotopesp/sos-kotopes/internal/core/mocks/CommentService.go:42.91,46.74 3 0
github.com/kotopesp/sos-kotopes/internal/core/mocks/CommentService.go:46.74,48.3 1 0
github.com/kotopesp/sos-kotopes/internal/core/mocks/CommentService.go:48.8,50.3 1 0
github.com/kotopesp/sos-kotopes/internal/core/mocks/CommentService.go:52.2,52.11 1 0
github.com/kotopesp/sos-kotopes/internal/core/mocks/CommentService.go:56.126,62.110 5 0
github.com/kotopesp/sos-kotopes/internal/core/mocks/CommentService.go:62.110,64.3 1 0
github.com/kotopesp/sos-kotopes/internal/core/mocks/CommentService.go:65.2,65.96 1 0
github.com/kotopesp/sos-kotopes/internal/core/mocks/CommentService.go:65.96,67.3 1 0
github.com/kotopesp/sos-kotopes/internal/core/mocks/CommentService.go:67.8,68.24 1 0
github.com/kotopesp/sos-kotopes/internal/core/mocks/CommentService.go:68.24,70.4 1 0
github.com/kotopesp/sos-kotopes/internal/core/mocks/CommentService.go:73.2,73.85 1 0
github.com/kotopesp/sos-kotopes/internal/core/mocks/CommentService.go:73.85,75.3 1 0
github.com/kotopesp/sos-kotopes/internal/core/mocks/CommentService.go:75.8,77.3 1 0
github.com/kotopesp/sos-kotopes/internal/core/mocks/CommentService.go:79.2,79.87 1 0
github.com/kotopesp/sos-kotopes/internal/core/mocks/CommentService.go:79.87,81.3 1 0
github.com/kotopesp/sos-kotopes/internal/core/mocks/CommentService.go:81.8,83.3 1 0
github.com/kotopesp/sos-kotopes/internal/core/mocks/CommentService.go:85.2,85.19 1 0
github.com/kotopesp/sos-kotopes/internal/core/mocks/CommentService.go:89.107,94.90 4 0
github.com/kotopesp/sos-kotopes/internal/core/mocks/CommentService.go:94.90,96.3 1 0
github.com/kotopesp/sos-kotopes/internal/core/mocks/CommentService.go:97.2,97.81 1 0
github.com/kotopesp/sos-kotopes/internal/core/mocks/CommentService.go:97.81,99.3 1 0
github.com/kotopesp/sos-kotopes/internal/core/mocks/CommentService.go:99.8,101.3 1 0
github.com/kotopesp/sos-kotopes/internal/core/mocks/CommentService.go:103.2,103.74 1 0
github.com/kotopesp/sos-kotopes/internal/core/mocks/CommentService.go:103.74,105.3 1 0
github.com/kotopesp/sos-kotopes/internal/core/mocks/CommentService.go:105.8,107.3 1 0
github.com/kotopesp/sos-kotopes/internal/core/mocks/CommentService.go:109.2,109.15 1 0
github.com/kotopesp/sos-kotopes/internal/core/mocks/CommentService.go:118.84,122.19 3 1
github.com/kotopesp/sos-kotopes/internal/core/mocks/CommentService.go:122.19,122.49 1 1
github.com/kotopesp/sos-kotopes/internal/core/mocks/CommentService.go:124.2,124.13 1 1
github.com/kotopesp/sos-kotopes/internal/core/mocks/PostService.go:20.101,23.19 2 0
github.com/kotopesp/sos-kotopes/internal/core/mocks/PostService.go:23.19,24.57 1 0
github.com/kotopesp/sos-kotopes/internal/core/mocks/PostService.go:27.2,28.80 2 0
github.com/kotopesp/sos-kotopes/internal/core/mocks/PostService.go:28.80,30.3 1 0
github.com/kotopesp/sos-kotopes/internal/core/mocks/PostService.go:30.8,32.3 1 0
github.com/kotopesp/sos-kotopes/internal/core/mocks/PostService.go:34.2,34.11 1 0
github.com/kotopesp/sos-kotopes/internal/core/mocks/PostService.go:38.146,41.19 2 0
github.com/kotopesp/sos-kotopes/internal/core/mocks/PostService.go:41.19,42.52 1 0
github.com/kotopesp/sos-kotopes/internal/core/mocks/PostService.go:45.2,47.121 3 0
github.com/kotopesp/sos-kotopes/internal/core/mocks/PostService.go:47.121,49.3 1 0
github.com/kotopesp/sos-kotopes/internal/core/mocks/PostService.go:50.2,50.112 1 0
github.com/kotopesp/sos-kotopes/internal/core/mocks/PostService.go:50.112,52.3 1 0
github.com/kotopesp/sos-kotopes/internal/core/mocks/PostService.go:52.8,54.3 1 0
github.com/kotopesp/sos-kotopes/internal/core/mocks/PostService.go:56.2,56.101 1 0
github.com/kotopesp/sos-kotopes/internal/core/mocks/PostService.go:56.101,58.3 1 0
github.com/kotopesp/sos-kotopes/internal/core/mocks/PostService.go:58.8,60.3 1 0
github.com/kotopesp/sos-kotopes/internal/core/mocks/PostService.go:62.2,62.15 1 0
github.com/kotopesp/sos-kotopes/internal/core/mocks/PostService.go:66.96,69.19 2 0
github.com/kotopesp/sos-kotopes/internal/core/mocks/PostService.go:69.19,70.62 1 0
github.com/kotopesp/sos-kotopes/internal/core/mocks/PostService.go:73.2,74.70 2 0
github.com/kotopesp/sos-kotopes/internal/core/mocks/PostService.go:74.70,76.3 1 0
github.com/kotopesp/sos-kotopes/internal/core/mocks/PostService.go:76.8,78.3 1 0
github.com/kotopesp/sos-kotopes/internal/core/mocks/PostService.go:80.2,80.11 1 0
github.com/kotopesp/sos-kotopes/internal/core/mocks/PostService.go:84.78,87.19 2 0
github.com/kotopesp/sos-kotopes/internal/core/mocks/PostService.go:87.19,88.52 1 0
github.com/kotopesp/sos-kotopes/internal/core/mocks/PostService.go:91.2,92.71 2 0
github.com/kotopesp/sos-kotopes/internal/core/mocks/PostService.go:92.71,94.3 1 0
github.com/kotopesp/sos-kotopes/internal/core/mocks/PostService.go:94.8,96.3 1 0
github.com/kotopesp/sos-kotopes/internal/core/mocks/PostService.go:98.2,98.11 1 0
github.com/kotopesp/sos-kotopes/internal/core/mocks/PostService.go:102.121,105.19 2 0
github.com/kotopesp/sos-kotopes/internal/core/mocks/PostService.go:105.19,106.53 1 0
github.com/kotopesp/sos-kotopes/internal/core/mocks/PostService.go:109.2,112.111 4 0
github.com/kotopesp/sos-kotopes/internal/core/mocks/PostService.go:112.111,114.3 1 0
github.com/kotopesp/sos-kotopes/internal/core/mocks/PostService.go:115.2,115.97 1 0
github.com/kotopesp/sos-kotopes/internal/core/mocks/PostService.go:115.97,117.3 1 0
github.com/kotopesp/sos-kotopes/internal/core/mocks/PostService.go:117.8,118.24 1 0
github.com/kotopesp/sos-kotopes/internal/core/mocks/PostService.go:118.24,120.4 1 0
github.com/kotopesp/sos-kotopes/internal/core/mocks/PostService.go:123.2,123.82 1 0
github.com/kotopesp/sos-kotopes/internal/core/mocks/PostService.go:123.82,125.3 1 0
github.com/kotopesp/sos-kotopes/internal/core/mocks/PostService.go:125.8,127.3 1 0
github.com/kotopesp/sos-kotopes/internal/core/mocks/PostService.go:129.2,129.84 1 0
github.com/kotopesp/sos-kotopes/internal/core/mocks/PostService.go:129.84,131.3 1 0
github.com/kotopesp/sos-kotopes/internal/core/mocks/PostService.go:131.8,133.3 1 0
github.com/kotopesp/sos-kotopes/internal/core/mocks/PostService.go:135.2,135.19 1 0
github.com/kotopesp/sos-kotopes/internal/core/mocks/PostService.go:139.108,142.19 2 0
github.com/kotopesp/sos-kotopes/internal/core/mocks/PostService.go:142.19,143.59 1 0
github.com/kotopesp/sos-kotopes/internal/core/mocks/PostService.go:146.2,149.92 4 0
github.com/kotopesp/sos-kotopes/internal/core/mocks/PostService.go:149.92,151.3 1 0
github.com/kotopesp/sos-kotopes/internal/core/mocks/PostService.go:152.2,152.78 1 0
github.com/kotopesp/sos-kotopes/internal/core/mocks/PostService.go:152.78,154.3 1 0
github.com/kotopesp/sos-kotopes/internal/core/mocks/PostService.go:154.8,155.24 1 0
github.com/kotopesp/sos-kotopes/internal/core/mocks/PostService.go:155.24,157.4 1 0
[...]
github.com/kotopesp/sos-kotopes/internal/core/mocks/CommentService.go:56.126,62.110 5 0
github.com/kotopesp/sos-kotopes/internal/core/mocks/CommentService.go:62.110,64.3 1 0
github.com/kotopesp/sos-kotopes/internal/core/mocks/CommentService.go:65.2,65.96 1 0
github.com/kotopesp/sos-kotopes/internal/core/mocks/CommentService.go:65.96,67.3 1 0
github.com/kotopesp/sos-kotopes/internal/core/mocks/CommentService.go:67.8,68.24 1 0
github.com/kotopesp/sos-kotopes/internal/core/mocks/CommentService.go:68.24,70.4 1 0
github.com/kotopesp/sos-kotopes/internal/core/mocks/CommentService.go:73.2,73.85 1 0
github.com/kotopesp/sos-kotopes/internal/core/mocks/CommentService.go:73.85,75.3 1 0
github.com/kotopesp/sos-kotopes/internal/core/mocks/CommentService.go:75.8,77.3 1 0
github.com/kotopesp/sos-kotopes/internal/core/mocks/CommentService.go:79.2,79.87 1 0
github.com/kotopesp/sos-kotopes/internal/core/mocks/CommentService.go:79.87,81.3 1 0
github.com/kotopesp/sos-kotopes/internal/core/mocks/CommentService.go:81.8,83.3 1 0
github.com/kotopesp/sos-kotopes/internal/core/mocks/CommentService.go:85.2,85.19 1 0
github.com/kotopesp/sos-kotopes/internal/core/mocks/CommentService.go:89.107,94.90 4 0
github.com/kotopesp/sos-kotopes/internal/core/mocks/CommentService.go:94.90,96.3 1 0
github.com/kotopesp/sos-kotopes/internal/core/mocks/CommentService.go:97.2,97.81 1 0
github.com/kotopesp/sos-kotopes/internal/core/mocks/CommentService.go:97.81,99.3 1 0
github.com/kotopesp/sos-kotopes/internal/core/mocks/CommentService.go:99.8,101.3 1 0
github.com/kotopesp/sos-kotopes/internal/core/mocks/CommentService.go:103.2,103.74 1 0
github.com/kotopesp/sos-kotopes/internal/core/mocks/CommentService.go:103.74,105.3 1 0
github.com/kotopesp/sos-kotopes/internal/core/mocks/CommentService.go:105.8,107.3 1 0
github.com/kotopesp/sos-kotopes/internal/core/mocks/CommentService.go:109.2,109.15 1 0
github.com/kotopesp/sos-kotopes/internal/core/mocks/CommentService.go:118.84,122.19 3 0
github.com/kotopesp/sos-kotopes/internal/core/mocks/CommentService.go:122.19,122.49 1 0
github.com/kotopesp/sos-kotopes/internal/core/mocks/CommentService.go:124.2,124.13 1 0
github.com/kotopesp/sos-kotopes/internal/core/mocks/PostService.go:20.101,23.19 2 0
github.com/kotopesp/sos-kotopes/internal/core/mocks/PostService.go:23.19,24.57 1 0
github.com/kotopesp/sos-kotopes/internal/core/mocks/PostService.go:27.2,28.80 2 0
github.com/kotopesp/sos-kotopes/internal/core/mocks/PostService.go:28.80,30.3 1 0
github.com/kotopesp/sos-kotopes/internal/core/mocks/PostService.go:30.8,32.3 1 0
github.com/kotopesp/sos-kotopes/internal/core/mocks/PostService.go:34.2,34.11 1 0
github.com/kotopesp/sos-kotopes/internal/core/mocks/PostService.go:38.146,41.19 2 0
github.com/kotopesp/sos-kotopes/internal/core/mocks/PostService.go:41.19,42.52 1 0
github.com/kotopesp/sos-kotopes/internal/core/mocks/PostService.go:45.2,47.121 3 0
github.com/kotopesp/sos-kotopes/internal/core/mocks/PostService.go:47.121,49.3 1 0
github.com/kotopesp/sos-kotopes/internal/core/mocks/PostService.go:50.2,50.112 1 0
github.com/kotopesp/sos-kotopes/internal/core/mocks/PostService.go:50.112,52.3 1 0
github.com/kotopesp/sos-kotopes/internal/core/mocks/PostService.go:52.8,54.3 1 0
github.com/kotopesp/sos-kotopes/internal/core/mocks/PostService.go:56.2,56.101 1 0
github.com/kotopesp/sos-kotopes/internal/core/mocks/PostService.go:56.101,58.3 1 0
github.com/kotopesp/sos-kotopes/internal/core/mocks/PostService.go:58.8,60.3 1 0
github.com/kotopesp/sos-kotopes/internal/core/mocks/PostService.go:62.2,62.15 1 0
github.com/kotopesp/sos-kotopes/internal/core/mocks/PostService.go:66.96,69.19 2 0
github.com/kotopesp/sos-kotopes/internal/core/mocks/PostService.go:69.19,70.62 1 0
github.com/kotopesp/sos-kotopes/internal/core/mocks/PostService.go:73.2,74.70 2 0
github.com/kotopesp/sos-kotopes/internal/core/mocks/PostService.go:74.70,76.3 1 0
github.com/kotopesp/sos-kotopes/internal/core/mocks/PostService.go:76.8,78.3 1 0
github.com/kotopesp/sos-kotopes/internal/core/mocks/PostService.go:80.2,80.11 1 0
github.com/kotopesp/sos-kotopes/internal/core/mocks/PostService.go:84.78,87.19 2 0
github.com/kotopesp/sos-kotopes/internal/core/mocks/PostService.go:87.19,88.52 1 0
github.com/kotopesp/sos-kotopes/internal/core/mocks/PostService.go:91.2,92.71 2 0
github.com/kotopesp/sos-kotopes/internal/core/mocks/PostService.go:92.71,94.3 1 0
github.com/kotopesp/sos-kotopes/internal/core/mocks/PostService.go:94.8,96.3 1 0
github.com/kotopesp/sos-kotopes/internal/core/mocks/PostService.go:98.2,98.11 1 0
github.com/kotopesp/sos-kotopes/internal/core/mocks/PostService.go:102.121,105.19 2 0
github.com/kotopesp/sos-kotopes/internal/core/mocks/PostService.go:105.19,106.53 1 0
github.com/kotopesp/sos-kotopes/internal/core/mocks/PostService.go:109.2,112.111 4 0
github.com/kotopesp/sos-kotopes/internal/core/mocks/PostService.go:112.111,114.3 1 0
github.com/kotopesp/sos-kotopes/internal/core/mocks/PostService.go:115.2,115.97 1 0
github.com/kotopesp/sos-kotopes/internal/core/mocks/PostService.go:115.97,117.3 1 0
github.com/kotopesp/sos-kotopes/internal/core/mocks/PostService.go:117.8,118.24 1 0
github.com/kotopesp/sos-kotopes/internal/core/mocks/PostService.go:118.24,120.4 1 0
github.com/kotopesp/sos-kotopes/internal/core/mocks/PostService.go:123.2,123.82 1 0
github.com/kotopesp/sos-kotopes/internal/core/mocks/PostService.go:123.82,125.3 1 0
github.com/kotopesp/sos-kotopes/internal/core/mocks/PostService.go:125.8,127.3 1 0
github.com/kotopesp/sos-kotopes/internal/core/mocks/PostService.go:129.2,129.84 1 0
github.com/kotopesp/sos-kotopes/internal/core/mocks/PostService.go:129.84,131.3 1 0
github.com/kotopesp/sos-kotopes/internal/core/mocks/PostService.go:131.8,133.3 1 0
github.com/kotopesp/sos-kotopes/internal/core/mocks/PostService.go:135.2,135.19 1 0
github.com/kotopesp/sos-kotopes/internal/core/mocks/PostService.go:139.108,142.19 2 0
github.com/kotopesp/sos-kotopes/internal/core/mocks/PostService.go:142.19,143.59 1 0
github.com/kotopesp/sos-kotopes/internal/core/mocks/PostService.go:146.2,149.92 4 0
github.com/kotopesp/sos-kotopes/internal/core/mocks/PostService.go:149.92,151.3 1 0
github.com/kotopesp/sos-kotopes/internal/core/mocks/PostService.go:152.2,152.78 1 0
github.com/kotopesp/sos-kotopes/internal/core/mocks/PostService.go:152.78,154.3 1 0
github.com/kotopesp/sos-kotopes/internal/core/mocks/PostService.go:154.8,155.24 1 0
github.com/kotopesp/sos-kotopes/internal/core/mocks/PostService.go:155.24,157.4 1 0
github.com/kotopesp/sos-kotopes/internal/core/mocks/PostService.go:160.2,160.63 1 0
github.com/kotopesp/sos-kotopes/internal/core/mocks/PostService.go:160.63,162.3 1 0
github.com/kotopesp/sos-kotopes/internal/core/mocks/PostService.go:162.8,164.3 1 0
github.com/kotopesp/sos-kotopes/internal/core/mocks/PostService.go:166.2,166.65 1 0
github.com/kotopesp/sos-kotopes/internal/core/mocks/PostService.go:166.65,168.3 1 0
github.com/kotopesp/sos-kotopes/internal/core/mocks/PostService.go:168.8,170.3 1 0
github.com/kotopesp/sos-kotopes/internal/core/mocks/PostService.go:172.2,172.19 1 0
github.com/kotopesp/sos-kotopes/internal/core/mocks/PostService.go:176.91,179.19 2 0
github.com/kotopesp/sos-kotopes/internal/core/mocks/PostService.go:179.19,180.53 1 0
github.com/kotopesp/sos-kotopes/internal/core/mocks/PostService.go:183.2,185.85 3 0
github.com/kotopesp/sos-kotopes/internal/core/mocks/PostService.go:185.85,187.3 1 0
github.com/kotopesp/sos-kotopes/internal/core/mocks/PostService.go:188.2,188.76 1 0
github.com/kotopesp/sos-kotopes/internal/core/mocks/PostService.go:188.76,190.3 1 0
github.com/kotopesp/sos-kotopes/internal/core/mocks/PostService.go:190.8,192.3 1 0
github.com/kotopesp/sos-kotopes/internal/core/mocks/PostService.go:194.2,194.65 1 0
github.com/kotopesp/sos-kotopes/internal/core/mocks/PostService.go:194.65,196.3 1 0
github.com/kotopesp/sos-kotopes/internal/core/mocks/PostService.go:196.8,198.3 1 0
github.com/kotopesp/sos-kotopes/internal/core/mocks/PostService.go:200.2,200.15 1 0
github.com/kotopesp/sos-kotopes/internal/core/mocks/PostService.go:204.128,207.19 2 0
github.com/kotopesp/sos-kotopes/internal/core/mocks/PostService.go:207.19,208.52 1 0
github.com/kotopesp/sos-kotopes/internal/core/mocks/PostService.go:211.2,213.108 3 0
github.com/kotopesp/sos-kotopes/internal/core/mocks/PostService.go:213.108,215.3 1 0
github.com/kotopesp/sos-kotopes/internal/core/mocks/PostService.go:216.2,216.99 1 0
github.com/kotopesp/sos-kotopes/internal/core/mocks/PostService.go:216.99,218.3 1 0
github.com/kotopesp/sos-kotopes/internal/core/mocks/PostService.go:218.8,220.3 1 0
github.com/kotopesp/sos-kotopes/internal/core/mocks/PostService.go:222.2,222.88 1 0
github.com/kotopesp/sos-kotopes/internal/core/mocks/PostService.go:222.88,224.3 1 0
github.com/kotopesp/sos-kotopes/internal/core/mocks/PostService.go:224.8,226.3 1 0
github.com/kotopesp/sos-kotopes/internal/core/mocks/PostService.go:228.2,228.15 1 0
github.com/kotopesp/sos-kotopes/internal/core/mocks/PostService.go:236.17,240.19 3 0
github.com/kotopesp/sos-kotopes/internal/core/mocks/PostService.go:240.19,240.49 1 0
github.com/kotopesp/sos-kotopes/internal/core/mocks/PostService.go:242.2,242.13 1 0
github.com/kotopesp/sos-kotopes/internal/core/mocks/UserStore.go:18.129,23.91 4 0
github.com/kotopesp/sos-kotopes/internal/core/mocks/UserStore.go:23.91,25.3 1 0
github.com/kotopesp/sos-kotopes/internal/core/mocks/UserStore.go:26.2,26.82 1 0
github.com/kotopesp/sos-kotopes/internal/core/mocks/UserStore.go:26.82,28.3 1 0
github.com/kotopesp/sos-kotopes/internal/core/mocks/UserStore.go:28.8,30.3 1 0
github.com/kotopesp/sos-kotopes/internal/core/mocks/UserStore.go:32.2,32.84 1 0
github.com/kotopesp/sos-kotopes/internal/core/mocks/UserStore.go:32.84,34.3 1 0
github.com/kotopesp/sos-kotopes/internal/core/mocks/UserStore.go:34.8,36.3 1 0
github.com/kotopesp/sos-kotopes/internal/core/mocks/UserStore.go:38.2,38.15 1 0
github.com/kotopesp/sos-kotopes/internal/core/mocks/UserStore.go:42.80,47.78 4 1
github.com/kotopesp/sos-kotopes/internal/core/mocks/UserStore.go:47.78,49.3 1 0
github.com/kotopesp/sos-kotopes/internal/core/mocks/UserStore.go:50.2,50.69 1 1
github.com/kotopesp/sos-kotopes/internal/core/mocks/UserStore.go:50.69,52.3 1 0
github.com/kotopesp/sos-kotopes/internal/core/mocks/UserStore.go:52.8,54.3 1 1
github.com/kotopesp/sos-kotopes/internal/core/mocks/UserStore.go:56.2,56.71 1 1
github.com/kotopesp/sos-kotopes/internal/core/mocks/UserStore.go:56.71,58.3 1 0
github.com/kotopesp/sos-kotopes/internal/core/mocks/UserStore.go:58.8,60.3 1 1
github.com/kotopesp/sos-kotopes/internal/core/mocks/UserStore.go:62.2,62.15 1 1
github.com/kotopesp/sos-kotopes/internal/core/mocks/UserStore.go:66.106,71.86 4 0
github.com/kotopesp/sos-kotopes/internal/core/mocks/UserStore.go:71.86,73.3 1 0
github.com/kotopesp/sos-kotopes/internal/core/mocks/UserStore.go:74.2,74.77 1 0
github.com/kotopesp/sos-kotopes/internal/core/mocks/UserStore.go:74.77,76.3 1 0
github.com/kotopesp/sos-kotopes/internal/core/mocks/UserStore.go:76.8,78.3 1 0
github.com/kotopesp/sos-kotopes/internal/core/mocks/UserStore.go:80.2,80.65 1 0
github.com/kotopesp/sos-kotopes/internal/core/mocks/UserStore.go:80.65,82.3 1 0
github.com/kotopesp/sos-kotopes/internal/core/mocks/UserStore.go:82.8,84.3 1 0
github.com/kotopesp/sos-kotopes/internal/core/mocks/UserStore.go:86.2,86.15 1 0
github.com/kotopesp/sos-kotopes/internal/core/mocks/UserStore.go:90.82,95.78 4 1
github.com/kotopesp/sos-kotopes/internal/core/mocks/UserStore.go:95.78,97.3 1 0
github.com/kotopesp/sos-kotopes/internal/core/mocks/UserStore.go:98.2,98.69 1 1
github.com/kotopesp/sos-kotopes/internal/core/mocks/UserStore.go:98.69,100.3 1 0
github.com/kotopesp/sos-kotopes/internal/core/mocks/UserStore.go:100.8,102.3 1 1
github.com/kotopesp/sos-kotopes/internal/core/mocks/UserStore.go:104.2,104.65 1 1
github.com/kotopesp/sos-kotopes/internal/core/mocks/UserStore.go:104.65,106.3 1 0
github.com/kotopesp/sos-kotopes/internal/core/mocks/UserStore.go:106.8,108.3 1 1
github.com/kotopesp/sos-kotopes/internal/core/mocks/UserStore.go:110.2,110.15 1 1
github.com/kotopesp/sos-kotopes/internal/core/mocks/UserStore.go:114.97,119.81 4 1
github.com/kotopesp/sos-kotopes/internal/core/mocks/UserStore.go:119.81,121.3 1 0
github.com/kotopesp/sos-kotopes/internal/core/mocks/UserStore.go:122.2,122.72 1 1
github.com/kotopesp/sos-kotopes/internal/core/mocks/UserStore.go:122.72,124.3 1 0
github.com/kotopesp/sos-kotopes/internal/core/mocks/UserStore.go:124.8,126.3 1 1
github.com/kotopesp/sos-kotopes/internal/core/mocks/UserStore.go:128.2,128.68 1 1
github.com/kotopesp/sos-kotopes/internal/core/mocks/UserStore.go:128.68,130.3 1 0
github.com/kotopesp/sos-kotopes/internal/core/mocks/UserStore.go:130.8,132.3 1 1
github.com/kotopesp/sos-kotopes/internal/core/mocks/UserStore.go:134.2,134.15 1 1
github.com/kotopesp/sos-kotopes/internal/core/mocks/UserStore.go:143.69,147.19 3 1
github.com/kotopesp/sos-kotopes/internal/core/mocks/UserStore.go:147.19,147.49 1 1
github.com/kotopesp/sos-kotopes/internal/core/mocks/UserStore.go:149.2,149.13 1 1
github.com/kotopesp/sos-kotopes/internal/service/auth/auth.go:30.20,35.2 1 1
github.com/kotopesp/sos-kotopes/internal/service/auth/auth.go:38.41,40.2 1 0
github.com/kotopesp/sos-kotopes/internal/service/auth/auth.go:43.114,45.16 2 1
github.com/kotopesp/sos-kotopes/internal/service/auth/auth.go:45.16,46.41 1 1
github.com/kotopesp/sos-kotopes/internal/service/auth/auth.go:46.41,48.4 1 1
github.com/kotopesp/sos-kotopes/internal/service/auth/auth.go:49.3,49.23 1 0
github.com/kotopesp/sos-kotopes/internal/service/auth/auth.go:52.2,53.16 2 1
github.com/kotopesp/sos-kotopes/internal/service/auth/auth.go:53.16,54.58 1 1
github.com/kotopesp/sos-kotopes/internal/service/auth/auth.go:54.58,56.4 1 1
github.com/kotopesp/sos-kotopes/internal/service/auth/auth.go:57.3,57.23 1 0
github.com/kotopesp/sos-kotopes/internal/service/auth/auth.go:60.2,61.16 2 1
github.com/kotopesp/sos-kotopes/internal/service/auth/auth.go:61.16,63.3 1 0
github.com/kotopesp/sos-kotopes/internal/service/auth/auth.go:65.2,66.16 2 1
github.com/kotopesp/sos-kotopes/internal/service/auth/auth.go:66.16,68.3 1 0
github.com/kotopesp/sos-kotopes/internal/service/auth/auth.go:70.2,70.20 1 1
github.com/kotopesp/sos-kotopes/internal/service/auth/auth.go:74.74,76.16 2 1
github.com/kotopesp/sos-kotopes/internal/service/auth/auth.go:76.16,78.3 1 0
github.com/kotopesp/sos-kotopes/internal/service/auth/auth.go:80.2,82.58 2 1
github.com/kotopesp/sos-kotopes/internal/service/auth/auth.go:82.58,83.48 1 1
github.com/kotopesp/sos-kotopes/internal/service/auth/auth.go:83.48,85.4 1 1
github.com/kotopesp/sos-kotopes/internal/service/auth/auth.go:86.3,86.13 1 0
github.com/kotopesp/sos-kotopes/internal/service/auth/auth.go:89.2,89.12 1 1
github.com/kotopesp/sos-kotopes/internal/service/auth/auth.go:93.113,95.16 2 0
github.com/kotopesp/sos-kotopes/internal/service/auth/auth.go:95.16,97.3 1 0
github.com/kotopesp/sos-kotopes/internal/service/auth/auth.go:99.2,100.16 2 0
github.com/kotopesp/sos-kotopes/internal/service/auth/auth.go:100.16,102.3 1 0
github.com/kotopesp/sos-kotopes/internal/service/auth/auth.go:104.2,104.39 1 0
github.com/kotopesp/sos-kotopes/internal/service/auth/auth.go:108.115,113.16 3 0
github.com/kotopesp/sos-kotopes/internal/service/auth/auth.go:113.16,114.41 1 0
github.com/kotopesp/sos-kotopes/internal/service/auth/auth.go:114.41,119.18 2 0
github.com/kotopesp/sos-kotopes/internal/service/auth/auth.go:119.18,121.5 1 0
github.com/kotopesp/sos-kotopes/internal/service/auth/auth.go:122.9,124.4 1 0
github.com/kotopesp/sos-kotopes/internal/service/auth/auth.go:125.8,127.3 1 0
github.com/kotopesp/sos-kotopes/internal/service/auth/auth.go:129.2,133.16 3 0
github.com/kotopesp/sos-kotopes/internal/service/auth/auth.go:133.16,135.3 1 0
github.com/kotopesp/sos-kotopes/internal/service/auth/auth.go:137.2,140.4 1 0
github.com/kotopesp/sos-kotopes/internal/service/auth/auth.go:144.130,146.16 2 0
github.com/kotopesp/sos-kotopes/internal/service/auth/auth.go:146.16,148.3 1 0
github.com/kotopesp/sos-kotopes/internal/service/auth/auth.go:150.2,152.16 3 0
github.com/kotopesp/sos-kotopes/internal/service/auth/auth.go:152.16,154.3 1 0
github.com/kotopesp/sos-kotopes/internal/service/auth/auth.go:155.2,155.20 1 0
github.com/kotopesp/sos-kotopes/internal/service/auth/auth.go:159.89,161.16 2 1
github.com/kotopesp/sos-kotopes/internal/service/auth/auth.go:161.16,163.3 1 1
github.com/kotopesp/sos-kotopes/internal/service/auth/auth.go:165.2,166.16 2 1
github.com/kotopesp/sos-kotopes/internal/service/auth/auth.go:166.16,168.3 1 0
github.com/kotopesp/sos-kotopes/internal/service/auth/auth.go:170.2,170.25 1 1
github.com/kotopesp/sos-kotopes/internal/service/auth/auth_vk.go:16.45,25.2 2 0
github.com/kotopesp/sos-kotopes/internal/service/auth/auth_vk.go:28.65,30.16 2 0
github.com/kotopesp/sos-kotopes/internal/service/auth/auth_vk.go:30.16,32.3 1 0
github.com/kotopesp/sos-kotopes/internal/service/auth/auth_vk.go:34.2,48.16 7 0
github.com/kotopesp/sos-kotopes/internal/service/auth/auth_vk.go:48.16,50.3 1 0
github.com/kotopesp/sos-kotopes/internal/service/auth/auth_vk.go:52.2,55.16 3 0
github.com/kotopesp/sos-kotopes/internal/service/auth/auth_vk.go:55.16,57.3 1 0
github.com/kotopesp/sos-kotopes/internal/service/auth/auth_vk.go:59.2,66.16 3 0
github.com/kotopesp/sos-kotopes/internal/service/auth/auth_vk.go:66.16,68.3 1 0
github.com/kotopesp/sos-kotopes/internal/service/auth/auth_vk.go:68.8,68.38 1 0
github.com/kotopesp/sos-kotopes/internal/service/auth/auth_vk.go:68.38,70.3 1 0
github.com/kotopesp/sos-kotopes/internal/service/auth/auth_vk.go:72.2,72.41 1 0
github.com/kotopesp/sos-kotopes/internal/service/auth/jwt_generators.go:13.81,25.16 5 1
github.com/kotopesp/sos-kotopes/internal/service/auth/jwt_generators.go:25.16,27.3 1 0
github.com/kotopesp/sos-kotopes/internal/service/auth/jwt_generators.go:29.2,29.17 1 1
github.com/kotopesp/sos-kotopes/internal/service/auth/jwt_generators.go:33.65,44.16 5 1
github.com/kotopesp/sos-kotopes/internal/service/auth/jwt_generators.go:44.16,46.3 1 0
github.com/kotopesp/sos-kotopes/internal/service/auth/jwt_generators.go:48.2,48.17 1 1
github.com/kotopesp/sos-kotopes/pkg/logger/logger.go:38.24,41.42 2 1
github.com/kotopesp/sos-kotopes/pkg/logger/logger.go:42.18,43.25 1 0
github.com/kotopesp/sos-kotopes/pkg/logger/logger.go:44.17,45.24 1 0
github.com/kotopesp/sos-kotopes/pkg/logger/logger.go:46.17,47.24 1 0
github.com/kotopesp/sos-kotopes/pkg/logger/logger.go:48.18,49.25 1 0
github.com/kotopesp/sos-kotopes/pkg/logger/logger.go:50.10,51.24 1 1
github.com/kotopesp/sos-kotopes/pkg/logger/logger.go:54.2,63.25 4 1
github.com/kotopesp/sos-kotopes/pkg/logger/logger.go:66.83,68.2 1 1
github.com/kotopesp/sos-kotopes/pkg/logger/logger.go:70.82,72.2 1 0
github.com/kotopesp/sos-kotopes/pkg/logger/logger.go:74.82,76.2 1 0
github.com/kotopesp/sos-kotopes/pkg/logger/logger.go:78.83,80.2 1 0
github.com/kotopesp/sos-kotopes/pkg/logger/logger.go:82.83,86.2 2 0
github.com/kotopesp/sos-kotopes/pkg/logger/logger.go:88.64,90.24 2 1
github.com/kotopesp/sos-kotopes/pkg/logger/logger.go:90.24,92.3 1 1
github.com/kotopesp/sos-kotopes/pkg/logger/logger.go:94.2,98.16 2 1
github.com/kotopesp/sos-kotopes/pkg/logger/logger.go:101.75,104.15 2 0
github.com/kotopesp/sos-kotopes/pkg/logger/logger.go:105.25,106.24 1 0
github.com/kotopesp/sos-kotopes/pkg/logger/logger.go:107.24,108.24 1 0
github.com/kotopesp/sos-kotopes/pkg/logger/logger.go:109.23,110.23 1 0
github.com/kotopesp/sos-kotopes/pkg/logger/logger.go:111.23,112.23 1 0
github.com/kotopesp/sos-kotopes/pkg/logger/logger.go:115.2,116.12 2 0
github.com/kotopesp/sos-kotopes/pkg/logger/logger.go:119.118,128.16 4 0
github.com/kotopesp/sos-kotopes/pkg/logger/logger.go:128.16,130.3 1 0
github.com/kotopesp/sos-kotopes/pkg/logger/logger.go:132.2,132.15 1 0
github.com/kotopesp/sos-kotopes/pkg/logger/logger.go:138.19,139.16 1 1
github.com/kotopesp/sos-kotopes/pkg/logger/logger.go:139.16,141.3 1 1
github.com/kotopesp/sos-kotopes/pkg/logger/logger.go:142.2,142.12 1 1
